[0.011s] Invoking command in '/root/workspace/build/drone': CMAKE_PREFIX_PATH=${CMAKE_PREFIX_PATH}:/opt/ros/foxy /usr/bin/cmake --build /root/workspace/build/drone -- -j20 -l20
[0.039s] [35m[1mScanning dependencies of target node[0m
[0.061s] [ 50%] [32mBuilding CXX object CMakeFiles/node.dir/src/offb_node.cpp.o[0m
[1.035s] In file included from [01m[K/root/workspace/src/drone/src/offb_node.cpp:9[m[K:
[1.035s] [01m[K/root/workspace/src/drone/src/mqtt.cpp:[m[K In member function ‘[01m[Kvirtual void callback::on_failure(const mqtt::token&)[m[K’:
[1.035s] [01m[K/root/workspace/src/drone/src/mqtt.cpp:89:37:[m[K [01;35m[Kwarning: [m[Kunused parameter ‘[01m[Ktok[m[K’ [[01;35m[K-Wunused-parameter[m[K]
[1.036s]    89 | ure([01;35m[Kconst mqtt::token& tok[m[K) override {
[1.036s]       |     [01;35m[K~~~~~~~~~~~~~~~~~~~^~~[m[K
[1.036s] 
[1.036s] [01m[K/root/workspace/src/drone/src/mqtt.cpp:[m[K In member function ‘[01m[Kvirtual void callback::on_success(const mqtt::token&)[m[K’:
[1.036s] [01m[K/root/workspace/src/drone/src/mqtt.cpp:98:37:[m[K [01;35m[Kwarning: [m[Kunused parameter ‘[01m[Ktok[m[K’ [[01;35m[K-Wunused-parameter[m[K]
[1.036s]    98 | ss([01;35m[Kconst mqtt::token& tok[m[K) override {}
[1.036s]       |    [01;35m[K~~~~~~~~~~~~~~~~~~~^~~[m[K
[1.036s] 
[1.036s] [01m[K/root/workspace/src/drone/src/mqtt.cpp:[m[K In member function ‘[01m[Kvirtual void callback::connected(const string&)[m[K’:
[1.036s] [01m[K/root/workspace/src/drone/src/mqtt.cpp:101:36:[m[K [01;35m[Kwarning: [m[Kunused parameter ‘[01m[Kcause[m[K’ [[01;35m[K-Wunused-parameter[m[K]
[1.036s]   101 | d([01;35m[Kconst std::string& cause[m[K) override {
[1.036s]       |   [01;35m[K~~~~~~~~~~~~~~~~~~~^~~~~[m[K
[1.036s] 
[1.037s] [01m[K/root/workspace/src/drone/src/mqtt.cpp:[m[K In member function ‘[01m[Kvirtual void callback::delivery_complete(mqtt::delivery_token_ptr)[m[K’:
[1.037s] [01m[K/root/workspace/src/drone/src/mqtt.cpp:131:50:[m[K [01;35m[Kwarning: [m[Kunused parameter ‘[01m[Ktoken[m[K’ [[01;35m[K-Wunused-parameter[m[K]
[1.037s]   131 | [01;35m[K:delivery_token_ptr token[m[K) override {}
[1.037s]       | [01;35m[K~~~~~~~~~~~~~~~~~~~~^~~~~[m[K
[1.037s] 
[1.060s] [01m[K/root/workspace/src/drone/src/offb_node.cpp:[m[K In constructor ‘[01m[KOffboardControl::OffboardControl()[m[K’:
[1.060s] [01m[K/root/workspace/src/drone/src/offb_node.cpp:26:110:[m[K [01;31m[Kerror: [m[Kinvalid use of non-static member function ‘[01m[Kvoid OffboardControl::odometry_cb(px4_msgs::msg::VehicleOdometry_<std::allocator<void> >::SharedPtr)[m[K’
[1.060s]    26 | _odometry",10,[01;31m[Kthis->odometry_cb[m[K); //TODO: QUE COÑO HACE ESTO????
[1.060s]       |               [01;31m[K~~~~~~^~~~~~~~~~~[m[K
[1.060s] 
[1.060s] [01m[K/root/workspace/src/drone/src/offb_node.cpp:59:10:[m[K [01;36m[Knote: [m[Kdeclared here
[1.060s]    59 |     void [01;36m[Kodometry_cb[m[K(const VehicleOdometry::SharedPtr msg){}
[1.060s]       |          [01;36m[K^~~~~~~~~~~[m[K
[1.185s] [01m[K/root/workspace/src/drone/src/offb_node.cpp:[m[K In member function ‘[01m[Kvoid OffboardControl::odometry_cb(px4_msgs::msg::VehicleOdometry_<std::allocator<void> >::SharedPtr)[m[K’:
[1.185s] [01m[K/root/workspace/src/drone/src/offb_node.cpp:59:55:[m[K [01;35m[Kwarning: [m[Kunused parameter ‘[01m[Kmsg[m[K’ [[01;35m[K-Wunused-parameter[m[K]
[1.185s]    59 | [01;35m[KOdometry::SharedPtr msg[m[K){}
[1.185s]       | [01;35m[K~~~~~~~~~~~~~~~~~~~~^~~[m[K
[1.185s] 
[2.092s] make[2]: *** [CMakeFiles/node.dir/build.make:63: CMakeFiles/node.dir/src/offb_node.cpp.o] Error 1
[2.092s] make[1]: *** [CMakeFiles/Makefile2:78: CMakeFiles/node.dir/all] Error 2
[2.092s] make: *** [Makefile:141: all] Error 2
[2.094s] Invoked command in '/root/workspace/build/drone' returned '2': CMAKE_PREFIX_PATH=${CMAKE_PREFIX_PATH}:/opt/ros/foxy /usr/bin/cmake --build /root/workspace/build/drone -- -j20 -l20
