[0.011s] Invoking command in '/root/workspace/build/drone': CMAKE_PREFIX_PATH=${CMAKE_PREFIX_PATH}:/opt/ros/foxy /usr/bin/cmake --build /root/workspace/build/drone -- -j20 -l20
[0.034s] [35m[1mScanning dependencies of target node[0m
[0.050s] [ 50%] [32mBuilding CXX object CMakeFiles/node.dir/src/offb_node.cpp.o[0m
[1.066s] In file included from [01m[K/root/workspace/src/drone/src/offb_node.cpp:10[m[K:
[1.066s] [01m[K/root/workspace/src/drone/src/mqtt.cpp:[m[K In member function ‘[01m[Kvirtual void callback::on_failure(const mqtt::token&)[m[K’:
[1.067s] [01m[K/root/workspace/src/drone/src/mqtt.cpp:89:37:[m[K [01;35m[Kwarning: [m[Kunused parameter ‘[01m[Ktok[m[K’ [[01;35m[K-Wunused-parameter[m[K]
[1.067s]    89 |  void on_failure([01;35m[Kconst mqtt::token& tok[m[K) override {
[1.067s]       |                  [01;35m[K~~~~~~~~~~~~~~~~~~~^~~[m[K
[1.067s] [01m[K/root/workspace/src/drone/src/mqtt.cpp:[m[K In member function ‘[01m[Kvirtual void callback::on_success(const mqtt::token&)[m[K’:
[1.067s] [01m[K/root/workspace/src/drone/src/mqtt.cpp:98:37:[m[K [01;35m[Kwarning: [m[Kunused parameter ‘[01m[Ktok[m[K’ [[01;35m[K-Wunused-parameter[m[K]
[1.067s]    98 |  void on_success([01;35m[Kconst mqtt::token& tok[m[K) override {}
[1.067s]       |                  [01;35m[K~~~~~~~~~~~~~~~~~~~^~~[m[K
[1.067s] [01m[K/root/workspace/src/drone/src/mqtt.cpp:[m[K In member function ‘[01m[Kvirtual void callback::connected(const string&)[m[K’:
[1.067s] [01m[K/root/workspace/src/drone/src/mqtt.cpp:101:36:[m[K [01;35m[Kwarning: [m[Kunused parameter ‘[01m[Kcause[m[K’ [[01;35m[K-Wunused-parameter[m[K]
[1.067s]   101 |  void connected([01;35m[Kconst std::string& cause[m[K) override {
[1.067s]       |                 [01;35m[K~~~~~~~~~~~~~~~~~~~^~~~~[m[K
[1.068s] [01m[K/root/workspace/src/drone/src/mqtt.cpp:[m[K In member function ‘[01m[Kvirtual void callback::delivery_complete(mqtt::delivery_token_ptr)[m[K’:
[1.068s] [01m[K/root/workspace/src/drone/src/mqtt.cpp:131:50:[m[K [01;35m[Kwarning: [m[Kunused parameter ‘[01m[Ktoken[m[K’ [[01;35m[K-Wunused-parameter[m[K]
[1.068s]   131 |  void delivery_complete([01;35m[Kmqtt::delivery_token_ptr token[m[K) override {}
[1.068s]       |                         [01;35m[K~~~~~~~~~~~~~~~~~~~~~~~~~^~~~~[m[K
[1.068s] [01m[K/root/workspace/src/drone/src/offb_node.cpp:[m[K At global scope:
[1.069s] [01m[K/root/workspace/src/drone/src/offb_node.cpp:15:34:[m[K [01;31m[Kerror: [m[Kexpected identifier before numeric constant
[1.069s]    15 | std::array<float,3> drone_pos = [[01;31m[K0[m[K,0,0];
[1.069s]       |                                  [01;31m[K^[m[K
[1.069s] [01m[K/root/workspace/src/drone/src/offb_node.cpp:15:35:[m[K [01;31m[Kerror: [m[Kexpected ‘[01m[K][m[K’ before ‘[01m[K,[m[K’ token
[1.069s]    15 | std::array<float,3> drone_pos = [0[01;31m[K,[m[K0,0];
[1.069s]       |                                   [01;31m[K^[m[K
[1.069s]       |                                   [32m[K][m[K
[1.069s] [01m[K/root/workspace/src/drone/src/offb_node.cpp:[m[K In lambda function:
[1.069s] [01m[K/root/workspace/src/drone/src/offb_node.cpp:15:35:[m[K [01;31m[Kerror: [m[Kexpected ‘[01m[K{[m[K’ before ‘[01m[K,[m[K’ token
[1.069s] [01m[K/root/workspace/src/drone/src/offb_node.cpp:[m[K At global scope:
[1.069s] [01m[K/root/workspace/src/drone/src/offb_node.cpp:15:35:[m[K [01;31m[Kerror: [m[Kconversion from ‘[01m[K<lambda()>[m[K’ to non-scalar type ‘[01m[Kstd::array<float, 3>[m[K’ requested
[1.069s] [01m[K/root/workspace/src/drone/src/offb_node.cpp:15:36:[m[K [01;31m[Kerror: [m[Kexpected unqualified-id before numeric constant
[1.069s]    15 | std::array<float,3> drone_pos = [0,[01;31m[K0[m[K,0];
[1.069s]       |                                    [01;31m[K^[m[K
[1.093s] [01m[K/root/workspace/src/drone/src/offb_node.cpp:[m[K In lambda function:
[1.093s] [01m[K/root/workspace/src/drone/src/offb_node.cpp:41:22:[m[K [01;31m[Kerror: [m[Kno match for ‘[01m[Koperator<<[m[K’ (operand types are ‘[01m[Kstd::ostream[m[K’ {aka ‘[01m[Kstd::basic_ostream<char>[m[K’} and ‘[01m[Kstd::array<float, 3>[m[K’)
[1.093s]    41 |             [32m[Kstd::cout[m[K[01;31m[K<<[m[K[34m[Kdrone_pos[m[K<<std::endl;
[1.093s]       |             [32m[K~~~~~~~~~[m[K[01;31m[K^~[m[K[34m[K~~~~~~~~~[m[K
[1.093s]       |                  [32m[K|[m[K     [34m[K|[m[K
[1.093s]       |                  [32m[K|[m[K     [34m[Kstd::array<float, 3>[m[K
[1.093s]       |                  [32m[Kstd::ostream {aka std::basic_ostream<char>}[m[K
[1.093s] In file included from [01m[K/usr/include/c++/9/iostream:39[m[K,
[1.093s]                  from [01m[K/opt/ros/foxy/include/rclcpp/executor.hpp:22[m[K,
[1.093s]                  from [01m[K/opt/ros/foxy/include/rclcpp/executors/multi_threaded_executor.hpp:26[m[K,
[1.093s]                  from [01m[K/opt/ros/foxy/include/rclcpp/executors.hpp:21[m[K,
[1.093s]                  from [01m[K/opt/ros/foxy/include/rclcpp/rclcpp.hpp:146[m[K,
[1.093s]                  from [01m[K/root/workspace/src/drone/src/offb_node.cpp:2[m[K:
[1.093s] [01m[K/usr/include/c++/9/ostream:108:7:[m[K [01;36m[Knote: [m[Kcandidate: ‘[01m[Kstd::basic_ostream<_CharT, _Traits>::__ostream_type& std::basic_ostream<_CharT, _Traits>::operator<<(std::basic_ostream<_CharT, _Traits>::__ostream_type& (*)(std::basic_ostream<_CharT, _Traits>::__ostream_type&)) [with _CharT = char; _Traits = std::char_traits<char>; std::basic_ostream<_CharT, _Traits>::__ostream_type = std::basic_ostream<char>][m[K’
[1.093s]   108 |       [01;36m[Koperator[m[K<<(__ostream_type& (*__pf)(__ostream_type&))
[1.093s]       |       [01;36m[K^~~~~~~~[m[K
[1.093s] [01m[K/usr/include/c++/9/ostream:108:36:[m[K [01;36m[Knote: [m[K  no known conversion for argument 1 from ‘[01m[Kstd::array<float, 3>[m[K’ to ‘[01m[Kstd::basic_ostream<char>::__ostream_type& (*)(std::basic_ostream<char>::__ostream_type&)[m[K’ {aka ‘[01m[Kstd::basic_ostream<char>& (*)(std::basic_ostream<char>&)[m[K’}
[1.093s]   108 |       operator<<([01;36m[K__ostream_type& (*__pf)(__ostream_type&)[m[K)
[1.094s]       |                  [01;36m[K~~~~~~~~~~~~~~~~~~^~~~~~~~~~~~~~~~~~~~~~[m[K
[1.094s] [01m[K/usr/include/c++/9/ostream:117:7:[m[K [01;36m[Knote: [m[Kcandidate: ‘[01m[Kstd::basic_ostream<_CharT, _Traits>::__ostream_type& std::basic_ostream<_CharT, _Traits>::operator<<(std::basic_ostream<_CharT, _Traits>::__ios_type& (*)(std::basic_ostream<_CharT, _Traits>::__ios_type&)) [with _CharT = char; _Traits = std::char_traits<char>; std::basic_ostream<_CharT, _Traits>::__ostream_type = std::basic_ostream<char>; std::basic_ostream<_CharT, _Traits>::__ios_type = std::basic_ios<char>][m[K’
[1.094s]   117 |       [01;36m[Koperator[m[K<<(__ios_type& (*__pf)(__ios_type&))
[1.094s]       |       [01;36m[K^~~~~~~~[m[K
[1.094s] [01m[K/usr/include/c++/9/ostream:117:32:[m[K [01;36m[Knote: [m[K  no known conversion for argument 1 from ‘[01m[Kstd::array<float, 3>[m[K’ to ‘[01m[Kstd::basic_ostream<char>::__ios_type& (*)(std::basic_ostream<char>::__ios_type&)[m[K’ {aka ‘[01m[Kstd::basic_ios<char>& (*)(std::basic_ios<char>&)[m[K’}
[1.094s]   117 |       operator<<([01;36m[K__ios_type& (*__pf)(__ios_type&)[m[K)
[1.094s]       |                  [01;36m[K~~~~~~~~~~~~~~^~~~~~~~~~~~~~~~~~[m[K
[1.094s] [01m[K/usr/include/c++/9/ostream:127:7:[m[K [01;36m[Knote: [m[Kcandidate: ‘[01m[Kstd::basic_ostream<_CharT, _Traits>::__ostream_type& std::basic_ostream<_CharT, _Traits>::operator<<(std::ios_base& (*)(std::ios_base&)) [with _CharT = char; _Traits = std::char_traits<char>; std::basic_ostream<_CharT, _Traits>::__ostream_type = std::basic_ostream<char>][m[K’
[1.094s]   127 |       [01;36m[Koperator[m[K<<(ios_base& (*__pf) (ios_base&))
[1.094s]       |       [01;36m[K^~~~~~~~[m[K
[1.094s] [01m[K/usr/include/c++/9/ostream:127:30:[m[K [01;36m[Knote: [m[K  no known conversion for argument 1 from ‘[01m[Kstd::array<float, 3>[m[K’ to ‘[01m[Kstd::ios_base& (*)(std::ios_base&)[m[K’
[1.094s]   127 |       operator<<([01;36m[Kios_base& (*__pf) (ios_base&)[m[K)
[1.094s]       |                  [01;36m[K~~~~~~~~~~~~^~~~~~~~~~~~~~~~~[m[K
[1.094s] [01m[K/usr/include/c++/9/ostream:166:7:[m[K [01;36m[Knote: [m[Kcandidate: ‘[01m[Kstd::basic_ostream<_CharT, _Traits>::__ostream_type& std::basic_ostream<_CharT, _Traits>::operator<<(long int) [with _CharT = char; _Traits = std::char_traits<char>; std::basic_ostream<_CharT, _Traits>::__ostream_type = std::basic_ostream<char>][m[K’
[1.094s]   166 |       [01;36m[Koperator[m[K<<(long __n)
[1.094s]       |       [01;36m[K^~~~~~~~[m[K
[1.094s] [01m[K/usr/include/c++/9/ostream:166:23:[m[K [01;36m[Knote: [m[K  no known conversion for argument 1 from ‘[01m[Kstd::array<float, 3>[m[K’ to ‘[01m[Klong int[m[K’
[1.094s]   166 |       operator<<([01;36m[Klong __n[m[K)
[1.094s]       |                  [01;36m[K~~~~~^~~[m[K
[1.094s] [01m[K/usr/include/c++/9/ostream:170:7:[m[K [01;36m[Knote: [m[Kcandidate: ‘[01m[Kstd::basic_ostream<_CharT, _Traits>::__ostream_type& std::basic_ostream<_CharT, _Traits>::operator<<(long unsigned int) [with _CharT = char; _Traits = std::char_traits<char>; std::basic_ostream<_CharT, _Traits>::__ostream_type = std::basic_ostream<char>][m[K’
[1.094s]   170 |       [01;36m[Koperator[m[K<<(unsigned long __n)
[1.094s]       |       [01;36m[K^~~~~~~~[m[K
[1.094s] [01m[K/usr/include/c++/9/ostream:170:32:[m[K [01;36m[Knote: [m[K  no known conversion for argument 1 from ‘[01m[Kstd::array<float, 3>[m[K’ to ‘[01m[Klong unsigned int[m[K’
[1.094s]   170 |       operator<<([01;36m[Kunsigned long __n[m[K)
[1.095s]       |                  [01;36m[K~~~~~~~~~~~~~~^~~[m[K
[1.095s] [01m[K/usr/include/c++/9/ostream:174:7:[m[K [01;36m[Knote: [m[Kcandidate: ‘[01m[Kstd::basic_ostream<_CharT, _Traits>::__ostream_type& std::basic_ostream<_CharT, _Traits>::operator<<(bool) [with _CharT = char; _Traits = std::char_traits<char>; std::basic_ostream<_CharT, _Traits>::__ostream_type = std::basic_ostream<char>][m[K’
[1.095s]   174 |       [01;36m[Koperator[m[K<<(bool __n)
[1.095s]       |       [01;36m[K^~~~~~~~[m[K
[1.095s] [01m[K/usr/include/c++/9/ostream:174:23:[m[K [01;36m[Knote: [m[K  no known conversion for argument 1 from ‘[01m[Kstd::array<float, 3>[m[K’ to ‘[01m[Kbool[m[K’
[1.095s]   174 |       operator<<([01;36m[Kbool __n[m[K)
[1.095s]       |                  [01;36m[K~~~~~^~~[m[K
[1.095s] In file included from [01m[K/usr/include/c++/9/ostream:702[m[K,
[1.095s]                  from [01m[K/usr/include/c++/9/iostream:39[m[K,
[1.095s]                  from [01m[K/opt/ros/foxy/include/rclcpp/executor.hpp:22[m[K,
[1.095s]                  from [01m[K/opt/ros/foxy/include/rclcpp/executors/multi_threaded_executor.hpp:26[m[K,
[1.095s]                  from [01m[K/opt/ros/foxy/include/rclcpp/executors.hpp:21[m[K,
[1.095s]                  from [01m[K/opt/ros/foxy/include/rclcpp/rclcpp.hpp:146[m[K,
[1.095s]                  from [01m[K/root/workspace/src/drone/src/offb_node.cpp:2[m[K:
[1.095s] [01m[K/usr/include/c++/9/bits/ostream.tcc:91:5:[m[K [01;36m[Knote: [m[Kcandidate: ‘[01m[Kstd::basic_ostream<_CharT, _Traits>& std::basic_ostream<_CharT, _Traits>::operator<<(short int) [with _CharT = char; _Traits = std::char_traits<char>][m[K’
[1.095s]    91 |     [01;36m[Kbasic_ostream<_CharT, _Traits>[m[K::
[1.095s]       |     [01;36m[K^~~~~~~~~~~~~~~~~~~~~~~~~~~~~~[m[K
[1.095s] [01m[K/usr/include/c++/9/bits/ostream.tcc:92:22:[m[K [01;36m[Knote: [m[K  no known conversion for argument 1 from ‘[01m[Kstd::array<float, 3>[m[K’ to ‘[01m[Kshort int[m[K’
[1.095s]    92 |     operator<<([01;36m[Kshort __n[m[K)
[1.095s]       |                [01;36m[K~~~~~~^~~[m[K
[1.095s] In file included from [01m[K/usr/include/c++/9/iostream:39[m[K,
[1.095s]                  from [01m[K/opt/ros/foxy/include/rclcpp/executor.hpp:22[m[K,
[1.095s]                  from [01m[K/opt/ros/foxy/include/rclcpp/executors/multi_threaded_executor.hpp:26[m[K,
[1.095s]                  from [01m[K/opt/ros/foxy/include/rclcpp/executors.hpp:21[m[K,
[1.095s]                  from [01m[K/opt/ros/foxy/include/rclcpp/rclcpp.hpp:146[m[K,
[1.096s]                  from [01m[K/root/workspace/src/drone/src/offb_node.cpp:2[m[K:
[1.096s] [01m[K/usr/include/c++/9/ostream:181:7:[m[K [01;36m[Knote: [m[Kcandidate: ‘[01m[Kstd::basic_ostream<_CharT, _Traits>::__ostream_type& std::basic_ostream<_CharT, _Traits>::operator<<(short unsigned int) [with _CharT = char; _Traits = std::char_traits<char>; std::basic_ostream<_CharT, _Traits>::__ostream_type = std::basic_ostream<char>][m[K’
[1.096s]   181 |       [01;36m[Koperator[m[K<<(unsigned short __n)
[1.096s]       |       [01;36m[K^~~~~~~~[m[K
[1.096s] [01m[K/usr/include/c++/9/ostream:181:33:[m[K [01;36m[Knote: [m[K  no known conversion for argument 1 from ‘[01m[Kstd::array<float, 3>[m[K’ to ‘[01m[Kshort unsigned int[m[K’
[1.096s]   181 |       operator<<([01;36m[Kunsigned short __n[m[K)
[1.096s]       |                  [01;36m[K~~~~~~~~~~~~~~~^~~[m[K
[1.096s] In file included from [01m[K/usr/include/c++/9/ostream:702[m[K,
[1.096s]                  from [01m[K/usr/include/c++/9/iostream:39[m[K,
[1.096s]                  from [01m[K/opt/ros/foxy/include/rclcpp/executor.hpp:22[m[K,
[1.096s]                  from [01m[K/opt/ros/foxy/include/rclcpp/executors/multi_threaded_executor.hpp:26[m[K,
[1.096s]                  from [01m[K/opt/ros/foxy/include/rclcpp/executors.hpp:21[m[K,
[1.096s]                  from [01m[K/opt/ros/foxy/include/rclcpp/rclcpp.hpp:146[m[K,
[1.096s]                  from [01m[K/root/workspace/src/drone/src/offb_node.cpp:2[m[K:
[1.096s] [01m[K/usr/include/c++/9/bits/ostream.tcc:105:5:[m[K [01;36m[Knote: [m[Kcandidate: ‘[01m[Kstd::basic_ostream<_CharT, _Traits>& std::basic_ostream<_CharT, _Traits>::operator<<(int) [with _CharT = char; _Traits = std::char_traits<char>][m[K’
[1.096s]   105 |     [01;36m[Kbasic_ostream<_CharT, _Traits>[m[K::
[1.096s]       |     [01;36m[K^~~~~~~~~~~~~~~~~~~~~~~~~~~~~~[m[K
[1.096s] [01m[K/usr/include/c++/9/bits/ostream.tcc:106:20:[m[K [01;36m[Knote: [m[K  no known conversion for argument 1 from ‘[01m[Kstd::array<float, 3>[m[K’ to ‘[01m[Kint[m[K’
[1.096s]   106 |     operator<<([01;36m[Kint __n[m[K)
[1.096s]       |                [01;36m[K~~~~^~~[m[K
[1.096s] In file included from [01m[K/usr/include/c++/9/iostream:39[m[K,
[1.096s]                  from [01m[K/opt/ros/foxy/include/rclcpp/executor.hpp:22[m[K,
[1.096s]                  from [01m[K/opt/ros/foxy/include/rclcpp/executors/multi_threaded_executor.hpp:26[m[K,
[1.096s]                  from [01m[K/opt/ros/foxy/include/rclcpp/executors.hpp:21[m[K,
[1.096s]                  from [01m[K/opt/ros/foxy/include/rclcpp/rclcpp.hpp:146[m[K,
[1.097s]                  from [01m[K/root/workspace/src/drone/src/offb_node.cpp:2[m[K:
[1.097s] [01m[K/usr/include/c++/9/ostream:192:7:[m[K [01;36m[Knote: [m[Kcandidate: ‘[01m[Kstd::basic_ostream<_CharT, _Traits>::__ostream_type& std::basic_ostream<_CharT, _Traits>::operator<<(unsigned int) [with _CharT = char; _Traits = std::char_traits<char>; std::basic_ostream<_CharT, _Traits>::__ostream_type = std::basic_ostream<char>][m[K’
[1.097s]   192 |       [01;36m[Koperator[m[K<<(unsigned int __n)
[1.097s]       |       [01;36m[K^~~~~~~~[m[K
[1.097s] [01m[K/usr/include/c++/9/ostream:192:31:[m[K [01;36m[Knote: [m[K  no known conversion for argument 1 from ‘[01m[Kstd::array<float, 3>[m[K’ to ‘[01m[Kunsigned int[m[K’
[1.097s]   192 |       operator<<([01;36m[Kunsigned int __n[m[K)
[1.097s]       |                  [01;36m[K~~~~~~~~~~~~~^~~[m[K
[1.097s] [01m[K/usr/include/c++/9/ostream:201:7:[m[K [01;36m[Knote: [m[Kcandidate: ‘[01m[Kstd::basic_ostream<_CharT, _Traits>::__ostream_type& std::basic_ostream<_CharT, _Traits>::operator<<(long long int) [with _CharT = char; _Traits = std::char_traits<char>; std::basic_ostream<_CharT, _Traits>::__ostream_type = std::basic_ostream<char>][m[K’
[1.097s]   201 |       [01;36m[Koperator[m[K<<(long long __n)
[1.097s]       |       [01;36m[K^~~~~~~~[m[K
[1.097s] [01m[K/usr/include/c++/9/ostream:201:28:[m[K [01;36m[Knote: [m[K  no known conversion for argument 1 from ‘[01m[Kstd::array<float, 3>[m[K’ to ‘[01m[Klong long int[m[K’
[1.097s]   201 |       operator<<([01;36m[Klong long __n[m[K)
[1.097s]       |                  [01;36m[K~~~~~~~~~~^~~[m[K
[1.097s] [01m[K/usr/include/c++/9/ostream:205:7:[m[K [01;36m[Knote: [m[Kcandidate: ‘[01m[Kstd::basic_ostream<_CharT, _Traits>::__ostream_type& std::basic_ostream<_CharT, _Traits>::operator<<(long long unsigned int) [with _CharT = char; _Traits = std::char_traits<char>; std::basic_ostream<_CharT, _Traits>::__ostream_type = std::basic_ostream<char>][m[K’
[1.097s]   205 |       [01;36m[Koperator[m[K<<(unsigned long long __n)
[1.097s]       |       [01;36m[K^~~~~~~~[m[K
[1.098s] [01m[K/usr/include/c++/9/ostream:205:37:[m[K [01;36m[Knote: [m[K  no known conversion for argument 1 from ‘[01m[Kstd::array<float, 3>[m[K’ to ‘[01m[Klong long unsigned int[m[K’
[1.098s]   205 |       operator<<([01;36m[Kunsigned long long __n[m[K)
[1.098s]       |                  [01;36m[K~~~~~~~~~~~~~~~~~~~^~~[m[K
[1.098s] [01m[K/usr/include/c++/9/ostream:220:7:[m[K [01;36m[Knote: [m[Kcandidate: ‘[01m[Kstd::basic_ostream<_CharT, _Traits>::__ostream_type& std::basic_ostream<_CharT, _Traits>::operator<<(double) [with _CharT = char; _Traits = std::char_traits<char>; std::basic_ostream<_CharT, _Traits>::__ostream_type = std::basic_ostream<char>][m[K’
[1.098s]   220 |       [01;36m[Koperator[m[K<<(double __f)
[1.098s]       |       [01;36m[K^~~~~~~~[m[K
[1.098s] [01m[K/usr/include/c++/9/ostream:220:25:[m[K [01;36m[Knote: [m[K  no known conversion for argument 1 from ‘[01m[Kstd::array<float, 3>[m[K’ to ‘[01m[Kdouble[m[K’
[1.098s]   220 |       operator<<([01;36m[Kdouble __f[m[K)
[1.098s]       |                  [01;36m[K~~~~~~~^~~[m[K
[1.099s] [01m[K/usr/include/c++/9/ostream:224:7:[m[K [01;36m[Knote: [m[Kcandidate: ‘[01m[Kstd::basic_ostream<_CharT, _Traits>::__ostream_type& std::basic_ostream<_CharT, _Traits>::operator<<(float) [with _CharT = char; _Traits = std::char_traits<char>; std::basic_ostream<_CharT, _Traits>::__ostream_type = std::basic_ostream<char>][m[K’
[1.099s]   224 |       [01;36m[Koperator[m[K<<(float __f)
[1.099s]       |       [01;36m[K^~~~~~~~[m[K
[1.099s] [01m[K/usr/include/c++/9/ostream:224:24:[m[K [01;36m[Knote: [m[K  no known conversion for argument 1 from ‘[01m[Kstd::array<float, 3>[m[K’ to ‘[01m[Kfloat[m[K’
[1.099s]   224 |       operator<<([01;36m[Kfloat __f[m[K)
[1.099s]       |                  [01;36m[K~~~~~~^~~[m[K
[1.099s] [01m[K/usr/include/c++/9/ostream:232:7:[m[K [01;36m[Knote: [m[Kcandidate: ‘[01m[Kstd::basic_ostream<_CharT, _Traits>::__ostream_type& std::basic_ostream<_CharT, _Traits>::operator<<(long double) [with _CharT = char; _Traits = std::char_traits<char>; std::basic_ostream<_CharT, _Traits>::__ostream_type = std::basic_ostream<char>][m[K’
[1.099s]   232 |       [01;36m[Koperator[m[K<<(long double __f)
[1.099s]       |       [01;36m[K^~~~~~~~[m[K
[1.099s] [01m[K/usr/include/c++/9/ostream:232:30:[m[K [01;36m[Knote: [m[K  no known conversion for argument 1 from ‘[01m[Kstd::array<float, 3>[m[K’ to ‘[01m[Klong double[m[K’
[1.099s]   232 |       operator<<([01;36m[Klong double __f[m[K)
[1.099s]       |                  [01;36m[K~~~~~~~~~~~~^~~[m[K
[1.099s] [01m[K/usr/include/c++/9/ostream:245:7:[m[K [01;36m[Knote: [m[Kcandidate: ‘[01m[Kstd::basic_ostream<_CharT, _Traits>::__ostream_type& std::basic_ostream<_CharT, _Traits>::operator<<(const void*) [with _CharT = char; _Traits = std::char_traits<char>; std::basic_ostream<_CharT, _Traits>::__ostream_type = std::basic_ostream<char>][m[K’
[1.099s]   245 |       [01;36m[Koperator[m[K<<(const void* __p)
[1.099s]       |       [01;36m[K^~~~~~~~[m[K
[1.099s] [01m[K/usr/include/c++/9/ostream:245:30:[m[K [01;36m[Knote: [m[K  no known conversion for argument 1 from ‘[01m[Kstd::array<float, 3>[m[K’ to ‘[01m[Kconst void*[m[K’
[1.099s]   245 |       operator<<([01;36m[Kconst void* __p[m[K)
[1.099s]       |                  [01;36m[K~~~~~~~~~~~~^~~[m[K
[1.099s] In file included from [01m[K/usr/include/c++/9/ostream:702[m[K,
[1.099s]                  from [01m[K/usr/include/c++/9/iostream:39[m[K,
[1.099s]                  from [01m[K/opt/ros/foxy/include/rclcpp/executor.hpp:22[m[K,
[1.099s]                  from [01m[K/opt/ros/foxy/include/rclcpp/executors/multi_threaded_executor.hpp:26[m[K,
[1.099s]                  from [01m[K/opt/ros/foxy/include/rclcpp/executors.hpp:21[m[K,
[1.099s]                  from [01m[K/opt/ros/foxy/include/rclcpp/rclcpp.hpp:146[m[K,
[1.099s]                  from [01m[K/root/workspace/src/drone/src/offb_node.cpp:2[m[K:
[1.099s] [01m[K/usr/include/c++/9/bits/ostream.tcc:119:5:[m[K [01;36m[Knote: [m[Kcandidate: ‘[01m[Kstd::basic_ostream<_CharT, _Traits>& std::basic_ostream<_CharT, _Traits>::operator<<(std::basic_ostream<_CharT, _Traits>::__streambuf_type*) [with _CharT = char; _Traits = std::char_traits<char>; std::basic_ostream<_CharT, _Traits>::__streambuf_type = std::basic_streambuf<char>][m[K’
[1.099s]   119 |     [01;36m[Kbasic_ostream<_CharT, _Traits>[m[K::
[1.100s]       |     [01;36m[K^~~~~~~~~~~~~~~~~~~~~~~~~~~~~~[m[K
[1.100s] [01m[K/usr/include/c++/9/bits/ostream.tcc:120:34:[m[K [01;36m[Knote: [m[K  no known conversion for argument 1 from ‘[01m[Kstd::array<float, 3>[m[K’ to ‘[01m[Kstd::basic_ostream<char>::__streambuf_type*[m[K’ {aka ‘[01m[Kstd::basic_streambuf<char>*[m[K’}
[1.100s]   120 |     operator<<([01;36m[K__streambuf_type* __sbin[m[K)
[1.100s]       |                [01;36m[K~~~~~~~~~~~~~~~~~~^~~~~~[m[K
[1.100s] In file included from [01m[K/usr/include/c++/9/string:55[m[K,
[1.100s]                  from [01m[K/usr/include/c++/9/stdexcept:39[m[K,
[1.100s]                  from [01m[K/usr/include/c++/9/array:39[m[K,
[1.100s]                  from [01m[K/usr/include/c++/9/tuple:39[m[K,
[1.100s]                  from [01m[K/usr/include/c++/9/bits/unique_ptr.h:37[m[K,
[1.100s]                  from [01m[K/usr/include/c++/9/memory:80[m[K,
[1.100s]                  from [01m[K/opt/ros/foxy/include/rclcpp/rclcpp.hpp:144[m[K,
[1.100s]                  from [01m[K/root/workspace/src/drone/src/offb_node.cpp:2[m[K:
[1.100s] [01m[K/usr/include/c++/9/bits/basic_string.h:6419:5:[m[K [01;36m[Knote: [m[Kcandidate: ‘[01m[Ktemplate<class _CharT, class _Traits, class _Alloc> std::basic_ostream<_CharT, _Traits>& std::operator<<(std::basic_ostream<_CharT, _Traits>&, const std::__cxx11::basic_string<_CharT, _Traits, _Alloc>&)[m[K’
[1.100s]  6419 |     [01;36m[Koperator[m[K<<(basic_ostream<_CharT, _Traits>& __os,
[1.100s]       |     [01;36m[K^~~~~~~~[m[K
[1.100s] [01m[K/usr/include/c++/9/bits/basic_string.h:6419:5:[m[K [01;36m[Knote: [m[K  template argument deduction/substitution failed:
[1.100s] [01m[K/root/workspace/src/drone/src/offb_node.cpp:41:24:[m[K [01;36m[Knote: [m[K  ‘[01m[Kstd::array<float, 3>[m[K’ is not derived from ‘[01m[Kconst std::__cxx11::basic_string<_CharT, _Traits, _Alloc>[m[K’
[1.100s]    41 |             std::cout<<[01;36m[Kdrone_pos[m[K<<std::endl;
[1.100s]       |                        [01;36m[K^~~~~~~~~[m[K
[1.100s] In file included from [01m[K/usr/include/c++/9/memory:81[m[K,
[1.100s]                  from [01m[K/opt/ros/foxy/include/rclcpp/rclcpp.hpp:144[m[K,
[1.100s]                  from [01m[K/root/workspace/src/drone/src/offb_node.cpp:2[m[K:
[1.100s] [01m[K/usr/include/c++/9/bits/shared_ptr.h:66:5:[m[K [01;36m[Knote: [m[Kcandidate: ‘[01m[Ktemplate<class _Ch, class _Tr, class _Tp, __gnu_cxx::_Lock_policy _Lp> std::basic_ostream<_CharT, _Traits>& std::operator<<(std::basic_ostream<_CharT, _Traits>&, const std::__shared_ptr<_Tp, _Lp>&)[m[K’
[1.100s]    66 |     [01;36m[Koperator[m[K<<(std::basic_ostream<_Ch, _Tr>& __os,
[1.100s]       |     [01;36m[K^~~~~~~~[m[K
[1.101s] [01m[K/usr/include/c++/9/bits/shared_ptr.h:66:5:[m[K [01;36m[Knote: [m[K  template argument deduction/substitution failed:
[1.101s] [01m[K/root/workspace/src/drone/src/offb_node.cpp:41:24:[m[K [01;36m[Knote: [m[K  ‘[01m[Kstd::array<float, 3>[m[K’ is not derived from ‘[01m[Kconst std::__shared_ptr<_Tp, _Lp>[m[K’
[1.101s]    41 |             std::cout<<[01;36m[Kdrone_pos[m[K<<std::endl;
[1.101s]       |                        [01;36m[K^~~~~~~~~[m[K
[1.101s] In file included from [01m[K/usr/include/c++/9/mutex:42[m[K,
[1.101s]                  from [01m[K/usr/include/c++/9/future:38[m[K,
[1.101s]                  from [01m[K/opt/ros/foxy/include/rclcpp/executors.hpp:18[m[K,
[1.101s]                  from [01m[K/opt/ros/foxy/include/rclcpp/rclcpp.hpp:146[m[K,
[1.101s]                  from [01m[K/root/workspace/src/drone/src/offb_node.cpp:2[m[K:
[1.101s] [01m[K/usr/include/c++/9/system_error:217:5:[m[K [01;36m[Knote: [m[Kcandidate: ‘[01m[Ktemplate<class _CharT, class _Traits> std::basic_ostream<_CharT, _Traits>& std::operator<<(std::basic_ostream<_CharT, _Traits>&, const std::error_code&)[m[K’
[1.101s]   217 |     [01;36m[Koperator[m[K<<(basic_ostream<_CharT, _Traits>& __os, const error_code& __e)
[1.101s]       |     [01;36m[K^~~~~~~~[m[K
[1.101s] [01m[K/usr/include/c++/9/system_error:217:5:[m[K [01;36m[Knote: [m[K  template argument deduction/substitution failed:
[1.101s] [01m[K/root/workspace/src/drone/src/offb_node.cpp:41:24:[m[K [01;36m[Knote: [m[K  cannot convert ‘[01m[Kdrone_pos[m[K’ (type ‘[01m[Kstd::array<float, 3>[m[K’) to type ‘[01m[Kconst std::error_code&[m[K’
[1.101s]    41 |             std::cout<<[01;36m[Kdrone_pos[m[K<<std::endl;
[1.101s]       |                        [01;36m[K^~~~~~~~~[m[K
[1.101s] In file included from [01m[K/usr/include/c++/9/future:39[m[K,
[1.101s]                  from [01m[K/opt/ros/foxy/include/rclcpp/executors.hpp:18[m[K,
[1.101s]                  from [01m[K/opt/ros/foxy/include/rclcpp/rclcpp.hpp:146[m[K,
[1.101s]                  from [01m[K/root/workspace/src/drone/src/offb_node.cpp:2[m[K:
[1.101s] [01m[K/usr/include/c++/9/thread:322:5:[m[K [01;36m[Knote: [m[Kcandidate: ‘[01m[Ktemplate<class _CharT, class _Traits> std::basic_ostream<_CharT, _Traits>& std::operator<<(std::basic_ostream<_CharT, _Traits>&, std::thread::id)[m[K’
[1.101s]   322 |     [01;36m[Koperator[m[K<<(basic_ostream<_CharT, _Traits>& __out, thread::id __id)
[1.101s]       |     [01;36m[K^~~~~~~~[m[K
[1.101s] [01m[K/usr/include/c++/9/thread:322:5:[m[K [01;36m[Knote: [m[K  template argument deduction/substitution failed:
[1.101s] [01m[K/root/workspace/src/drone/src/offb_node.cpp:41:24:[m[K [01;36m[Knote: [m[K  cannot convert ‘[01m[Kdrone_pos[m[K’ (type ‘[01m[Kstd::array<float, 3>[m[K’) to type ‘[01m[Kstd::thread::id[m[K’
[1.101s]    41 |             std::cout<<[01;36m[Kdrone_pos[m[K<<std::endl;
[1.101s]       |                        [01;36m[K^~~~~~~~~[m[K
[1.102s] In file included from [01m[K/usr/include/c++/9/iostream:39[m[K,
[1.102s]                  from [01m[K/opt/ros/foxy/include/rclcpp/executor.hpp:22[m[K,
[1.102s]                  from [01m[K/opt/ros/foxy/include/rclcpp/executors/multi_threaded_executor.hpp:26[m[K,
[1.102s]                  from [01m[K/opt/ros/foxy/include/rclcpp/executors.hpp:21[m[K,
[1.102s]                  from [01m[K/opt/ros/foxy/include/rclcpp/rclcpp.hpp:146[m[K,
[1.102s]                  from [01m[K/root/workspace/src/drone/src/offb_node.cpp:2[m[K:
[1.102s] [01m[K/usr/include/c++/9/ostream:506:5:[m[K [01;36m[Knote: [m[Kcandidate: ‘[01m[Ktemplate<class _CharT, class _Traits> std::basic_ostream<_CharT, _Traits>& std::operator<<(std::basic_ostream<_CharT, _Traits>&, _CharT)[m[K’
[1.102s]   506 |     [01;36m[Koperator[m[K<<(basic_ostream<_CharT, _Traits>& __out, _CharT __c)
[1.102s]       |     [01;36m[K^~~~~~~~[m[K
[1.102s] [01m[K/usr/include/c++/9/ostream:506:5:[m[K [01;36m[Knote: [m[K  template argument deduction/substitution failed:
[1.102s] [01m[K/root/workspace/src/drone/src/offb_node.cpp:41:24:[m[K [01;36m[Knote: [m[K  deduced conflicting types for parameter ‘[01m[K_CharT[m[K’ (‘[01m[Kchar[m[K’ and ‘[01m[Kstd::array<float, 3>[m[K’)
[1.102s]    41 |             std::cout<<[01;36m[Kdrone_pos[m[K<<std::endl;
[1.102s]       |                        [01;36m[K^~~~~~~~~[m[K
[1.102s] In file included from [01m[K/usr/include/c++/9/iostream:39[m[K,
[1.102s]                  from [01m[K/opt/ros/foxy/include/rclcpp/executor.hpp:22[m[K,
[1.102s]                  from [01m[K/opt/ros/foxy/include/rclcpp/executors/multi_threaded_executor.hpp:26[m[K,
[1.102s]                  from [01m[K/opt/ros/foxy/include/rclcpp/executors.hpp:21[m[K,
[1.102s]                  from [01m[K/opt/ros/foxy/include/rclcpp/rclcpp.hpp:146[m[K,
[1.102s]                  from [01m[K/root/workspace/src/drone/src/offb_node.cpp:2[m[K:
[1.102s] [01m[K/usr/include/c++/9/ostream:511:5:[m[K [01;36m[Knote: [m[Kcandidate: ‘[01m[Ktemplate<class _CharT, class _Traits> std::basic_ostream<_CharT, _Traits>& std::operator<<(std::basic_ostream<_CharT, _Traits>&, char)[m[K’
[1.102s]   511 |     [01;36m[Koperator[m[K<<(basic_ostream<_CharT, _Traits>& __out, char __c)
[1.102s]       |     [01;36m[K^~~~~~~~[m[K
[1.102s] [01m[K/usr/include/c++/9/ostream:511:5:[m[K [01;36m[Knote: [m[K  template argument deduction/substitution failed:
[1.103s] [01m[K/root/workspace/src/drone/src/offb_node.cpp:41:24:[m[K [01;36m[Knote: [m[K  cannot convert ‘[01m[Kdrone_pos[m[K’ (type ‘[01m[Kstd::array<float, 3>[m[K’) to type ‘[01m[Kchar[m[K’
[1.103s]    41 |             std::cout<<[01;36m[Kdrone_pos[m[K<<std::endl;
[1.103s]       |                        [01;36m[K^~~~~~~~~[m[K
[1.103s] In file included from [01m[K/usr/include/c++/9/iostream:39[m[K,
[1.103s]                  from [01m[K/opt/ros/foxy/include/rclcpp/executor.hpp:22[m[K,
[1.103s]                  from [01m[K/opt/ros/foxy/include/rclcpp/executors/multi_threaded_executor.hpp:26[m[K,
[1.103s]                  from [01m[K/opt/ros/foxy/include/rclcpp/executors.hpp:21[m[K,
[1.103s]                  from [01m[K/opt/ros/foxy/include/rclcpp/rclcpp.hpp:146[m[K,
[1.103s]                  from [01m[K/root/workspace/src/drone/src/offb_node.cpp:2[m[K:
[1.103s] [01m[K/usr/include/c++/9/ostream:517:5:[m[K [01;36m[Knote: [m[Kcandidate: ‘[01m[Ktemplate<class _Traits> std::basic_ostream<char, _Traits>& std::operator<<(std::basic_ostream<char, _Traits>&, char)[m[K’
[1.103s]   517 |     [01;36m[Koperator[m[K<<(basic_ostream<char, _Traits>& __out, char __c)
[1.103s]       |     [01;36m[K^~~~~~~~[m[K
[1.103s] [01m[K/usr/include/c++/9/ostream:517:5:[m[K [01;36m[Knote: [m[K  template argument deduction/substitution failed:
[1.103s] [01m[K/root/workspace/src/drone/src/offb_node.cpp:41:24:[m[K [01;36m[Knote: [m[K  cannot convert ‘[01m[Kdrone_pos[m[K’ (type ‘[01m[Kstd::array<float, 3>[m[K’) to type ‘[01m[Kchar[m[K’
[1.103s]    41 |             std::cout<<[01;36m[Kdrone_pos[m[K<<std::endl;
[1.103s]       |                        [01;36m[K^~~~~~~~~[m[K
[1.103s] In file included from [01m[K/usr/include/c++/9/iostream:39[m[K,
[1.103s]                  from [01m[K/opt/ros/foxy/include/rclcpp/executor.hpp:22[m[K,
[1.103s]                  from [01m[K/opt/ros/foxy/include/rclcpp/executors/multi_threaded_executor.hpp:26[m[K,
[1.103s]                  from [01m[K/opt/ros/foxy/include/rclcpp/executors.hpp:21[m[K,
[1.103s]                  from [01m[K/opt/ros/foxy/include/rclcpp/rclcpp.hpp:146[m[K,
[1.103s]                  from [01m[K/root/workspace/src/drone/src/offb_node.cpp:2[m[K:
[1.103s] [01m[K/usr/include/c++/9/ostream:523:5:[m[K [01;36m[Knote: [m[Kcandidate: ‘[01m[Ktemplate<class _Traits> std::basic_ostream<char, _Traits>& std::operator<<(std::basic_ostream<char, _Traits>&, signed char)[m[K’
[1.103s]   523 |     [01;36m[Koperator[m[K<<(basic_ostream<char, _Traits>& __out, signed char __c)
[1.103s]       |     [01;36m[K^~~~~~~~[m[K
[1.103s] [01m[K/usr/include/c++/9/ostream:523:5:[m[K [01;36m[Knote: [m[K  template argument deduction/substitution failed:
[1.103s] [01m[K/root/workspace/src/drone/src/offb_node.cpp:41:24:[m[K [01;36m[Knote: [m[K  cannot convert ‘[01m[Kdrone_pos[m[K’ (type ‘[01m[Kstd::array<float, 3>[m[K’) to type ‘[01m[Ksigned char[m[K’
[1.104s]    41 |             std::cout<<[01;36m[Kdrone_pos[m[K<<std::endl;
[1.104s]       |                        [01;36m[K^~~~~~~~~[m[K
[1.104s] In file included from [01m[K/usr/include/c++/9/iostream:39[m[K,
[1.104s]                  from [01m[K/opt/ros/foxy/include/rclcpp/executor.hpp:22[m[K,
[1.104s]                  from [01m[K/opt/ros/foxy/include/rclcpp/executors/multi_threaded_executor.hpp:26[m[K,
[1.104s]                  from [01m[K/opt/ros/foxy/include/rclcpp/executors.hpp:21[m[K,
[1.104s]                  from [01m[K/opt/ros/foxy/include/rclcpp/rclcpp.hpp:146[m[K,
[1.104s]                  from [01m[K/root/workspace/src/drone/src/offb_node.cpp:2[m[K:
[1.104s] [01m[K/usr/include/c++/9/ostream:528:5:[m[K [01;36m[Knote: [m[Kcandidate: ‘[01m[Ktemplate<class _Traits> std::basic_ostream<char, _Traits>& std::operator<<(std::basic_ostream<char, _Traits>&, unsigned char)[m[K’
[1.104s]   528 |     [01;36m[Koperator[m[K<<(basic_ostream<char, _Traits>& __out, unsigned char __c)
[1.104s]       |     [01;36m[K^~~~~~~~[m[K
[1.104s] [01m[K/usr/include/c++/9/ostream:528:5:[m[K [01;36m[Knote: [m[K  template argument deduction/substitution failed:
[1.104s] [01m[K/root/workspace/src/drone/src/offb_node.cpp:41:24:[m[K [01;36m[Knote: [m[K  cannot convert ‘[01m[Kdrone_pos[m[K’ (type ‘[01m[Kstd::array<float, 3>[m[K’) to type ‘[01m[Kunsigned char[m[K’
[1.104s]    41 |             std::cout<<[01;36m[Kdrone_pos[m[K<<std::endl;
[1.104s]       |                        [01;36m[K^~~~~~~~~[m[K
[1.104s] In file included from [01m[K/usr/include/c++/9/iostream:39[m[K,
[1.104s]                  from [01m[K/opt/ros/foxy/include/rclcpp/executor.hpp:22[m[K,
[1.104s]                  from [01m[K/opt/ros/foxy/include/rclcpp/executors/multi_threaded_executor.hpp:26[m[K,
[1.104s]                  from [01m[K/opt/ros/foxy/include/rclcpp/executors.hpp:21[m[K,
[1.104s]                  from [01m[K/opt/ros/foxy/include/rclcpp/rclcpp.hpp:146[m[K,
[1.104s]                  from [01m[K/root/workspace/src/drone/src/offb_node.cpp:2[m[K:
[1.104s] [01m[K/usr/include/c++/9/ostream:548:5:[m[K [01;36m[Knote: [m[Kcandidate: ‘[01m[Ktemplate<class _CharT, class _Traits> std::basic_ostream<_CharT, _Traits>& std::operator<<(std::basic_ostream<_CharT, _Traits>&, const _CharT*)[m[K’
[1.104s]   548 |     [01;36m[Koperator[m[K<<(basic_ostream<_CharT, _Traits>& __out, const _CharT* __s)
[1.104s]       |     [01;36m[K^~~~~~~~[m[K
[1.104s] [01m[K/usr/include/c++/9/ostream:548:5:[m[K [01;36m[Knote: [m[K  template argument deduction/substitution failed:
[1.104s] [01m[K/root/workspace/src/drone/src/offb_node.cpp:41:24:[m[K [01;36m[Knote: [m[K  mismatched types ‘[01m[Kconst _CharT*[m[K’ and ‘[01m[Kstd::array<float, 3>[m[K’
[1.104s]    41 |             std::cout<<[01;36m[Kdrone_pos[m[K<<std::endl;
[1.105s]       |                        [01;36m[K^~~~~~~~~[m[K
[1.105s] In file included from [01m[K/usr/include/c++/9/ostream:702[m[K,
[1.105s]                  from [01m[K/usr/include/c++/9/iostream:39[m[K,
[1.105s]                  from [01m[K/opt/ros/foxy/include/rclcpp/executor.hpp:22[m[K,
[1.105s]                  from [01m[K/opt/ros/foxy/include/rclcpp/executors/multi_threaded_executor.hpp:26[m[K,
[1.105s]                  from [01m[K/opt/ros/foxy/include/rclcpp/executors.hpp:21[m[K,
[1.105s]                  from [01m[K/opt/ros/foxy/include/rclcpp/rclcpp.hpp:146[m[K,
[1.105s]                  from [01m[K/root/workspace/src/drone/src/offb_node.cpp:2[m[K:
[1.105s] [01m[K/usr/include/c++/9/bits/ostream.tcc:321:5:[m[K [01;36m[Knote: [m[Kcandidate: ‘[01m[Ktemplate<class _CharT, class _Traits> std::basic_ostream<_CharT, _Traits>& std::operator<<(std::basic_ostream<_CharT, _Traits>&, const char*)[m[K’
[1.105s]   321 |     [01;36m[Koperator[m[K<<(basic_ostream<_CharT, _Traits>& __out, const char* __s)
[1.105s]       |     [01;36m[K^~~~~~~~[m[K
[1.105s] [01m[K/usr/include/c++/9/bits/ostream.tcc:321:5:[m[K [01;36m[Knote: [m[K  template argument deduction/substitution failed:
[1.105s] [01m[K/root/workspace/src/drone/src/offb_node.cpp:41:24:[m[K [01;36m[Knote: [m[K  cannot convert ‘[01m[Kdrone_pos[m[K’ (type ‘[01m[Kstd::array<float, 3>[m[K’) to type ‘[01m[Kconst char*[m[K’
[1.105s]    41 |             std::cout<<[01;36m[Kdrone_pos[m[K<<std::endl;
[1.105s]       |                        [01;36m[K^~~~~~~~~[m[K
[1.105s] In file included from [01m[K/usr/include/c++/9/iostream:39[m[K,
[1.105s]                  from [01m[K/opt/ros/foxy/include/rclcpp/executor.hpp:22[m[K,
[1.105s]                  from [01m[K/opt/ros/foxy/include/rclcpp/executors/multi_threaded_executor.hpp:26[m[K,
[1.105s]                  from [01m[K/opt/ros/foxy/include/rclcpp/executors.hpp:21[m[K,
[1.105s]                  from [01m[K/opt/ros/foxy/include/rclcpp/rclcpp.hpp:146[m[K,
[1.105s]                  from [01m[K/root/workspace/src/drone/src/offb_node.cpp:2[m[K:
[1.105s] [01m[K/usr/include/c++/9/ostream:565:5:[m[K [01;36m[Knote: [m[Kcandidate: ‘[01m[Ktemplate<class _Traits> std::basic_ostream<char, _Traits>& std::operator<<(std::basic_ostream<char, _Traits>&, const char*)[m[K’
[1.105s]   565 |     [01;36m[Koperator[m[K<<(basic_ostream<char, _Traits>& __out, const char* __s)
[1.105s]       |     [01;36m[K^~~~~~~~[m[K
[1.105s] [01m[K/usr/include/c++/9/ostream:565:5:[m[K [01;36m[Knote: [m[K  template argument deduction/substitution failed:
[1.105s] [01m[K/root/workspace/src/drone/src/offb_node.cpp:41:24:[m[K [01;36m[Knote: [m[K  cannot convert ‘[01m[Kdrone_pos[m[K’ (type ‘[01m[Kstd::array<float, 3>[m[K’) to type ‘[01m[Kconst char*[m[K’
[1.106s]    41 |             std::cout<<[01;36m[Kdrone_pos[m[K<<std::endl;
[1.106s]       |                        [01;36m[K^~~~~~~~~[m[K
[1.106s] In file included from [01m[K/usr/include/c++/9/iostream:39[m[K,
[1.106s]                  from [01m[K/opt/ros/foxy/include/rclcpp/executor.hpp:22[m[K,
[1.106s]                  from [01m[K/opt/ros/foxy/include/rclcpp/executors/multi_threaded_executor.hpp:26[m[K,
[1.106s]                  from [01m[K/opt/ros/foxy/include/rclcpp/executors.hpp:21[m[K,
[1.106s]                  from [01m[K/opt/ros/foxy/include/rclcpp/rclcpp.hpp:146[m[K,
[1.106s]                  from [01m[K/root/workspace/src/drone/src/offb_node.cpp:2[m[K:
[1.106s] [01m[K/usr/include/c++/9/ostream:578:5:[m[K [01;36m[Knote: [m[Kcandidate: ‘[01m[Ktemplate<class _Traits> std::basic_ostream<char, _Traits>& std::operator<<(std::basic_ostream<char, _Traits>&, const signed char*)[m[K’
[1.106s]   578 |     [01;36m[Koperator[m[K<<(basic_ostream<char, _Traits>& __out, const signed char* __s)
[1.106s]       |     [01;36m[K^~~~~~~~[m[K
[1.106s] [01m[K/usr/include/c++/9/ostream:578:5:[m[K [01;36m[Knote: [m[K  template argument deduction/substitution failed:
[1.106s] [01m[K/root/workspace/src/drone/src/offb_node.cpp:41:24:[m[K [01;36m[Knote: [m[K  cannot convert ‘[01m[Kdrone_pos[m[K’ (type ‘[01m[Kstd::array<float, 3>[m[K’) to type ‘[01m[Kconst signed char*[m[K’
[1.106s]    41 |             std::cout<<[01;36m[Kdrone_pos[m[K<<std::endl;
[1.106s]       |                        [01;36m[K^~~~~~~~~[m[K
[1.106s] In file included from [01m[K/usr/include/c++/9/iostream:39[m[K,
[1.106s]                  from [01m[K/opt/ros/foxy/include/rclcpp/executor.hpp:22[m[K,
[1.106s]                  from [01m[K/opt/ros/foxy/include/rclcpp/executors/multi_threaded_executor.hpp:26[m[K,
[1.106s]                  from [01m[K/opt/ros/foxy/include/rclcpp/executors.hpp:21[m[K,
[1.106s]                  from [01m[K/opt/ros/foxy/include/rclcpp/rclcpp.hpp:146[m[K,
[1.106s]                  from [01m[K/root/workspace/src/drone/src/offb_node.cpp:2[m[K:
[1.106s] [01m[K/usr/include/c++/9/ostream:583:5:[m[K [01;36m[Knote: [m[Kcandidate: ‘[01m[Ktemplate<class _Traits> std::basic_ostream<char, _Traits>& std::operator<<(std::basic_ostream<char, _Traits>&, const unsigned char*)[m[K’
[1.106s]   583 |     [01;36m[Koperator[m[K<<(basic_ostream<char, _Traits>& __out, const unsigned char* __s)
[1.106s]       |     [01;36m[K^~~~~~~~[m[K
[1.106s] [01m[K/usr/include/c++/9/ostream:583:5:[m[K [01;36m[Knote: [m[K  template argument deduction/substitution failed:
[1.106s] [01m[K/root/workspace/src/drone/src/offb_node.cpp:41:24:[m[K [01;36m[Knote: [m[K  cannot convert ‘[01m[Kdrone_pos[m[K’ (type ‘[01m[Kstd::array<float, 3>[m[K’) to type ‘[01m[Kconst unsigned char*[m[K’
[1.106s]    41 |             std::cout<<[01;36m[Kdrone_pos[m[K<<std::endl;
[1.107s]       |                        [01;36m[K^~~~~~~~~[m[K
[1.107s] In file included from [01m[K/usr/include/c++/9/iostream:39[m[K,
[1.107s]                  from [01m[K/opt/ros/foxy/include/rclcpp/executor.hpp:22[m[K,
[1.107s]                  from [01m[K/opt/ros/foxy/include/rclcpp/executors/multi_threaded_executor.hpp:26[m[K,
[1.107s]                  from [01m[K/opt/ros/foxy/include/rclcpp/executors.hpp:21[m[K,
[1.107s]                  from [01m[K/opt/ros/foxy/include/rclcpp/rclcpp.hpp:146[m[K,
[1.107s]                  from [01m[K/root/workspace/src/drone/src/offb_node.cpp:2[m[K:
[1.107s] [01m[K/usr/include/c++/9/ostream:691:5:[m[K [01;36m[Knote: [m[Kcandidate: ‘[01m[Ktemplate<class _Ostream, class _Tp> typename std::enable_if<std::__and_<std::__not_<std::is_lvalue_reference<_Tp> >, std::__is_convertible_to_basic_ostream<_Ostream>, std::__is_insertable<typename std::__is_convertible_to_basic_ostream<_Tp>::__ostream_type, const _Tp&, void> >::value, typename std::__is_convertible_to_basic_ostream<_Tp>::__ostream_type>::type std::operator<<(_Ostream&&, const _Tp&)[m[K’
[1.107s]   691 |     [01;36m[Koperator[m[K<<(_Ostream&& __os, const _Tp& __x)
[1.107s]       |     [01;36m[K^~~~~~~~[m[K
[1.107s] [01m[K/usr/include/c++/9/ostream:691:5:[m[K [01;36m[Knote: [m[K  template argument deduction/substitution failed:
[1.107s] /usr/include/c++/9/ostream: In substitution of ‘[01m[Ktemplate<class _Ostream, class _Tp> typename std::enable_if<std::__and_<std::__not_<std::is_lvalue_reference<_Tp> >, std::__is_convertible_to_basic_ostream<_Ostream>, std::__is_insertable<typename std::__is_convertible_to_basic_ostream<_Tp>::__ostream_type, const _Tp&, void> >::value, typename std::__is_convertible_to_basic_ostream<_Tp>::__ostream_type>::type std::operator<<(_Ostream&&, const _Tp&) [with _Ostream = std::basic_ostream<char>&; _Tp = std::array<float, 3>][m[K’:
[1.107s] [01m[K/root/workspace/src/drone/src/offb_node.cpp:41:24:[m[K   required from here
[1.107s] [01m[K/usr/include/c++/9/ostream:691:5:[m[K [01;31m[Kerror: [m[Kno type named ‘[01m[Ktype[m[K’ in ‘[01m[Kstruct std::enable_if<false, std::basic_ostream<char>&>[m[K’
[1.107s] In file included from [01m[K/usr/include/c++/9/valarray:603[m[K,
[1.107s]                  from [01m[K/usr/include/nlohmann/detail/conversions/from_json.hpp:14[m[K,
[1.107s]                  from [01m[K/usr/include/nlohmann/adl_serializer.hpp:5[m[K,
[1.107s]                  from [01m[K/usr/include/nlohmann/json.hpp:51[m[K,
[1.107s]                  from [01m[K/root/workspace/src/drone/src/mqtt.cpp:12[m[K,
[1.107s]                  from [01m[K/root/workspace/src/drone/src/offb_node.cpp:10[m[K:
[1.107s] [01m[K/usr/include/c++/9/bits/valarray_after.h:413:5:[m[K [01;36m[Knote: [m[Kcandidate: ‘[01m[Ktemplate<class _Dom1, class _Dom2> std::_Expr<std::__detail::_BinClos<std::__shift_left, std::_Expr, std::_Expr, _Dom1, _Dom2>, typename std::__fun<std::__shift_left, typename _Dom1::value_type>::result_type> std::operator<<(const std::_Expr<_Dom1, typename _Dom1::value_type>&, const std::_Expr<_Dom2, typename _Dom2::value_type>&)[m[K’
[1.107s]   413 |     [01;36m[K_DEFINE_EXPR_BINARY_OPERATOR[m[K(<<, __shift_left)
[1.107s]       |     [01;36m[K^~~~~~~~~~~~~~~~~~~~~~~~~~~~[m[K
[1.107s] [01m[K/usr/include/c++/9/bits/valarray_after.h:413:5:[m[K [01;36m[Knote: [m[K  template argument deduction/substitution failed:
[1.107s] [01m[K/root/workspace/src/drone/src/offb_node.cpp:41:24:[m[K [01;36m[Knote: [m[K  ‘[01m[Kstd::ostream[m[K’ {aka ‘[01m[Kstd::basic_ostream<char>[m[K’} is not derived from ‘[01m[Kconst std::_Expr<_Dom1, typename _Dom1::value_type>[m[K’
[1.107s]    41 |             std::cout<<[01;36m[Kdrone_pos[m[K<<std::endl;
[1.108s]       |                        [01;36m[K^~~~~~~~~[m[K
[1.108s] In file included from [01m[K/usr/include/c++/9/valarray:603[m[K,
[1.108s]                  from [01m[K/usr/include/nlohmann/detail/conversions/from_json.hpp:14[m[K,
[1.108s]                  from [01m[K/usr/include/nlohmann/adl_serializer.hpp:5[m[K,
[1.108s]                  from [01m[K/usr/include/nlohmann/json.hpp:51[m[K,
[1.108s]                  from [01m[K/root/workspace/src/drone/src/mqtt.cpp:12[m[K,
[1.108s]                  from [01m[K/root/workspace/src/drone/src/offb_node.cpp:10[m[K:
[1.108s] [01m[K/usr/include/c++/9/bits/valarray_after.h:413:5:[m[K [01;36m[Knote: [m[Kcandidate: ‘[01m[Ktemplate<class _Dom> std::_Expr<std::__detail::_BinClos<std::__shift_left, std::_Expr, std::_Constant, _Dom, typename _Dom::value_type>, typename std::__fun<std::__shift_left, typename _Dom1::value_type>::result_type> std::operator<<(const std::_Expr<_Dom1, typename _Dom1::value_type>&, const typename _Dom::value_type&)[m[K’
[1.108s]   413 |     [01;36m[K_DEFINE_EXPR_BINARY_OPERATOR[m[K(<<, __shift_left)
[1.108s]       |     [01;36m[K^~~~~~~~~~~~~~~~~~~~~~~~~~~~[m[K
[1.108s] [01m[K/usr/include/c++/9/bits/valarray_after.h:413:5:[m[K [01;36m[Knote: [m[K  template argument deduction/substitution failed:
[1.108s] [01m[K/root/workspace/src/drone/src/offb_node.cpp:41:24:[m[K [01;36m[Knote: [m[K  ‘[01m[Kstd::ostream[m[K’ {aka ‘[01m[Kstd::basic_ostream<char>[m[K’} is not derived from ‘[01m[Kconst std::_Expr<_Dom1, typename _Dom1::value_type>[m[K’
[1.108s]    41 |             std::cout<<[01;36m[Kdrone_pos[m[K<<std::endl;
[1.108s]       |                        [01;36m[K^~~~~~~~~[m[K
[1.108s] In file included from [01m[K/usr/include/c++/9/valarray:603[m[K,
[1.108s]                  from [01m[K/usr/include/nlohmann/detail/conversions/from_json.hpp:14[m[K,
[1.108s]                  from [01m[K/usr/include/nlohmann/adl_serializer.hpp:5[m[K,
[1.108s]                  from [01m[K/usr/include/nlohmann/json.hpp:51[m[K,
[1.108s]                  from [01m[K/root/workspace/src/drone/src/mqtt.cpp:12[m[K,
[1.108s]                  from [01m[K/root/workspace/src/drone/src/offb_node.cpp:10[m[K:
[1.108s] [01m[K/usr/include/c++/9/bits/valarray_after.h:413:5:[m[K [01;36m[Knote: [m[Kcandidate: ‘[01m[Ktemplate<class _Dom> std::_Expr<std::__detail::_BinClos<std::__shift_left, std::_Constant, std::_Expr, typename _Dom::value_type, _Dom>, typename std::__fun<std::__shift_left, typename _Dom1::value_type>::result_type> std::operator<<(const typename _Dom::value_type&, const std::_Expr<_Dom1, typename _Dom1::value_type>&)[m[K’
[1.108s]   413 |     [01;36m[K_DEFINE_EXPR_BINARY_OPERATOR[m[K(<<, __shift_left)
[1.108s]       |     [01;36m[K^~~~~~~~~~~~~~~~~~~~~~~~~~~~[m[K
[1.108s] [01m[K/usr/include/c++/9/bits/valarray_after.h:413:5:[m[K [01;36m[Knote: [m[K  template argument deduction/substitution failed:
[1.108s] [01m[K/root/workspace/src/drone/src/offb_node.cpp:41:24:[m[K [01;36m[Knote: [m[K  ‘[01m[Kstd::array<float, 3>[m[K’ is not derived from ‘[01m[Kconst std::_Expr<_Dom1, typename _Dom1::value_type>[m[K’
[1.108s]    41 |             std::cout<<[01;36m[Kdrone_pos[m[K<<std::endl;
[1.108s]       |                        [01;36m[K^~~~~~~~~[m[K
[1.109s] In file included from [01m[K/usr/include/c++/9/valarray:603[m[K,
[1.109s]                  from [01m[K/usr/include/nlohmann/detail/conversions/from_json.hpp:14[m[K,
[1.109s]                  from [01m[K/usr/include/nlohmann/adl_serializer.hpp:5[m[K,
[1.109s]                  from [01m[K/usr/include/nlohmann/json.hpp:51[m[K,
[1.109s]                  from [01m[K/root/workspace/src/drone/src/mqtt.cpp:12[m[K,
[1.109s]                  from [01m[K/root/workspace/src/drone/src/offb_node.cpp:10[m[K:
[1.109s] [01m[K/usr/include/c++/9/bits/valarray_after.h:413:5:[m[K [01;36m[Knote: [m[Kcandidate: ‘[01m[Ktemplate<class _Dom> std::_Expr<std::__detail::_BinClos<std::__shift_left, std::_Expr, std::_ValArray, _Dom, typename _Dom::value_type>, typename std::__fun<std::__shift_left, typename _Dom1::value_type>::result_type> std::operator<<(const std::_Expr<_Dom1, typename _Dom1::value_type>&, const std::valarray<typename _Dom::value_type>&)[m[K’
[1.109s]   413 |     [01;36m[K_DEFINE_EXPR_BINARY_OPERATOR[m[K(<<, __shift_left)
[1.109s]       |     [01;36m[K^~~~~~~~~~~~~~~~~~~~~~~~~~~~[m[K
[1.109s] [01m[K/usr/include/c++/9/bits/valarray_after.h:413:5:[m[K [01;36m[Knote: [m[K  template argument deduction/substitution failed:
[1.109s] [01m[K/root/workspace/src/drone/src/offb_node.cpp:41:24:[m[K [01;36m[Knote: [m[K  ‘[01m[Kstd::ostream[m[K’ {aka ‘[01m[Kstd::basic_ostream<char>[m[K’} is not derived from ‘[01m[Kconst std::_Expr<_Dom1, typename _Dom1::value_type>[m[K’
[1.109s]    41 |             std::cout<<[01;36m[Kdrone_pos[m[K<<std::endl;
[1.109s]       |                        [01;36m[K^~~~~~~~~[m[K
[1.109s] In file included from [01m[K/usr/include/c++/9/valarray:603[m[K,
[1.109s]                  from [01m[K/usr/include/nlohmann/detail/conversions/from_json.hpp:14[m[K,
[1.109s]                  from [01m[K/usr/include/nlohmann/adl_serializer.hpp:5[m[K,
[1.109s]                  from [01m[K/usr/include/nlohmann/json.hpp:51[m[K,
[1.109s]                  from [01m[K/root/workspace/src/drone/src/mqtt.cpp:12[m[K,
[1.109s]                  from [01m[K/root/workspace/src/drone/src/offb_node.cpp:10[m[K:
[1.109s] [01m[K/usr/include/c++/9/bits/valarray_after.h:413:5:[m[K [01;36m[Knote: [m[Kcandidate: ‘[01m[Ktemplate<class _Dom> std::_Expr<std::__detail::_BinClos<std::__shift_left, std::_ValArray, std::_Expr, typename _Dom::value_type, _Dom>, typename std::__fun<std::__shift_left, typename _Dom1::value_type>::result_type> std::operator<<(const std::valarray<typename _Dom::value_type>&, const std::_Expr<_Dom1, typename _Dom1::value_type>&)[m[K’
[1.109s]   413 |     [01;36m[K_DEFINE_EXPR_BINARY_OPERATOR[m[K(<<, __shift_left)
[1.109s]       |     [01;36m[K^~~~~~~~~~~~~~~~~~~~~~~~~~~~[m[K
[1.110s] [01m[K/usr/include/c++/9/bits/valarray_after.h:413:5:[m[K [01;36m[Knote: [m[K  template argument deduction/substitution failed:
[1.110s] [01m[K/root/workspace/src/drone/src/offb_node.cpp:41:24:[m[K [01;36m[Knote: [m[K  ‘[01m[Kstd::array<float, 3>[m[K’ is not derived from ‘[01m[Kconst std::_Expr<_Dom1, typename _Dom1::value_type>[m[K’
[1.110s]    41 |             std::cout<<[01;36m[Kdrone_pos[m[K<<std::endl;
[1.110s]       |                        [01;36m[K^~~~~~~~~[m[K
[1.110s] In file included from [01m[K/usr/include/nlohmann/detail/conversions/from_json.hpp:14[m[K,
[1.110s]                  from [01m[K/usr/include/nlohmann/adl_serializer.hpp:5[m[K,
[1.110s]                  from [01m[K/usr/include/nlohmann/json.hpp:51[m[K,
[1.110s]                  from [01m[K/root/workspace/src/drone/src/mqtt.cpp:12[m[K,
[1.110s]                  from [01m[K/root/workspace/src/drone/src/offb_node.cpp:10[m[K:
[1.110s] [01m[K/usr/include/c++/9/valarray:1193:1:[m[K [01;36m[Knote: [m[Kcandidate: ‘[01m[Ktemplate<class _Tp> std::_Expr<std::__detail::_BinClos<std::__shift_left, std::_ValArray, std::_ValArray, _Tp, _Tp>, typename std::__fun<std::__shift_left, _Tp>::result_type> std::operator<<(const std::valarray<_Tp>&, const std::valarray<_Tp>&)[m[K’
[1.110s]  1193 | [01;36m[K_DEFINE_BINARY_OPERATOR[m[K(<<, __shift_left)
[1.110s]       | [01;36m[K^~~~~~~~~~~~~~~~~~~~~~~[m[K
[1.110s] [01m[K/usr/include/c++/9/valarray:1193:1:[m[K [01;36m[Knote: [m[K  template argument deduction/substitution failed:
[1.110s] [01m[K/root/workspace/src/drone/src/offb_node.cpp:41:24:[m[K [01;36m[Knote: [m[K  ‘[01m[Kstd::ostream[m[K’ {aka ‘[01m[Kstd::basic_ostream<char>[m[K’} is not derived from ‘[01m[Kconst std::valarray<_Tp>[m[K’
[1.110s]    41 |             std::cout<<[01;36m[Kdrone_pos[m[K<<std::endl;
[1.110s]       |                        [01;36m[K^~~~~~~~~[m[K
[1.110s] In file included from [01m[K/usr/include/nlohmann/detail/conversions/from_json.hpp:14[m[K,
[1.110s]                  from [01m[K/usr/include/nlohmann/adl_serializer.hpp:5[m[K,
[1.110s]                  from [01m[K/usr/include/nlohmann/json.hpp:51[m[K,
[1.110s]                  from [01m[K/root/workspace/src/drone/src/mqtt.cpp:12[m[K,
[1.110s]                  from [01m[K/root/workspace/src/drone/src/offb_node.cpp:10[m[K:
[1.110s] [01m[K/usr/include/c++/9/valarray:1193:1:[m[K [01;36m[Knote: [m[Kcandidate: ‘[01m[Ktemplate<class _Tp> std::_Expr<std::__detail::_BinClos<std::__shift_left, std::_ValArray, std::_Constant, _Tp, _Tp>, typename std::__fun<std::__shift_left, _Tp>::result_type> std::operator<<(const std::valarray<_Tp>&, const typename std::valarray<_Tp>::value_type&)[m[K’
[1.110s]  1193 | [01;36m[K_DEFINE_BINARY_OPERATOR[m[K(<<, __shift_left)
[1.111s]       | [01;36m[K^~~~~~~~~~~~~~~~~~~~~~~[m[K
[1.111s] [01m[K/usr/include/c++/9/valarray:1193:1:[m[K [01;36m[Knote: [m[K  template argument deduction/substitution failed:
[1.111s] [01m[K/root/workspace/src/drone/src/offb_node.cpp:41:24:[m[K [01;36m[Knote: [m[K  ‘[01m[Kstd::ostream[m[K’ {aka ‘[01m[Kstd::basic_ostream<char>[m[K’} is not derived from ‘[01m[Kconst std::valarray<_Tp>[m[K’
[1.111s]    41 |             std::cout<<[01;36m[Kdrone_pos[m[K<<std::endl;
[1.111s]       |                        [01;36m[K^~~~~~~~~[m[K
[1.111s] In file included from [01m[K/usr/include/nlohmann/detail/conversions/from_json.hpp:14[m[K,
[1.111s]                  from [01m[K/usr/include/nlohmann/adl_serializer.hpp:5[m[K,
[1.111s]                  from [01m[K/usr/include/nlohmann/json.hpp:51[m[K,
[1.111s]                  from [01m[K/root/workspace/src/drone/src/mqtt.cpp:12[m[K,
[1.111s]                  from [01m[K/root/workspace/src/drone/src/offb_node.cpp:10[m[K:
[1.111s] [01m[K/usr/include/c++/9/valarray:1193:1:[m[K [01;36m[Knote: [m[Kcandidate: ‘[01m[Ktemplate<class _Tp> std::_Expr<std::__detail::_BinClos<std::__shift_left, std::_Constant, std::_ValArray, _Tp, _Tp>, typename std::__fun<std::__shift_left, _Tp>::result_type> std::operator<<(const typename std::valarray<_Tp>::value_type&, const std::valarray<_Tp>&)[m[K’
[1.111s]  1193 | [01;36m[K_DEFINE_BINARY_OPERATOR[m[K(<<, __shift_left)
[1.111s]       | [01;36m[K^~~~~~~~~~~~~~~~~~~~~~~[m[K
[1.111s] [01m[K/usr/include/c++/9/valarray:1193:1:[m[K [01;36m[Knote: [m[K  template argument deduction/substitution failed:
[1.111s] [01m[K/root/workspace/src/drone/src/offb_node.cpp:41:24:[m[K [01;36m[Knote: [m[K  ‘[01m[Kstd::array<float, 3>[m[K’ is not derived from ‘[01m[Kconst std::valarray<_Tp>[m[K’
[1.111s]    41 |             std::cout<<[01;36m[Kdrone_pos[m[K<<std::endl;
[1.111s]       |                        [01;36m[K^~~~~~~~~[m[K
[2.816s] make[2]: *** [CMakeFiles/node.dir/build.make:63: CMakeFiles/node.dir/src/offb_node.cpp.o] Error 1
[2.816s] make[1]: *** [CMakeFiles/Makefile2:78: CMakeFiles/node.dir/all] Error 2
[2.816s] make: *** [Makefile:141: all] Error 2
[2.819s] Invoked command in '/root/workspace/build/drone' returned '2': CMAKE_PREFIX_PATH=${CMAKE_PREFIX_PATH}:/opt/ros/foxy /usr/bin/cmake --build /root/workspace/build/drone -- -j20 -l20
