[0.014s] Invoking command in '/root/workspace/build/drone': CMAKE_PREFIX_PATH=${CMAKE_PREFIX_PATH}:/opt/ros/foxy /usr/bin/cmake --build /root/workspace/build/drone -- -j20 -l20
[0.035s] -- Found ament_cmake: 0.9.12 (/opt/ros/foxy/share/ament_cmake/cmake)
[0.050s] -- Using PYTHON_EXECUTABLE: /usr/bin/python3
[0.145s] -- Found rclcpp: 2.4.3 (/opt/ros/foxy/share/rclcpp/cmake)
[0.172s] -- Using all available rosidl_typesupport_c: rosidl_typesupport_fastrtps_c;rosidl_typesupport_introspection_c
[0.176s] -- Found rosidl_adapter: 1.3.1 (/opt/ros/foxy/share/rosidl_adapter/cmake)
[0.261s] -- Using all available rosidl_typesupport_cpp: rosidl_typesupport_fastrtps_cpp;rosidl_typesupport_introspection_cpp
[0.298s] -- Found rmw_implementation_cmake: 1.0.4 (/opt/ros/foxy/share/rmw_implementation_cmake/cmake)
[0.300s] -- Using RMW implementation 'rmw_fastrtps_cpp' as default
[0.396s] -- Found px4_msgs: 2.0.1 (/root/microros_ws/install/px4_msgs/share/px4_msgs/cmake)
[0.413s] -- Found ament_lint_auto: 0.9.8 (/opt/ros/foxy/share/ament_lint_auto/cmake)
[0.458s] -- Added test 'copyright' to check source files copyright and LICENSE
[0.459s] -- Added test 'cppcheck' to perform static code analysis on C / C++ code
[0.459s] -- Configured cppcheck include dirs: 
[0.459s] -- Configured cppcheck exclude dirs and/or files: 
[0.459s] -- Added test 'cpplint' to check C / C++ code against the Google style
[0.459s] -- Configured cpplint exclude dirs and/or files: 
[0.460s] -- Added test 'lint_cmake' to check CMake code style
[0.461s] -- Added test 'uncrustify' to check C / C++ code style
[0.461s] -- Configured uncrustify additional arguments: 
[0.461s] -- Added test 'xmllint' to check XML markup files
[0.463s] -- Configuring done
[0.468s] -- Generating done
[0.468s] -- Build files have been written to: /root/workspace/build/drone
[0.485s] [35m[1mScanning dependencies of target node[0m
[0.502s] [ 50%] [32mBuilding CXX object CMakeFiles/node.dir/src/offb_node.cpp.o[0m
[1.534s] In file included from [01m[K/root/workspace/src/drone/src/offb_node.cpp:9[m[K:
[1.534s] [01m[K/root/workspace/src/drone/src/mqtt.cpp:[m[K In member function ‘[01m[Kvirtual void callback::on_failure(const mqtt::token&)[m[K’:
[1.534s] [01m[K/root/workspace/src/drone/src/mqtt.cpp:89:37:[m[K [01;35m[Kwarning: [m[Kunused parameter ‘[01m[Ktok[m[K’ [[01;35m[K-Wunused-parameter[m[K]
[1.534s]    89 |  void on_failure([01;35m[Kconst mqtt::token& tok[m[K) override {
[1.534s]       |                  [01;35m[K~~~~~~~~~~~~~~~~~~~^~~[m[K
[1.534s] [01m[K/root/workspace/src/drone/src/mqtt.cpp:[m[K In member function ‘[01m[Kvirtual void callback::on_success(const mqtt::token&)[m[K’:
[1.534s] [01m[K/root/workspace/src/drone/src/mqtt.cpp:98:37:[m[K [01;35m[Kwarning: [m[Kunused parameter ‘[01m[Ktok[m[K’ [[01;35m[K-Wunused-parameter[m[K]
[1.534s]    98 |  void on_success([01;35m[Kconst mqtt::token& tok[m[K) override {}
[1.534s]       |                  [01;35m[K~~~~~~~~~~~~~~~~~~~^~~[m[K
[1.534s] [01m[K/root/workspace/src/drone/src/mqtt.cpp:[m[K In member function ‘[01m[Kvirtual void callback::connected(const string&)[m[K’:
[1.534s] [01m[K/root/workspace/src/drone/src/mqtt.cpp:101:36:[m[K [01;35m[Kwarning: [m[Kunused parameter ‘[01m[Kcause[m[K’ [[01;35m[K-Wunused-parameter[m[K]
[1.534s]   101 |  void connected([01;35m[Kconst std::string& cause[m[K) override {
[1.534s]       |                 [01;35m[K~~~~~~~~~~~~~~~~~~~^~~~~[m[K
[1.536s] [01m[K/root/workspace/src/drone/src/mqtt.cpp:[m[K In member function ‘[01m[Kvirtual void callback::delivery_complete(mqtt::delivery_token_ptr)[m[K’:
[1.536s] [01m[K/root/workspace/src/drone/src/mqtt.cpp:131:50:[m[K [01;35m[Kwarning: [m[Kunused parameter ‘[01m[Ktoken[m[K’ [[01;35m[K-Wunused-parameter[m[K]
[1.536s]   131 |  void delivery_complete([01;35m[Kmqtt::delivery_token_ptr token[m[K) override {}
[1.536s]       |                         [01;35m[K~~~~~~~~~~~~~~~~~~~~~~~~~^~~~~[m[K
[1.536s] In file included from [01m[K/root/workspace/src/drone/src/offb_node.cpp:10[m[K:
[1.536s] [01m[K/root/workspace/src/drone/src/pid.cpp:[m[K At global scope:
[1.536s] [01m[K/root/workspace/src/drone/src/pid.cpp:11:11:[m[K [01;31m[Kerror: [m[Kextra qualification ‘[01m[KPID::[m[K’ on member ‘[01m[Kcalculate[m[K’ [[01;31m[K-fpermissive[m[K]
[1.536s]    11 |     float [01;31m[KPID[m[K::calculate(float setpoint, float pv){
[1.536s]       |           [01;31m[K^~~[m[K
[1.562s] [01m[K/root/workspace/src/drone/src/offb_node.cpp:[m[K In lambda function:
[1.562s] [01m[K/root/workspace/src/drone/src/offb_node.cpp:62:26:[m[K [01;31m[Kerror: [m[Kbase operand of ‘[01m[K->[m[K’ has non-pointer type ‘[01m[KPID[m[K’
[1.562s]    62 |                     pidxy[01;31m[K->[m[Kcalculate(expected_pos[0], drone_pos[0] + 1.0),
[1.562s]       |                          [01;31m[K^~[m[K
[1.562s] [01m[K/root/workspace/src/drone/src/offb_node.cpp:63:26:[m[K [01;31m[Kerror: [m[Kbase operand of ‘[01m[K->[m[K’ has non-pointer type ‘[01m[KPID[m[K’
[1.562s]    63 |                     pidxy[01;31m[K->[m[Kcalculate(expected_pos[1], drone_pos[1] + 1.0),
[1.562s]       |                          [01;31m[K^~[m[K
[1.562s] [01m[K/root/workspace/src/drone/src/offb_node.cpp:64:25:[m[K [01;31m[Kerror: [m[Kbase operand of ‘[01m[K->[m[K’ has non-pointer type ‘[01m[KPID[m[K’
[1.562s]    64 |                     pidz[01;31m[K->[m[Kcalculate(-expected_pos[2], drone_pos[2]),
[1.562s]       |                         [01;31m[K^~[m[K
[3.275s] make[2]: *** [CMakeFiles/node.dir/build.make:63: CMakeFiles/node.dir/src/offb_node.cpp.o] Error 1
[3.275s] make[1]: *** [CMakeFiles/Makefile2:78: CMakeFiles/node.dir/all] Error 2
[3.275s] make: *** [Makefile:141: all] Error 2
[3.277s] Invoked command in '/root/workspace/build/drone' returned '2': CMAKE_PREFIX_PATH=${CMAKE_PREFIX_PATH}:/opt/ros/foxy /usr/bin/cmake --build /root/workspace/build/drone -- -j20 -l20
