[0.010s] Invoking command in '/root/workspace/build/drone': CMAKE_PREFIX_PATH=${CMAKE_PREFIX_PATH}:/opt/ros/foxy /usr/bin/cmake --build /root/workspace/build/drone -- -j20 -l20
[0.030s] -- Found ament_cmake: 0.9.12 (/opt/ros/foxy/share/ament_cmake/cmake)
[0.042s] -- Using PYTHON_EXECUTABLE: /usr/bin/python3
[0.136s] -- Found rclcpp: 2.4.3 (/opt/ros/foxy/share/rclcpp/cmake)
[0.157s] -- Using all available rosidl_typesupport_c: rosidl_typesupport_fastrtps_c;rosidl_typesupport_introspection_c
[0.159s] -- Found rosidl_adapter: 1.3.1 (/opt/ros/foxy/share/rosidl_adapter/cmake)
[0.238s] -- Using all available rosidl_typesupport_cpp: rosidl_typesupport_fastrtps_cpp;rosidl_typesupport_introspection_cpp
[0.269s] -- Found rmw_implementation_cmake: 1.0.4 (/opt/ros/foxy/share/rmw_implementation_cmake/cmake)
[0.270s] -- Using RMW implementation 'rmw_fastrtps_cpp' as default
[0.366s] -- Found px4_msgs: 2.0.1 (/root/microros_ws/install/px4_msgs/share/px4_msgs/cmake)
[0.384s] CMake Error at CMakeLists.txt:22 (find_package):
[0.384s]   By not providing "FindPahoMqttCpp.cmake" in CMAKE_MODULE_PATH this project
[0.384s]   has asked CMake to find a package configuration file provided by
[0.384s]   "PahoMqttCpp", but CMake did not find one.
[0.384s] 
[0.384s]   Could not find a package configuration file provided by "PahoMqttCpp" with
[0.384s]   any of the following names:
[0.384s] 
[0.384s]     PahoMqttCppConfig.cmake
[0.384s]     pahomqttcpp-config.cmake
[0.384s] 
[0.384s]   Add the installation prefix of "PahoMqttCpp" to CMAKE_PREFIX_PATH or set
[0.384s]   "PahoMqttCpp_DIR" to a directory containing one of the above files.  If
[0.384s]   "PahoMqttCpp" provides a separate development package or SDK, be sure it
[0.384s]   has been installed.
[0.384s] 
[0.384s] 
[0.385s] -- Configuring incomplete, errors occurred!
[0.385s] See also "/root/workspace/build/drone/CMakeFiles/CMakeOutput.log".
[0.385s] See also "/root/workspace/build/drone/CMakeFiles/CMakeError.log".
[0.389s] make: *** [Makefile:266: cmake_check_build_system] Error 1
[0.390s] Invoked command in '/root/workspace/build/drone' returned '2': CMAKE_PREFIX_PATH=${CMAKE_PREFIX_PATH}:/opt/ros/foxy /usr/bin/cmake --build /root/workspace/build/drone -- -j20 -l20
