[0.010s] Invoking command in '/root/workspace/build/drone': CMAKE_PREFIX_PATH=${CMAKE_PREFIX_PATH}:/opt/ros/foxy /usr/bin/cmake --build /root/workspace/build/drone -- -j20 -l20
[0.036s] [35m[1mScanning dependencies of target node[0m
[0.057s] [ 50%] [32mBuilding CXX object CMakeFiles/node.dir/src/offb_node.cpp.o[0m
[1.082s] In file included from [01m[K/root/workspace/src/drone/src/offb_node.cpp:9[m[K:
[1.083s] [01m[K/root/workspace/src/drone/src/mqtt.cpp:[m[K In member function ‘[01m[Kvirtual void callback::on_failure(const mqtt::token&)[m[K’:
[1.083s] [01m[K/root/workspace/src/drone/src/mqtt.cpp:89:37:[m[K [01;35m[Kwarning: [m[Kunused parameter ‘[01m[Ktok[m[K’ [[01;35m[K-Wunused-parameter[m[K]
[1.083s]    89 |  void on_failure([01;35m[Kconst mqtt::token& tok[m[K) override {
[1.083s]       |                  [01;35m[K~~~~~~~~~~~~~~~~~~~^~~[m[K
[1.083s] [01m[K/root/workspace/src/drone/src/mqtt.cpp:[m[K In member function ‘[01m[Kvirtual void callback::on_success(const mqtt::token&)[m[K’:
[1.083s] [01m[K/root/workspace/src/drone/src/mqtt.cpp:98:37:[m[K [01;35m[Kwarning: [m[Kunused parameter ‘[01m[Ktok[m[K’ [[01;35m[K-Wunused-parameter[m[K]
[1.083s]    98 |  void on_success([01;35m[Kconst mqtt::token& tok[m[K) override {}
[1.083s]       |                  [01;35m[K~~~~~~~~~~~~~~~~~~~^~~[m[K
[1.083s] [01m[K/root/workspace/src/drone/src/mqtt.cpp:[m[K In member function ‘[01m[Kvirtual void callback::connected(const string&)[m[K’:
[1.083s] [01m[K/root/workspace/src/drone/src/mqtt.cpp:101:36:[m[K [01;35m[Kwarning: [m[Kunused parameter ‘[01m[Kcause[m[K’ [[01;35m[K-Wunused-parameter[m[K]
[1.083s]   101 |  void connected([01;35m[Kconst std::string& cause[m[K) override {
[1.083s]       |                 [01;35m[K~~~~~~~~~~~~~~~~~~~^~~~~[m[K
[1.084s] [01m[K/root/workspace/src/drone/src/mqtt.cpp:[m[K In member function ‘[01m[Kvirtual void callback::delivery_complete(mqtt::delivery_token_ptr)[m[K’:
[1.084s] [01m[K/root/workspace/src/drone/src/mqtt.cpp:131:50:[m[K [01;35m[Kwarning: [m[Kunused parameter ‘[01m[Ktoken[m[K’ [[01;35m[K-Wunused-parameter[m[K]
[1.084s]   131 |  void delivery_complete([01;35m[Kmqtt::delivery_token_ptr token[m[K) override {}
[1.084s]       |                         [01;35m[K~~~~~~~~~~~~~~~~~~~~~~~~~^~~~~[m[K
[1.106s] [01m[K/root/workspace/src/drone/src/offb_node.cpp:[m[K In constructor ‘[01m[KOffboardControl::OffboardControl()[m[K’:
[1.106s] [01m[K/root/workspace/src/drone/src/offb_node.cpp:26:132:[m[K [01;31m[Kerror: [m[K‘[01m[Ktopic_callback[m[K’ is not a member of ‘[01m[KOffboardControl[m[K’
[1.106s]    26 | ption<VehicleOdometry>("/fmu/out/vehicle_odometry",10,std::bind(&OffboardControl::[01;31m[Ktopic_callback[m[K, this, std::placeholders::_1)); //TODO: QUE COÑO HACE ESTO????
[1.107s]       |                                                                                   [01;31m[K^~~~~~~~~~~~~~[m[K
[1.107s] 
[1.232s] [01m[K/root/workspace/src/drone/src/offb_node.cpp:[m[K In member function ‘[01m[Kvoid OffboardControl::odometry_cb(px4_msgs::msg::VehicleOdometry_<std::allocator<void> >::SharedPtr)[m[K’:
[1.232s] [01m[K/root/workspace/src/drone/src/offb_node.cpp:59:55:[m[K [01;35m[Kwarning: [m[Kunused parameter ‘[01m[Kmsg[m[K’ [[01;35m[K-Wunused-parameter[m[K]
[1.232s]    59 |     void odometry_cb([01;35m[Kconst VehicleOdometry::SharedPtr msg[m[K){}
[1.232s]       |                      [01;35m[K~~~~~~~~~~~~~~~~~~~~~~~~~~~~~~~~~^~~[m[K
[2.147s] make[2]: *** [CMakeFiles/node.dir/build.make:63: CMakeFiles/node.dir/src/offb_node.cpp.o] Error 1
[2.147s] make[1]: *** [CMakeFiles/Makefile2:78: CMakeFiles/node.dir/all] Error 2
[2.147s] make: *** [Makefile:141: all] Error 2
[2.148s] Invoked command in '/root/workspace/build/drone' returned '2': CMAKE_PREFIX_PATH=${CMAKE_PREFIX_PATH}:/opt/ros/foxy /usr/bin/cmake --build /root/workspace/build/drone -- -j20 -l20
