[0.013s] Invoking command in '/root/workspace/build/drone': CMAKE_PREFIX_PATH=${CMAKE_PREFIX_PATH}:/opt/ros/foxy /usr/bin/cmake --build /root/workspace/build/drone -- -j20 -l20
[0.031s] -- Found ament_cmake: 0.9.12 (/opt/ros/foxy/share/ament_cmake/cmake)
[0.050s] -- Using PYTHON_EXECUTABLE: /usr/bin/python3
[0.139s] -- Found rclcpp: 2.4.3 (/opt/ros/foxy/share/rclcpp/cmake)
[0.158s] -- Using all available rosidl_typesupport_c: rosidl_typesupport_fastrtps_c;rosidl_typesupport_introspection_c
[0.160s] -- Found rosidl_adapter: 1.3.1 (/opt/ros/foxy/share/rosidl_adapter/cmake)
[0.245s] -- Using all available rosidl_typesupport_cpp: rosidl_typesupport_fastrtps_cpp;rosidl_typesupport_introspection_cpp
[0.279s] -- Found rmw_implementation_cmake: 1.0.4 (/opt/ros/foxy/share/rmw_implementation_cmake/cmake)
[0.280s] -- Using RMW implementation 'rmw_fastrtps_cpp' as default
[0.386s] -- Found ament_lint_auto: 0.9.8 (/opt/ros/foxy/share/ament_lint_auto/cmake)
[0.429s] -- Added test 'copyright' to check source files copyright and LICENSE
[0.429s] -- Added test 'cppcheck' to perform static code analysis on C / C++ code
[0.429s] -- Configured cppcheck include dirs: 
[0.429s] -- Configured cppcheck exclude dirs and/or files: 
[0.429s] -- Added test 'cpplint' to check C / C++ code against the Google style
[0.430s] -- Configured cpplint exclude dirs and/or files: 
[0.430s] -- Added test 'lint_cmake' to check CMake code style
[0.430s] -- Added test 'uncrustify' to check C / C++ code style
[0.430s] -- Configured uncrustify additional arguments: 
[0.430s] -- Added test 'xmllint' to check XML markup files
[0.432s] -- Configuring done
[0.437s] -- Generating done
[0.438s] -- Build files have been written to: /root/workspace/build/drone
[0.457s] [35m[1mScanning dependencies of target node[0m
[0.475s] [ 50%] [32mBuilding CXX object CMakeFiles/node.dir/src/offb_node.cpp.o[0m
[0.542s] [01m[K/root/workspace/src/drone/src/offb_node.cpp:3:10:[m[K [01;31m[Kfatal error: [m[Kpx4_msgs/msg/vehicle_command.hpp: No such file or directory
[0.542s]     3 | #include [01;31m[K"px4_msgs/msg/vehicle_command.hpp"[m[K
[0.542s]       |          [01;31m[K^~~~~~~~~~~~~~~~~~~~~~~~~~~~~~~~~~[m[K
[0.542s] compilation terminated.
[0.542s] make[2]: *** [CMakeFiles/node.dir/build.make:63: CMakeFiles/node.dir/src/offb_node.cpp.o] Error 1
[0.542s] make[1]: *** [CMakeFiles/Makefile2:78: CMakeFiles/node.dir/all] Error 2
[0.543s] make: *** [Makefile:141: all] Error 2
[0.546s] Invoked command in '/root/workspace/build/drone' returned '2': CMAKE_PREFIX_PATH=${CMAKE_PREFIX_PATH}:/opt/ros/foxy /usr/bin/cmake --build /root/workspace/build/drone -- -j20 -l20
