[0.010s] Invoking command in '/root/workspace/build/drone': CMAKE_PREFIX_PATH=${CMAKE_PREFIX_PATH}:/opt/ros/foxy /usr/bin/cmake /root/workspace/src/drone -DCMAKE_INSTALL_PREFIX=/root/workspace/install/drone
[0.048s] -- The C compiler identification is GNU 9.4.0
[0.081s] -- The CXX compiler identification is GNU 9.4.0
[0.084s] -- Check for working C compiler: /usr/bin/cc
[0.128s] -- Check for working C compiler: /usr/bin/cc -- works
[0.129s] -- Detecting C compiler ABI info
[0.174s] -- Detecting C compiler ABI info - done
[0.186s] -- Detecting C compile features
[0.187s] -- Detecting C compile features - done
[0.189s] -- Check for working CXX compiler: /usr/bin/c++
[0.249s] -- Check for working CXX compiler: /usr/bin/c++ -- works
[0.250s] -- Detecting CXX compiler ABI info
[0.308s] -- Detecting CXX compiler ABI info - done
[0.315s] -- Detecting CXX compile features
[0.315s] -- Detecting CXX compile features - done
[0.317s] -- Found ament_cmake: 0.9.12 (/opt/ros/foxy/share/ament_cmake/cmake)
[0.333s] -- Found PythonInterp: /usr/bin/python3 (found suitable version "3.8.10", minimum required is "3") 
[0.333s] -- Using PYTHON_EXECUTABLE: /usr/bin/python3
[0.428s] -- Found rclcpp: 2.4.3 (/opt/ros/foxy/share/rclcpp/cmake)
[0.457s] -- Using all available rosidl_typesupport_c: rosidl_typesupport_fastrtps_c;rosidl_typesupport_introspection_c
[0.461s] -- Found rosidl_adapter: 1.3.1 (/opt/ros/foxy/share/rosidl_adapter/cmake)
[0.511s] -- Found OpenSSL: /usr/lib/x86_64-linux-gnu/libcrypto.so (found version "1.1.1f")  
[0.531s] -- Found FastRTPS: /opt/ros/foxy/include  
[0.587s] -- Using all available rosidl_typesupport_cpp: rosidl_typesupport_fastrtps_cpp;rosidl_typesupport_introspection_cpp
[0.623s] -- Found rmw_implementation_cmake: 1.0.4 (/opt/ros/foxy/share/rmw_implementation_cmake/cmake)
[0.624s] -- Using RMW implementation 'rmw_fastrtps_cpp' as default
[0.625s] -- Looking for pthread.h
[0.672s] -- Looking for pthread.h - found
[0.672s] -- Performing Test CMAKE_HAVE_LIBC_PTHREAD
[0.717s] -- Performing Test CMAKE_HAVE_LIBC_PTHREAD - Failed
[0.717s] -- Looking for pthread_create in pthreads
[0.759s] -- Looking for pthread_create in pthreads - not found
[0.759s] -- Looking for pthread_create in pthread
[0.810s] -- Looking for pthread_create in pthread - found
[0.810s] -- Found Threads: TRUE  
[0.911s] -- Found ament_lint_auto: 0.9.8 (/opt/ros/foxy/share/ament_lint_auto/cmake)
[0.961s] -- Added test 'copyright' to check source files copyright and LICENSE
[0.962s] -- Added test 'cppcheck' to perform static code analysis on C / C++ code
[0.962s] -- Configured cppcheck include dirs: 
[0.962s] -- Configured cppcheck exclude dirs and/or files: 
[0.962s] -- Added test 'cpplint' to check C / C++ code against the Google style
[0.963s] -- Configured cpplint exclude dirs and/or files: 
[0.963s] -- Added test 'lint_cmake' to check CMake code style
[0.964s] -- Added test 'uncrustify' to check C / C++ code style
[0.964s] -- Configured uncrustify additional arguments: 
[0.964s] -- Added test 'xmllint' to check XML markup files
[0.966s] -- Configuring done
[0.966s] CMake Error at CMakeLists.txt:23 (add_executable):
[0.966s]   Cannot find source file:
[0.966s] 
[0.966s]     src/offb_node.cpp
[0.966s] 
[0.966s]   Tried extensions .c .C .c++ .cc .cpp .cxx .cu .m .M .mm .h .hh .h++ .hm
[0.966s]   .hpp .hxx .in .txx
[0.966s] 
[0.966s] 
[0.967s] CMake Error at CMakeLists.txt:23 (add_executable):
[0.967s]   No SOURCES given to target: node
[0.967s] 
[0.967s] 
[0.967s] CMake Generate step failed.  Build files cannot be regenerated correctly.
[0.971s] Invoked command in '/root/workspace/build/drone' returned '1': CMAKE_PREFIX_PATH=${CMAKE_PREFIX_PATH}:/opt/ros/foxy /usr/bin/cmake /root/workspace/src/drone -DCMAKE_INSTALL_PREFIX=/root/workspace/install/drone
