[0.011s] Invoking command in '/root/workspace/build/drone': CMAKE_PREFIX_PATH=${CMAKE_PREFIX_PATH}:/opt/ros/foxy /usr/bin/cmake --build /root/workspace/build/drone -- -j20 -l20
[0.041s] [35m[1mScanning dependencies of target node[0m
[0.066s] [ 50%] [32mBuilding CXX object CMakeFiles/node.dir/src/offb_node.cpp.o[0m
[1.084s] In file included from [01m[K/root/workspace/src/drone/src/offb_node.cpp:10[m[K:
[1.084s] [01m[K/root/workspace/src/drone/src/mqtt.cpp:[m[K In member function ‘[01m[Kvirtual void callback::on_failure(const mqtt::token&)[m[K’:
[1.084s] [01m[K/root/workspace/src/drone/src/mqtt.cpp:89:37:[m[K [01;35m[Kwarning: [m[Kunused parameter ‘[01m[Ktok[m[K’ [[01;35m[K-Wunused-parameter[m[K]
[1.084s]    89 |  void on_failure([01;35m[Kconst mqtt::token& tok[m[K) override {
[1.084s]       |                  [01;35m[K~~~~~~~~~~~~~~~~~~~^~~[m[K
[1.084s] [01m[K/root/workspace/src/drone/src/mqtt.cpp:[m[K In member function ‘[01m[Kvirtual void callback::on_success(const mqtt::token&)[m[K’:
[1.084s] [01m[K/root/workspace/src/drone/src/mqtt.cpp:98:37:[m[K [01;35m[Kwarning: [m[Kunused parameter ‘[01m[Ktok[m[K’ [[01;35m[K-Wunused-parameter[m[K]
[1.084s]    98 |  void on_success([01;35m[Kconst mqtt::token& tok[m[K) override {}
[1.084s]       |                  [01;35m[K~~~~~~~~~~~~~~~~~~~^~~[m[K
[1.084s] [01m[K/root/workspace/src/drone/src/mqtt.cpp:[m[K In member function ‘[01m[Kvirtual void callback::connected(const string&)[m[K’:
[1.084s] [01m[K/root/workspace/src/drone/src/mqtt.cpp:101:36:[m[K [01;35m[Kwarning: [m[Kunused parameter ‘[01m[Kcause[m[K’ [[01;35m[K-Wunused-parameter[m[K]
[1.084s]   101 |  void connected([01;35m[Kconst std::string& cause[m[K) override {
[1.084s]       |                 [01;35m[K~~~~~~~~~~~~~~~~~~~^~~~~[m[K
[1.085s] [01m[K/root/workspace/src/drone/src/mqtt.cpp:[m[K In member function ‘[01m[Kvirtual void callback::delivery_complete(mqtt::delivery_token_ptr)[m[K’:
[1.085s] [01m[K/root/workspace/src/drone/src/mqtt.cpp:131:50:[m[K [01;35m[Kwarning: [m[Kunused parameter ‘[01m[Ktoken[m[K’ [[01;35m[K-Wunused-parameter[m[K]
[1.085s]   131 |  void delivery_complete([01;35m[Kmqtt::delivery_token_ptr token[m[K) override {}
[1.085s]       |                         [01;35m[K~~~~~~~~~~~~~~~~~~~~~~~~~^~~~~[m[K
[1.110s] [01m[K/root/workspace/src/drone/src/offb_node.cpp:[m[K In lambda function:
[1.110s] [01m[K/root/workspace/src/drone/src/offb_node.cpp:53:43:[m[K [01;31m[Kerror: [m[K‘[01m[Kset_pos[m[K’ is not captured
[1.110s]    53 |             this -> publish_offboard_mode([01;31m[Kset_pos[m[K, !set_pos);
[1.110s]       |                                           [01;31m[K^~~~~~~[m[K
[1.110s] [01m[K/root/workspace/src/drone/src/offb_node.cpp:46:30:[m[K [01;36m[Knote: [m[Kthe lambda has no capture-default
[1.110s]    46 |   auto timer_callback = [this[01;36m[K][m[K() -> void {
[1.110s]       |                              [01;36m[K^[m[K
[1.110s] [01m[K/root/workspace/src/drone/src/offb_node.cpp:37:14:[m[K [01;36m[Knote: [m[K‘[01m[Kbool set_pos[m[K’ declared here
[1.111s]    37 |         bool [01;36m[Kset_pos[m[K = false;
[1.111s]       |              [01;36m[K^~~~~~~[m[K
[1.111s] [01m[K/root/workspace/src/drone/src/offb_node.cpp:53:53:[m[K [01;31m[Kerror: [m[K‘[01m[Kset_pos[m[K’ is not captured
[1.111s]    53 |             this -> publish_offboard_mode(set_pos, ![01;31m[Kset_pos[m[K);
[1.111s]       |                                                     [01;31m[K^~~~~~~[m[K
[1.111s] [01m[K/root/workspace/src/drone/src/offb_node.cpp:46:30:[m[K [01;36m[Knote: [m[Kthe lambda has no capture-default
[1.111s]    46 |   auto timer_callback = [this[01;36m[K][m[K() -> void {
[1.111s]       |                              [01;36m[K^[m[K
[1.111s] [01m[K/root/workspace/src/drone/src/offb_node.cpp:37:14:[m[K [01;36m[Knote: [m[K‘[01m[Kbool set_pos[m[K’ declared here
[1.111s]    37 |         bool [01;36m[Kset_pos[m[K = false;
[1.111s]       |              [01;36m[K^~~~~~~[m[K
[1.111s] [01m[K/root/workspace/src/drone/src/offb_node.cpp:55:16:[m[K [01;31m[Kerror: [m[K‘[01m[Kset_pos[m[K’ is not captured
[1.111s]    55 |             if([01;31m[Kset_pos[m[K){
[1.111s]       |                [01;31m[K^~~~~~~[m[K
[1.111s] [01m[K/root/workspace/src/drone/src/offb_node.cpp:46:30:[m[K [01;36m[Knote: [m[Kthe lambda has no capture-default
[1.111s]    46 |   auto timer_callback = [this[01;36m[K][m[K() -> void {
[1.111s]       |                              [01;36m[K^[m[K
[1.111s] [01m[K/root/workspace/src/drone/src/offb_node.cpp:37:14:[m[K [01;36m[Knote: [m[K‘[01m[Kbool set_pos[m[K’ declared here
[1.111s]    37 |         bool [01;36m[Kset_pos[m[K = false;
[1.111s]       |              [01;36m[K^~~~~~~[m[K
[1.111s] [01m[K/root/workspace/src/drone/src/offb_node.cpp:56:53:[m[K [01;31m[Kerror: [m[K‘[01m[Kset_pos[m[K’ is not captured
[1.111s]    56 |                 this -> publish_trajectory(0, 0, 2, [01;31m[Kset_pos[m[K);
[1.111s]       |                                                     [01;31m[K^~~~~~~[m[K
[1.111s] [01m[K/root/workspace/src/drone/src/offb_node.cpp:46:30:[m[K [01;36m[Knote: [m[Kthe lambda has no capture-default
[1.111s]    46 |   auto timer_callback = [this[01;36m[K][m[K() -> void {
[1.111s]       |                              [01;36m[K^[m[K
[1.111s] [01m[K/root/workspace/src/drone/src/offb_node.cpp:37:14:[m[K [01;36m[Knote: [m[K‘[01m[Kbool set_pos[m[K’ declared here
[1.111s]    37 |         bool [01;36m[Kset_pos[m[K = false;
[1.111s]       |              [01;36m[K^~~~~~~[m[K
[1.112s] [01m[K/root/workspace/src/drone/src/offb_node.cpp:62:21:[m[K [01;31m[Kerror: [m[K‘[01m[Kset_pos[m[K’ is not captured
[1.112s]    62 |                     [01;31m[Kset_pos[m[K
[1.112s]       |                     [01;31m[K^~~~~~~[m[K
[1.112s] [01m[K/root/workspace/src/drone/src/offb_node.cpp:46:30:[m[K [01;36m[Knote: [m[Kthe lambda has no capture-default
[1.112s]    46 |   auto timer_callback = [this[01;36m[K][m[K() -> void {
[1.112s]       |                              [01;36m[K^[m[K
[1.112s] [01m[K/root/workspace/src/drone/src/offb_node.cpp:37:14:[m[K [01;36m[Knote: [m[K‘[01m[Kbool set_pos[m[K’ declared here
[1.112s]    37 |         bool [01;36m[Kset_pos[m[K = false;
[1.112s]       |              [01;36m[K^~~~~~~[m[K
[2.817s] make[2]: *** [CMakeFiles/node.dir/build.make:63: CMakeFiles/node.dir/src/offb_node.cpp.o] Error 1
[2.817s] make[1]: *** [CMakeFiles/Makefile2:78: CMakeFiles/node.dir/all] Error 2
[2.817s] make: *** [Makefile:141: all] Error 2
[2.818s] Invoked command in '/root/workspace/build/drone' returned '2': CMAKE_PREFIX_PATH=${CMAKE_PREFIX_PATH}:/opt/ros/foxy /usr/bin/cmake --build /root/workspace/build/drone -- -j20 -l20
