[0.008s] Invoking command in '/root/workspace/build/drone': CMAKE_PREFIX_PATH=${CMAKE_PREFIX_PATH}:/opt/ros/foxy /usr/bin/cmake --build /root/workspace/build/drone -- -j20 -l20
[0.033s] [35m[1mScanning dependencies of target node[0m
[0.051s] [ 50%] [32mBuilding CXX object CMakeFiles/node.dir/src/offb_node.cpp.o[0m
[0.838s] In file included from [01m[K/root/workspace/src/drone/src/offb_node.cpp:11[m[K:
[0.838s] [01m[K/root/workspace/src/drone/src/mqtt.cpp:[m[K In member function ‘[01m[Kvirtual void callback::on_failure(const mqtt::token&)[m[K’:
[0.838s] [01m[K/root/workspace/src/drone/src/mqtt.cpp:89:37:[m[K [01;35m[Kwarning: [m[Kunused parameter ‘[01m[Ktok[m[K’ [[01;35m[K-Wunused-parameter[m[K]
[0.838s]    89 |  void on_failure([01;35m[Kconst mqtt::token& tok[m[K) override {
[0.839s]       |                  [01;35m[K~~~~~~~~~~~~~~~~~~~^~~[m[K
[0.839s] [01m[K/root/workspace/src/drone/src/mqtt.cpp:[m[K In member function ‘[01m[Kvirtual void callback::on_success(const mqtt::token&)[m[K’:
[0.839s] [01m[K/root/workspace/src/drone/src/mqtt.cpp:98:37:[m[K [01;35m[Kwarning: [m[Kunused parameter ‘[01m[Ktok[m[K’ [[01;35m[K-Wunused-parameter[m[K]
[0.839s]    98 |  void on_success([01;35m[Kconst mqtt::token& tok[m[K) override {}
[0.839s]       |                  [01;35m[K~~~~~~~~~~~~~~~~~~~^~~[m[K
[0.839s] [01m[K/root/workspace/src/drone/src/mqtt.cpp:[m[K In member function ‘[01m[Kvirtual void callback::connected(const string&)[m[K’:
[0.839s] [01m[K/root/workspace/src/drone/src/mqtt.cpp:101:36:[m[K [01;35m[Kwarning: [m[Kunused parameter ‘[01m[Kcause[m[K’ [[01;35m[K-Wunused-parameter[m[K]
[0.839s]   101 |  void connected([01;35m[Kconst std::string& cause[m[K) override {
[0.839s]       |                 [01;35m[K~~~~~~~~~~~~~~~~~~~^~~~~[m[K
[0.840s] [01m[K/root/workspace/src/drone/src/mqtt.cpp:[m[K In member function ‘[01m[Kvirtual void callback::delivery_complete(mqtt::delivery_token_ptr)[m[K’:
[0.840s] [01m[K/root/workspace/src/drone/src/mqtt.cpp:131:50:[m[K [01;35m[Kwarning: [m[Kunused parameter ‘[01m[Ktoken[m[K’ [[01;35m[K-Wunused-parameter[m[K]
[0.840s]   131 |  void delivery_complete([01;35m[Kmqtt::delivery_token_ptr token[m[K) override {}
[0.840s]       |                         [01;35m[K~~~~~~~~~~~~~~~~~~~~~~~~~^~~~~[m[K
[2.346s] [100%] [32m[1mLinking CXX executable node[0m
[2.442s] [100%] Built target node
[2.447s] Invoked command in '/root/workspace/build/drone' returned '0': CMAKE_PREFIX_PATH=${CMAKE_PREFIX_PATH}:/opt/ros/foxy /usr/bin/cmake --build /root/workspace/build/drone -- -j20 -l20
[2.465s] Invoking command in '/root/workspace/build/drone': CMAKE_PREFIX_PATH=${CMAKE_PREFIX_PATH}:/opt/ros/foxy /usr/bin/cmake --install /root/workspace/build/drone
[2.470s] -- Install configuration: ""
[2.470s] -- Installing: /root/workspace/install/drone/lib/drone/node
[2.471s] -- Set runtime path of "/root/workspace/install/drone/lib/drone/node" to ""
[2.471s] -- Up-to-date: /root/workspace/install/drone/share/ament_index/resource_index/package_run_dependencies/drone
[2.471s] -- Up-to-date: /root/workspace/install/drone/share/ament_index/resource_index/parent_prefix_path/drone
[2.471s] -- Up-to-date: /root/workspace/install/drone/share/drone/environment/ament_prefix_path.sh
[2.471s] -- Up-to-date: /root/workspace/install/drone/share/drone/environment/ament_prefix_path.dsv
[2.471s] -- Up-to-date: /root/workspace/install/drone/share/drone/environment/path.sh
[2.471s] -- Up-to-date: /root/workspace/install/drone/share/drone/environment/path.dsv
[2.471s] -- Up-to-date: /root/workspace/install/drone/share/drone/local_setup.bash
[2.471s] -- Up-to-date: /root/workspace/install/drone/share/drone/local_setup.sh
[2.471s] -- Up-to-date: /root/workspace/install/drone/share/drone/local_setup.zsh
[2.471s] -- Up-to-date: /root/workspace/install/drone/share/drone/local_setup.dsv
[2.472s] -- Installing: /root/workspace/install/drone/share/drone/package.dsv
[2.472s] -- Up-to-date: /root/workspace/install/drone/share/ament_index/resource_index/packages/drone
[2.472s] -- Up-to-date: /root/workspace/install/drone/share/drone/cmake/droneConfig.cmake
[2.472s] -- Up-to-date: /root/workspace/install/drone/share/drone/cmake/droneConfig-version.cmake
[2.472s] -- Up-to-date: /root/workspace/install/drone/share/drone/package.xml
[2.473s] Invoked command in '/root/workspace/build/drone' returned '0': CMAKE_PREFIX_PATH=${CMAKE_PREFIX_PATH}:/opt/ros/foxy /usr/bin/cmake --install /root/workspace/build/drone
