[0.111s] DEBUG:colcon:Command line arguments: ['/usr/bin/colcon', 'build']
[0.111s] DEBUG:colcon:Parsed command line arguments: Namespace(allow_overriding=[], ament_cmake_args=None, base_paths=['.'], build_base='build', catkin_cmake_args=None, catkin_skip_building_tests=False, cmake_args=None, cmake_clean_cache=False, cmake_clean_first=False, cmake_force_configure=False, cmake_target=None, cmake_target_skip_unavailable=False, continue_on_error=False, event_handlers=None, executor='parallel', ignore_user_meta=False, install_base='install', log_base=None, log_level=None, main=<bound method BuildVerb.main of <colcon_core.verb.build.BuildVerb object at 0x7efcf1df13a0>>, merge_install=False, metas=['./colcon.meta'], packages_above=None, packages_above_and_dependencies=None, packages_above_depth=None, packages_end=None, packages_ignore=None, packages_ignore_regex=None, packages_select=None, packages_select_build_failed=False, packages_select_by_dep=None, packages_select_regex=None, packages_select_test_failures=False, packages_skip=None, packages_skip_build_finished=False, packages_skip_by_dep=None, packages_skip_regex=None, packages_skip_test_passed=False, packages_skip_up_to=None, packages_start=None, packages_up_to=None, packages_up_to_regex=None, parallel_workers=20, paths=None, symlink_install=False, test_result_base=None, verb_extension=<colcon_core.verb.build.BuildVerb object at 0x7efcf1df13a0>, verb_name='build', verb_parser=<colcon_defaults.argument_parser.defaults.DefaultArgumentsDecorator object at 0x7efcf1df1880>)
[0.187s] Level 1:colcon.colcon_core.package_discovery:discover_packages(colcon_meta) check parameters
[0.188s] Level 1:colcon.colcon_core.package_discovery:discover_packages(recursive) check parameters
[0.188s] Level 1:colcon.colcon_core.package_discovery:discover_packages(ignore) check parameters
[0.188s] Level 1:colcon.colcon_core.package_discovery:discover_packages(path) check parameters
[0.188s] Level 1:colcon.colcon_core.package_discovery:discover_packages(colcon_meta) discover
[0.188s] Level 1:colcon.colcon_core.package_discovery:discover_packages(recursive) discover
[0.188s] INFO:colcon.colcon_core.package_discovery:Crawling recursively for packages in '/home/bmartinez/workspace/micro_ros2/braismtnez-ros2sim/workspace'
[0.188s] Level 1:colcon.colcon_core.package_identification:_identify(.) by extensions ['ignore', 'ignore_ament_install']
[0.188s] Level 1:colcon.colcon_core.package_identification:_identify(.) by extension 'ignore'
[0.188s] Level 1:colcon.colcon_core.package_identification:_identify(.) by extension 'ignore_ament_install'
[0.188s] Level 1:colcon.colcon_core.package_identification:_identify(.) by extensions ['colcon_pkg']
[0.188s] Level 1:colcon.colcon_core.package_identification:_identify(.) by extension 'colcon_pkg'
[0.188s] Level 1:colcon.colcon_core.package_identification:_identify(.) by extensions ['colcon_meta']
[0.188s] Level 1:colcon.colcon_core.package_identification:_identify(.) by extension 'colcon_meta'
[0.188s] Level 1:colcon.colcon_core.package_identification:_identify(.) by extensions ['ros']
[0.188s] Level 1:colcon.colcon_core.package_identification:_identify(.) by extension 'ros'
[0.198s] Level 1:colcon.colcon_core.package_identification:_identify(.) by extensions ['cmake', 'python']
[0.198s] Level 1:colcon.colcon_core.package_identification:_identify(.) by extension 'cmake'
[0.198s] Level 1:colcon.colcon_core.package_identification:_identify(.) by extension 'python'
[0.198s] Level 1:colcon.colcon_core.package_identification:_identify(.) by extensions ['python_setup_py']
[0.198s] Level 1:colcon.colcon_core.package_identification:_identify(.) by extension 'python_setup_py'
[0.198s] Level 1:colcon.colcon_core.package_identification:_identify(build) by extensions ['ignore', 'ignore_ament_install']
[0.198s] Level 1:colcon.colcon_core.package_identification:_identify(build) by extension 'ignore'
[0.198s] Level 1:colcon.colcon_core.package_identification:_identify(build) ignored
[0.198s] Level 1:colcon.colcon_core.package_identification:_identify(install) by extensions ['ignore', 'ignore_ament_install']
[0.198s] Level 1:colcon.colcon_core.package_identification:_identify(install) by extension 'ignore'
[0.198s] Level 1:colcon.colcon_core.package_identification:_identify(install) ignored
[0.198s] Level 1:colcon.colcon_core.package_identification:_identify(log) by extensions ['ignore', 'ignore_ament_install']
[0.198s] Level 1:colcon.colcon_core.package_identification:_identify(log) by extension 'ignore'
[0.198s] Level 1:colcon.colcon_core.package_identification:_identify(log) ignored
[0.199s] Level 1:colcon.colcon_core.package_identification:_identify(src) by extensions ['ignore', 'ignore_ament_install']
[0.199s] Level 1:colcon.colcon_core.package_identification:_identify(src) by extension 'ignore'
[0.199s] Level 1:colcon.colcon_core.package_identification:_identify(src) by extension 'ignore_ament_install'
[0.199s] Level 1:colcon.colcon_core.package_identification:_identify(src) by extensions ['colcon_pkg']
[0.199s] Level 1:colcon.colcon_core.package_identification:_identify(src) by extension 'colcon_pkg'
[0.199s] Level 1:colcon.colcon_core.package_identification:_identify(src) by extensions ['colcon_meta']
[0.199s] Level 1:colcon.colcon_core.package_identification:_identify(src) by extension 'colcon_meta'
[0.199s] Level 1:colcon.colcon_core.package_identification:_identify(src) by extensions ['ros']
[0.199s] Level 1:colcon.colcon_core.package_identification:_identify(src) by extension 'ros'
[0.199s] Level 1:colcon.colcon_core.package_identification:_identify(src) by extensions ['cmake', 'python']
[0.199s] Level 1:colcon.colcon_core.package_identification:_identify(src) by extension 'cmake'
[0.199s] Level 1:colcon.colcon_core.package_identification:_identify(src) by extension 'python'
[0.199s] Level 1:colcon.colcon_core.package_identification:_identify(src) by extensions ['python_setup_py']
[0.199s] Level 1:colcon.colcon_core.package_identification:_identify(src) by extension 'python_setup_py'
[0.199s] Level 1:colcon.colcon_core.package_identification:_identify(src/drone) by extensions ['ignore', 'ignore_ament_install']
[0.199s] Level 1:colcon.colcon_core.package_identification:_identify(src/drone) by extension 'ignore'
[0.199s] Level 1:colcon.colcon_core.package_identification:_identify(src/drone) by extension 'ignore_ament_install'
[0.199s] Level 1:colcon.colcon_core.package_identification:_identify(src/drone) by extensions ['colcon_pkg']
[0.199s] Level 1:colcon.colcon_core.package_identification:_identify(src/drone) by extension 'colcon_pkg'
[0.199s] Level 1:colcon.colcon_core.package_identification:_identify(src/drone) by extensions ['colcon_meta']
[0.199s] Level 1:colcon.colcon_core.package_identification:_identify(src/drone) by extension 'colcon_meta'
[0.199s] Level 1:colcon.colcon_core.package_identification:_identify(src/drone) by extensions ['ros']
[0.199s] Level 1:colcon.colcon_core.package_identification:_identify(src/drone) by extension 'ros'
[0.200s] DEBUG:colcon.colcon_core.package_identification:Package 'src/drone' with type 'ros.ament_cmake' and name 'drone'
[0.200s] Level 1:colcon.colcon_core.package_discovery:discover_packages(recursive) using defaults
[0.200s] Level 1:colcon.colcon_core.package_discovery:discover_packages(ignore) discover
[0.200s] Level 1:colcon.colcon_core.package_discovery:discover_packages(ignore) using defaults
[0.200s] Level 1:colcon.colcon_core.package_discovery:discover_packages(path) discover
[0.200s] Level 1:colcon.colcon_core.package_discovery:discover_packages(path) using defaults
[0.208s] Level 1:colcon.colcon_core.package_discovery:discover_packages(prefix_path) check parameters
[0.208s] Level 1:colcon.colcon_core.package_discovery:discover_packages(prefix_path) discover
[0.209s] DEBUG:colcon.colcon_installed_package_information.package_discovery:Found 0 installed packages in /home/bmartinez/ros2_ws/install
[0.209s] DEBUG:colcon.colcon_installed_package_information.package_discovery:Found 256 installed packages in /opt/ros/foxy
[0.210s] Level 1:colcon.colcon_core.package_discovery:discover_packages(prefix_path) using defaults
[0.233s] Level 5:colcon.colcon_core.verb:set package 'drone' build argument 'cmake_args' from command line to 'None'
[0.233s] Level 5:colcon.colcon_core.verb:set package 'drone' build argument 'cmake_target' from command line to 'None'
[0.233s] Level 5:colcon.colcon_core.verb:set package 'drone' build argument 'cmake_target_skip_unavailable' from command line to 'False'
[0.233s] Level 5:colcon.colcon_core.verb:set package 'drone' build argument 'cmake_clean_cache' from command line to 'False'
[0.233s] Level 5:colcon.colcon_core.verb:set package 'drone' build argument 'cmake_clean_first' from command line to 'False'
[0.233s] Level 5:colcon.colcon_core.verb:set package 'drone' build argument 'cmake_force_configure' from command line to 'False'
[0.233s] Level 5:colcon.colcon_core.verb:set package 'drone' build argument 'ament_cmake_args' from command line to 'None'
[0.233s] Level 5:colcon.colcon_core.verb:set package 'drone' build argument 'catkin_cmake_args' from command line to 'None'
[0.233s] Level 5:colcon.colcon_core.verb:set package 'drone' build argument 'catkin_skip_building_tests' from command line to 'False'
[0.233s] DEBUG:colcon.colcon_core.verb:Building package 'drone' with the following arguments: {'ament_cmake_args': None, 'build_base': '/home/bmartinez/workspace/micro_ros2/braismtnez-ros2sim/workspace/build/drone', 'catkin_cmake_args': None, 'catkin_skip_building_tests': False, 'cmake_args': None, 'cmake_clean_cache': False, 'cmake_clean_first': False, 'cmake_force_configure': False, 'cmake_target': None, 'cmake_target_skip_unavailable': False, 'install_base': '/home/bmartinez/workspace/micro_ros2/braismtnez-ros2sim/workspace/install/drone', 'merge_install': False, 'path': '/home/bmartinez/workspace/micro_ros2/braismtnez-ros2sim/workspace/src/drone', 'symlink_install': False, 'test_result_base': None}
[0.233s] INFO:colcon.colcon_core.executor:Executing jobs using 'parallel' executor
[0.234s] DEBUG:colcon.colcon_parallel_executor.executor.parallel:run_until_complete
[0.234s] INFO:colcon.colcon_ros.task.ament_cmake.build:Building ROS package in '/home/bmartinez/workspace/micro_ros2/braismtnez-ros2sim/workspace/src/drone' with build type 'ament_cmake'
[0.234s] INFO:colcon.colcon_cmake.task.cmake.build:Building CMake package in '/home/bmartinez/workspace/micro_ros2/braismtnez-ros2sim/workspace/src/drone'
[0.235s] INFO:colcon.colcon_core.plugin_system:Skipping extension 'colcon_core.shell.bat': Not used on non-Windows systems
[0.235s] INFO:colcon.colcon_core.shell:Skip shell extension 'powershell' for command environment: Not usable outside of PowerShell
[0.235s] DEBUG:colcon.colcon_core.shell:Skip shell extension 'dsv' for command environment
[0.240s] DEBUG:colcon.colcon_core.event_handler.log_command:Invoking command in '/home/bmartinez/workspace/micro_ros2/braismtnez-ros2sim/workspace/build/drone': CMAKE_PREFIX_PATH=/opt/ros/foxy /home/bmartinez/.local/bin/cmake --build /home/bmartinez/workspace/micro_ros2/braismtnez-ros2sim/workspace/build/drone -- -j20 -l20
[0.279s] DEBUG:colcon.colcon_core.event_handler.log_command:Invoked command in '/home/bmartinez/workspace/micro_ros2/braismtnez-ros2sim/workspace/build/drone' returned '0': CMAKE_PREFIX_PATH=/opt/ros/foxy /home/bmartinez/.local/bin/cmake --build /home/bmartinez/workspace/micro_ros2/braismtnez-ros2sim/workspace/build/drone -- -j20 -l20
[0.352s] DEBUG:colcon.colcon_core.event_handler.log_command:Invoking command in '/home/bmartinez/workspace/micro_ros2/braismtnez-ros2sim/workspace/build/drone': CMAKE_PREFIX_PATH=/opt/ros/foxy /home/bmartinez/.local/bin/cmake --install /home/bmartinez/workspace/micro_ros2/braismtnez-ros2sim/workspace/build/drone
[0.383s] Level 1:colcon.colcon_core.environment:create_environment_scripts_only(drone)
[0.384s] DEBUG:colcon.colcon_core.event_handler.log_command:Invoked command in '/home/bmartinez/workspace/micro_ros2/braismtnez-ros2sim/workspace/build/drone' returned '0': CMAKE_PREFIX_PATH=/opt/ros/foxy /home/bmartinez/.local/bin/cmake --install /home/bmartinez/workspace/micro_ros2/braismtnez-ros2sim/workspace/build/drone
[0.384s] Level 1:colcon.colcon_core.environment:checking '/home/bmartinez/workspace/micro_ros2/braismtnez-ros2sim/workspace/install/drone' for CMake module files
[0.385s] Level 1:colcon.colcon_core.environment:checking '/home/bmartinez/workspace/micro_ros2/braismtnez-ros2sim/workspace/install/drone' for CMake config files
[0.385s] Level 1:colcon.colcon_core.shell:create_environment_hook('drone', 'cmake_prefix_path')
[0.385s] INFO:colcon.colcon_core.shell:Creating environment hook '/home/bmartinez/workspace/micro_ros2/braismtnez-ros2sim/workspace/install/drone/share/drone/hook/cmake_prefix_path.ps1'
[0.385s] INFO:colcon.colcon_core.shell:Creating environment descriptor '/home/bmartinez/workspace/micro_ros2/braismtnez-ros2sim/workspace/install/drone/share/drone/hook/cmake_prefix_path.dsv'
[0.386s] INFO:colcon.colcon_core.shell:Creating environment hook '/home/bmartinez/workspace/micro_ros2/braismtnez-ros2sim/workspace/install/drone/share/drone/hook/cmake_prefix_path.sh'
[0.386s] Level 1:colcon.colcon_core.environment:checking '/home/bmartinez/workspace/micro_ros2/braismtnez-ros2sim/workspace/install/drone/bin'
[0.386s] Level 1:colcon.colcon_core.environment:checking '/home/bmartinez/workspace/micro_ros2/braismtnez-ros2sim/workspace/install/drone/lib/pkgconfig/drone.pc'
[0.386s] Level 1:colcon.colcon_core.environment:checking '/home/bmartinez/workspace/micro_ros2/braismtnez-ros2sim/workspace/install/drone/lib/python3.8/site-packages'
[0.386s] Level 1:colcon.colcon_core.environment:checking '/home/bmartinez/workspace/micro_ros2/braismtnez-ros2sim/workspace/install/drone/bin'
[0.386s] INFO:colcon.colcon_core.shell:Creating package script '/home/bmartinez/workspace/micro_ros2/braismtnez-ros2sim/workspace/install/drone/share/drone/package.ps1'
[0.387s] INFO:colcon.colcon_core.shell:Creating package descriptor '/home/bmartinez/workspace/micro_ros2/braismtnez-ros2sim/workspace/install/drone/share/drone/package.dsv'
[0.387s] INFO:colcon.colcon_core.shell:Creating package script '/home/bmartinez/workspace/micro_ros2/braismtnez-ros2sim/workspace/install/drone/share/drone/package.sh'
[0.387s] INFO:colcon.colcon_core.shell:Creating package script '/home/bmartinez/workspace/micro_ros2/braismtnez-ros2sim/workspace/install/drone/share/drone/package.bash'
[0.388s] INFO:colcon.colcon_core.shell:Creating package script '/home/bmartinez/workspace/micro_ros2/braismtnez-ros2sim/workspace/install/drone/share/drone/package.zsh'
[0.388s] Level 1:colcon.colcon_core.environment:create_file_with_runtime_dependencies(/home/bmartinez/workspace/micro_ros2/braismtnez-ros2sim/workspace/install/drone/share/colcon-core/packages/drone)
[0.428s] Level 1:colcon.colcon_core.environment:create_environment_scripts_only(drone)
[0.429s] Level 1:colcon.colcon_core.environment:checking '/home/bmartinez/workspace/micro_ros2/braismtnez-ros2sim/workspace/install/drone' for CMake module files
[0.429s] Level 1:colcon.colcon_core.environment:checking '/home/bmartinez/workspace/micro_ros2/braismtnez-ros2sim/workspace/install/drone' for CMake config files
[0.429s] Level 1:colcon.colcon_core.shell:create_environment_hook('drone', 'cmake_prefix_path')
[0.430s] INFO:colcon.colcon_core.shell:Creating environment hook '/home/bmartinez/workspace/micro_ros2/braismtnez-ros2sim/workspace/install/drone/share/drone/hook/cmake_prefix_path.ps1'
[0.430s] INFO:colcon.colcon_core.shell:Creating environment descriptor '/home/bmartinez/workspace/micro_ros2/braismtnez-ros2sim/workspace/install/drone/share/drone/hook/cmake_prefix_path.dsv'
[0.430s] INFO:colcon.colcon_core.shell:Creating environment hook '/home/bmartinez/workspace/micro_ros2/braismtnez-ros2sim/workspace/install/drone/share/drone/hook/cmake_prefix_path.sh'
[0.431s] Level 1:colcon.colcon_core.environment:checking '/home/bmartinez/workspace/micro_ros2/braismtnez-ros2sim/workspace/install/drone/bin'
[0.431s] Level 1:colcon.colcon_core.environment:checking '/home/bmartinez/workspace/micro_ros2/braismtnez-ros2sim/workspace/install/drone/lib/pkgconfig/drone.pc'
[0.431s] Level 1:colcon.colcon_core.environment:checking '/home/bmartinez/workspace/micro_ros2/braismtnez-ros2sim/workspace/install/drone/lib/python3.8/site-packages'
[0.431s] Level 1:colcon.colcon_core.environment:checking '/home/bmartinez/workspace/micro_ros2/braismtnez-ros2sim/workspace/install/drone/bin'
[0.432s] INFO:colcon.colcon_core.shell:Creating package script '/home/bmartinez/workspace/micro_ros2/braismtnez-ros2sim/workspace/install/drone/share/drone/package.ps1'
[0.432s] INFO:colcon.colcon_core.shell:Creating package descriptor '/home/bmartinez/workspace/micro_ros2/braismtnez-ros2sim/workspace/install/drone/share/drone/package.dsv'
[0.433s] INFO:colcon.colcon_core.shell:Creating package script '/home/bmartinez/workspace/micro_ros2/braismtnez-ros2sim/workspace/install/drone/share/drone/package.sh'
[0.433s] INFO:colcon.colcon_core.shell:Creating package script '/home/bmartinez/workspace/micro_ros2/braismtnez-ros2sim/workspace/install/drone/share/drone/package.bash'
[0.433s] INFO:colcon.colcon_core.shell:Creating package script '/home/bmartinez/workspace/micro_ros2/braismtnez-ros2sim/workspace/install/drone/share/drone/package.zsh'
[0.434s] Level 1:colcon.colcon_core.environment:create_file_with_runtime_dependencies(/home/bmartinez/workspace/micro_ros2/braismtnez-ros2sim/workspace/install/drone/share/colcon-core/packages/drone)
[0.434s] DEBUG:colcon.colcon_parallel_executor.executor.parallel:closing loop
[0.434s] DEBUG:colcon.colcon_parallel_executor.executor.parallel:loop closed
[0.434s] DEBUG:colcon.colcon_parallel_executor.executor.parallel:run_until_complete finished with '0'
[0.434s] DEBUG:colcon.colcon_core.event_reactor:joining thread
[0.440s] INFO:colcon.colcon_core.plugin_system:Skipping extension 'colcon_notification.desktop_notification.terminal_notifier': Not used on non-Darwin systems
[0.440s] INFO:colcon.colcon_core.plugin_system:Skipping extension 'colcon_notification.desktop_notification.win32': Not used on non-Windows systems
[0.440s] INFO:colcon.colcon_notification.desktop_notification:Sending desktop notification using 'notify2'
[0.450s] DEBUG:colcon.colcon_core.event_reactor:joined thread
[0.451s] INFO:colcon.colcon_core.shell:Creating prefix script '/home/bmartinez/workspace/micro_ros2/braismtnez-ros2sim/workspace/install/local_setup.ps1'
[0.452s] INFO:colcon.colcon_core.shell:Creating prefix util module '/home/bmartinez/workspace/micro_ros2/braismtnez-ros2sim/workspace/install/_local_setup_util_ps1.py'
[0.454s] INFO:colcon.colcon_core.shell:Creating prefix chain script '/home/bmartinez/workspace/micro_ros2/braismtnez-ros2sim/workspace/install/setup.ps1'
[0.455s] INFO:colcon.colcon_core.shell:Creating prefix script '/home/bmartinez/workspace/micro_ros2/braismtnez-ros2sim/workspace/install/local_setup.sh'
[0.455s] INFO:colcon.colcon_core.shell:Creating prefix util module '/home/bmartinez/workspace/micro_ros2/braismtnez-ros2sim/workspace/install/_local_setup_util_sh.py'
[0.456s] INFO:colcon.colcon_core.shell:Creating prefix chain script '/home/bmartinez/workspace/micro_ros2/braismtnez-ros2sim/workspace/install/setup.sh'
[0.457s] INFO:colcon.colcon_core.shell:Creating prefix script '/home/bmartinez/workspace/micro_ros2/braismtnez-ros2sim/workspace/install/local_setup.bash'
[0.457s] INFO:colcon.colcon_core.shell:Creating prefix chain script '/home/bmartinez/workspace/micro_ros2/braismtnez-ros2sim/workspace/install/setup.bash'
[0.458s] INFO:colcon.colcon_core.shell:Creating prefix script '/home/bmartinez/workspace/micro_ros2/braismtnez-ros2sim/workspace/install/local_setup.zsh'
[0.458s] INFO:colcon.colcon_core.shell:Creating prefix chain script '/home/bmartinez/workspace/micro_ros2/braismtnez-ros2sim/workspace/install/setup.zsh'
