[0.012s] Invoking command in '/root/workspace/build/drone': CMAKE_PREFIX_PATH=${CMAKE_PREFIX_PATH}:/opt/ros/foxy /usr/bin/cmake --build /root/workspace/build/drone -- -j20 -l20
[0.042s] [35m[1mScanning dependencies of target node[0m
[0.061s] [ 50%] [32mBuilding CXX object CMakeFiles/node.dir/src/offb_node.cpp.o[0m
[1.195s] In file included from [01m[K/root/workspace/src/drone/src/offb_node.cpp:15[m[K:
[1.195s] [01m[K/root/workspace/src/drone/src/mqtt.cpp:[m[K In member function ‘[01m[Kvirtual void callback::on_failure(const mqtt::token&)[m[K’:
[1.195s] [01m[K/root/workspace/src/drone/src/mqtt.cpp:89:37:[m[K [01;35m[Kwarning: [m[Kunused parameter ‘[01m[Ktok[m[K’ [[01;35m[K-Wunused-parameter[m[K]
[1.195s]    89 |  void on_failure([01;35m[Kconst mqtt::token& tok[m[K) override {
[1.195s]       |                  [01;35m[K~~~~~~~~~~~~~~~~~~~^~~[m[K
[1.195s] [01m[K/root/workspace/src/drone/src/mqtt.cpp:[m[K In member function ‘[01m[Kvirtual void callback::on_success(const mqtt::token&)[m[K’:
[1.195s] [01m[K/root/workspace/src/drone/src/mqtt.cpp:98:37:[m[K [01;35m[Kwarning: [m[Kunused parameter ‘[01m[Ktok[m[K’ [[01;35m[K-Wunused-parameter[m[K]
[1.195s]    98 |  void on_success([01;35m[Kconst mqtt::token& tok[m[K) override {}
[1.196s]       |                  [01;35m[K~~~~~~~~~~~~~~~~~~~^~~[m[K
[1.196s] [01m[K/root/workspace/src/drone/src/mqtt.cpp:[m[K In member function ‘[01m[Kvirtual void callback::connected(const string&)[m[K’:
[1.196s] [01m[K/root/workspace/src/drone/src/mqtt.cpp:101:36:[m[K [01;35m[Kwarning: [m[Kunused parameter ‘[01m[Kcause[m[K’ [[01;35m[K-Wunused-parameter[m[K]
[1.196s]   101 |  void connected([01;35m[Kconst std::string& cause[m[K) override {
[1.196s]       |                 [01;35m[K~~~~~~~~~~~~~~~~~~~^~~~~[m[K
[1.197s] [01m[K/root/workspace/src/drone/src/mqtt.cpp:[m[K In member function ‘[01m[Kvirtual void callback::delivery_complete(mqtt::delivery_token_ptr)[m[K’:
[1.197s] [01m[K/root/workspace/src/drone/src/mqtt.cpp:131:50:[m[K [01;35m[Kwarning: [m[Kunused parameter ‘[01m[Ktoken[m[K’ [[01;35m[K-Wunused-parameter[m[K]
[1.197s]   131 |  void delivery_complete([01;35m[Kmqtt::delivery_token_ptr token[m[K) override {}
[1.197s]       |                         [01;35m[K~~~~~~~~~~~~~~~~~~~~~~~~~^~~~~[m[K
[1.386s] In file included from [01m[K/opt/ros/foxy/include/rclcpp/service.hpp:34[m[K,
[1.386s]                  from [01m[K/opt/ros/foxy/include/rclcpp/callback_group.hpp:25[m[K,
[1.387s]                  from [01m[K/opt/ros/foxy/include/rclcpp/any_executable.hpp:20[m[K,
[1.387s]                  from [01m[K/opt/ros/foxy/include/rclcpp/memory_strategy.hpp:24[m[K,
[1.387s]                  from [01m[K/opt/ros/foxy/include/rclcpp/memory_strategies.hpp:18[m[K,
[1.387s]                  from [01m[K/opt/ros/foxy/include/rclcpp/executor_options.hpp:20[m[K,
[1.387s]                  from [01m[K/opt/ros/foxy/include/rclcpp/executor.hpp:33[m[K,
[1.387s]                  from [01m[K/opt/ros/foxy/include/rclcpp/executors/multi_threaded_executor.hpp:26[m[K,
[1.387s]                  from [01m[K/opt/ros/foxy/include/rclcpp/executors.hpp:21[m[K,
[1.387s]                  from [01m[K/opt/ros/foxy/include/rclcpp/rclcpp.hpp:146[m[K,
[1.387s]                  from [01m[K/root/workspace/src/drone/src/offb_node.cpp:2[m[K:
[1.387s] [01m[K/root/workspace/src/drone/src/offb_node.cpp:[m[K In function ‘[01m[Kint main(int, char**)[m[K’:
[1.387s] [01m[K/root/workspace/src/drone/src/offb_node.cpp:189:5:[m[K [01;31m[Kerror: [m[Kstatic assertion failed: First argument to logging macros must be an rclcpp::Logger
[1.387s]   189 |     [01;31m[KRCLCPP_INFO[m[K("MQTT client ready for consumption");
[1.387s]       |     [01;31m[K^~~~~~~~~~~[m[K
[1.387s] In file included from [01m[K/opt/ros/foxy/include/rclcpp/client.hpp:40[m[K,
[1.387s]                  from [01m[K/opt/ros/foxy/include/rclcpp/callback_group.hpp:23[m[K,
[1.387s]                  from [01m[K/opt/ros/foxy/include/rclcpp/any_executable.hpp:20[m[K,
[1.387s]                  from [01m[K/opt/ros/foxy/include/rclcpp/memory_strategy.hpp:24[m[K,
[1.387s]                  from [01m[K/opt/ros/foxy/include/rclcpp/memory_strategies.hpp:18[m[K,
[1.387s]                  from [01m[K/opt/ros/foxy/include/rclcpp/executor_options.hpp:20[m[K,
[1.387s]                  from [01m[K/opt/ros/foxy/include/rclcpp/executor.hpp:33[m[K,
[1.387s]                  from [01m[K/opt/ros/foxy/include/rclcpp/executors/multi_threaded_executor.hpp:26[m[K,
[1.387s]                  from [01m[K/opt/ros/foxy/include/rclcpp/executors.hpp:21[m[K,
[1.387s]                  from [01m[K/opt/ros/foxy/include/rclcpp/rclcpp.hpp:146[m[K,
[1.387s]                  from [01m[K/root/workspace/src/drone/src/offb_node.cpp:2[m[K:
[1.387s] [01m[K/root/workspace/src/drone/src/offb_node.cpp:189:5:[m[K [01;31m[Kerror: [m[Krequest for member ‘[01m[Kget_name[m[K’ in ‘[01m[K("MQTT client ready for consumption")[m[K’, which is of non-class type ‘[01m[Kconst char [34][m[K’
[1.388s]   189 |     [01;31m[KRCLCPP_INFO[m[K("MQTT client ready for consumption");
[1.388s]       |     [01;31m[K^~~~~~~~~~~[m[K
[1.388s] [01m[K/root/workspace/src/drone/src/offb_node.cpp:189:5:[m[K [01;31m[Kerror: [m[Krequest for member ‘[01m[Kget_name[m[K’ in ‘[01m[K("MQTT client ready for consumption")[m[K’, which is of non-class type ‘[01m[Kconst char [34][m[K’
[1.388s]   189 |     [01;31m[KRCLCPP_INFO[m[K("MQTT client ready for consumption");
[1.388s]       |     [01;31m[K^~~~~~~~~~~[m[K
[1.388s] [01m[K/root/workspace/src/drone/src/offb_node.cpp:189:5:[m[K [01;31m[Kerror: [m[Kno matching function for call to ‘[01m[Kget_c_string()[m[K’
[1.388s]   189 |     [01;31m[KRCLCPP_INFO[m[K("MQTT client ready for consumption");
[1.388s]       |     [01;31m[K^~~~~~~~~~~[m[K
[1.388s] In file included from [01m[K/opt/ros/foxy/include/rclcpp/client.hpp:36[m[K,
[1.388s]                  from [01m[K/opt/ros/foxy/include/rclcpp/callback_group.hpp:23[m[K,
[1.388s]                  from [01m[K/opt/ros/foxy/include/rclcpp/any_executable.hpp:20[m[K,
[1.388s]                  from [01m[K/opt/ros/foxy/include/rclcpp/memory_strategy.hpp:24[m[K,
[1.388s]                  from [01m[K/opt/ros/foxy/include/rclcpp/memory_strategies.hpp:18[m[K,
[1.388s]                  from [01m[K/opt/ros/foxy/include/rclcpp/executor_options.hpp:20[m[K,
[1.388s]                  from [01m[K/opt/ros/foxy/include/rclcpp/executor.hpp:33[m[K,
[1.388s]                  from [01m[K/opt/ros/foxy/include/rclcpp/executors/multi_threaded_executor.hpp:26[m[K,
[1.388s]                  from [01m[K/opt/ros/foxy/include/rclcpp/executors.hpp:21[m[K,
[1.388s]                  from [01m[K/opt/ros/foxy/include/rclcpp/rclcpp.hpp:146[m[K,
[1.388s]                  from [01m[K/root/workspace/src/drone/src/offb_node.cpp:2[m[K:
[1.388s] [01m[K/opt/ros/foxy/include/rclcpp/utilities.hpp:296:1:[m[K [01;36m[Knote: [m[Kcandidate: ‘[01m[Kconst char* rclcpp::get_c_string(const char*)[m[K’
[1.388s]   296 | [01;36m[Kget_c_string[m[K(const char * string_in);
[1.388s]       | [01;36m[K^~~~~~~~~~~~[m[K
[1.388s] [01m[K/opt/ros/foxy/include/rclcpp/utilities.hpp:296:1:[m[K [01;36m[Knote: [m[K  candidate expects 1 argument, 0 provided
[1.388s] [01m[K/opt/ros/foxy/include/rclcpp/utilities.hpp:305:1:[m[K [01;36m[Knote: [m[Kcandidate: ‘[01m[Kconst char* rclcpp::get_c_string(const string&)[m[K’
[1.388s]   305 | [01;36m[Kget_c_string[m[K(const std::string & string_in);
[1.388s]       | [01;36m[K^~~~~~~~~~~~[m[K
[1.388s] [01m[K/opt/ros/foxy/include/rclcpp/utilities.hpp:305:1:[m[K [01;36m[Knote: [m[K  candidate expects 1 argument, 0 provided
[1.389s] In file included from [01m[K/opt/ros/foxy/include/rclcpp/service.hpp:34[m[K,
[1.389s]                  from [01m[K/opt/ros/foxy/include/rclcpp/callback_group.hpp:25[m[K,
[1.389s]                  from [01m[K/opt/ros/foxy/include/rclcpp/any_executable.hpp:20[m[K,
[1.389s]                  from [01m[K/opt/ros/foxy/include/rclcpp/memory_strategy.hpp:24[m[K,
[1.389s]                  from [01m[K/opt/ros/foxy/include/rclcpp/memory_strategies.hpp:18[m[K,
[1.389s]                  from [01m[K/opt/ros/foxy/include/rclcpp/executor_options.hpp:20[m[K,
[1.389s]                  from [01m[K/opt/ros/foxy/include/rclcpp/executor.hpp:33[m[K,
[1.389s]                  from [01m[K/opt/ros/foxy/include/rclcpp/executors/multi_threaded_executor.hpp:26[m[K,
[1.389s]                  from [01m[K/opt/ros/foxy/include/rclcpp/executors.hpp:21[m[K,
[1.389s]                  from [01m[K/opt/ros/foxy/include/rclcpp/rclcpp.hpp:146[m[K,
[1.389s]                  from [01m[K/root/workspace/src/drone/src/offb_node.cpp:2[m[K:
[1.389s] [01m[K/root/workspace/src/drone/src/offb_node.cpp:191:5:[m[K [01;31m[Kerror: [m[Kstatic assertion failed: First argument to logging macros must be an rclcpp::Logger
[1.389s]   191 |     [01;31m[KRCLCPP_INFO[m[K("Connecting to MQTT broker...");
[1.389s]       |     [01;31m[K^~~~~~~~~~~[m[K
[1.389s] In file included from [01m[K/opt/ros/foxy/include/rclcpp/client.hpp:40[m[K,
[1.389s]                  from [01m[K/opt/ros/foxy/include/rclcpp/callback_group.hpp:23[m[K,
[1.389s]                  from [01m[K/opt/ros/foxy/include/rclcpp/any_executable.hpp:20[m[K,
[1.389s]                  from [01m[K/opt/ros/foxy/include/rclcpp/memory_strategy.hpp:24[m[K,
[1.389s]                  from [01m[K/opt/ros/foxy/include/rclcpp/memory_strategies.hpp:18[m[K,
[1.389s]                  from [01m[K/opt/ros/foxy/include/rclcpp/executor_options.hpp:20[m[K,
[1.389s]                  from [01m[K/opt/ros/foxy/include/rclcpp/executor.hpp:33[m[K,
[1.389s]                  from [01m[K/opt/ros/foxy/include/rclcpp/executors/multi_threaded_executor.hpp:26[m[K,
[1.389s]                  from [01m[K/opt/ros/foxy/include/rclcpp/executors.hpp:21[m[K,
[1.389s]                  from [01m[K/opt/ros/foxy/include/rclcpp/rclcpp.hpp:146[m[K,
[1.389s]                  from [01m[K/root/workspace/src/drone/src/offb_node.cpp:2[m[K:
[1.389s] [01m[K/root/workspace/src/drone/src/offb_node.cpp:191:5:[m[K [01;31m[Kerror: [m[Krequest for member ‘[01m[Kget_name[m[K’ in ‘[01m[K("Connecting to MQTT broker...")[m[K’, which is of non-class type ‘[01m[Kconst char [29][m[K’
[1.389s]   191 |     [01;31m[KRCLCPP_INFO[m[K("Connecting to MQTT broker...");
[1.390s]       |     [01;31m[K^~~~~~~~~~~[m[K
[1.390s] [01m[K/root/workspace/src/drone/src/offb_node.cpp:191:5:[m[K [01;31m[Kerror: [m[Krequest for member ‘[01m[Kget_name[m[K’ in ‘[01m[K("Connecting to MQTT broker...")[m[K’, which is of non-class type ‘[01m[Kconst char [29][m[K’
[1.390s]   191 |     [01;31m[KRCLCPP_INFO[m[K("Connecting to MQTT broker...");
[1.390s]       |     [01;31m[K^~~~~~~~~~~[m[K
[1.390s] [01m[K/root/workspace/src/drone/src/offb_node.cpp:191:5:[m[K [01;31m[Kerror: [m[Kno matching function for call to ‘[01m[Kget_c_string()[m[K’
[1.390s]   191 |     [01;31m[KRCLCPP_INFO[m[K("Connecting to MQTT broker...");
[1.390s]       |     [01;31m[K^~~~~~~~~~~[m[K
[1.390s] In file included from [01m[K/opt/ros/foxy/include/rclcpp/client.hpp:36[m[K,
[1.390s]                  from [01m[K/opt/ros/foxy/include/rclcpp/callback_group.hpp:23[m[K,
[1.390s]                  from [01m[K/opt/ros/foxy/include/rclcpp/any_executable.hpp:20[m[K,
[1.390s]                  from [01m[K/opt/ros/foxy/include/rclcpp/memory_strategy.hpp:24[m[K,
[1.390s]                  from [01m[K/opt/ros/foxy/include/rclcpp/memory_strategies.hpp:18[m[K,
[1.390s]                  from [01m[K/opt/ros/foxy/include/rclcpp/executor_options.hpp:20[m[K,
[1.390s]                  from [01m[K/opt/ros/foxy/include/rclcpp/executor.hpp:33[m[K,
[1.390s]                  from [01m[K/opt/ros/foxy/include/rclcpp/executors/multi_threaded_executor.hpp:26[m[K,
[1.390s]                  from [01m[K/opt/ros/foxy/include/rclcpp/executors.hpp:21[m[K,
[1.390s]                  from [01m[K/opt/ros/foxy/include/rclcpp/rclcpp.hpp:146[m[K,
[1.390s]                  from [01m[K/root/workspace/src/drone/src/offb_node.cpp:2[m[K:
[1.390s] [01m[K/opt/ros/foxy/include/rclcpp/utilities.hpp:296:1:[m[K [01;36m[Knote: [m[Kcandidate: ‘[01m[Kconst char* rclcpp::get_c_string(const char*)[m[K’
[1.390s]   296 | [01;36m[Kget_c_string[m[K(const char * string_in);
[1.390s]       | [01;36m[K^~~~~~~~~~~~[m[K
[1.390s] [01m[K/opt/ros/foxy/include/rclcpp/utilities.hpp:296:1:[m[K [01;36m[Knote: [m[K  candidate expects 1 argument, 0 provided
[1.390s] [01m[K/opt/ros/foxy/include/rclcpp/utilities.hpp:305:1:[m[K [01;36m[Knote: [m[Kcandidate: ‘[01m[Kconst char* rclcpp::get_c_string(const string&)[m[K’
[1.390s]   305 | [01;36m[Kget_c_string[m[K(const std::string & string_in);
[1.390s]       | [01;36m[K^~~~~~~~~~~~[m[K
[1.390s] [01m[K/opt/ros/foxy/include/rclcpp/utilities.hpp:305:1:[m[K [01;36m[Knote: [m[K  candidate expects 1 argument, 0 provided
[1.390s] In file included from [01m[K/opt/ros/foxy/include/rclcpp/service.hpp:34[m[K,
[1.391s]                  from [01m[K/opt/ros/foxy/include/rclcpp/callback_group.hpp:25[m[K,
[1.391s]                  from [01m[K/opt/ros/foxy/include/rclcpp/any_executable.hpp:20[m[K,
[1.391s]                  from [01m[K/opt/ros/foxy/include/rclcpp/memory_strategy.hpp:24[m[K,
[1.391s]                  from [01m[K/opt/ros/foxy/include/rclcpp/memory_strategies.hpp:18[m[K,
[1.391s]                  from [01m[K/opt/ros/foxy/include/rclcpp/executor_options.hpp:20[m[K,
[1.391s]                  from [01m[K/opt/ros/foxy/include/rclcpp/executor.hpp:33[m[K,
[1.391s]                  from [01m[K/opt/ros/foxy/include/rclcpp/executors/multi_threaded_executor.hpp:26[m[K,
[1.391s]                  from [01m[K/opt/ros/foxy/include/rclcpp/executors.hpp:21[m[K,
[1.391s]                  from [01m[K/opt/ros/foxy/include/rclcpp/rclcpp.hpp:146[m[K,
[1.391s]                  from [01m[K/root/workspace/src/drone/src/offb_node.cpp:2[m[K:
[1.391s] [01m[K/root/workspace/src/drone/src/offb_node.cpp:193:5:[m[K [01;31m[Kerror: [m[Kstatic assertion failed: First argument to logging macros must be an rclcpp::Logger
[1.391s]   193 |     [01;31m[KRCLCPP_INFO[m[K("Connected to MQTT broker");
[1.391s]       |     [01;31m[K^~~~~~~~~~~[m[K
[1.391s] In file included from [01m[K/opt/ros/foxy/include/rclcpp/client.hpp:40[m[K,
[1.391s]                  from [01m[K/opt/ros/foxy/include/rclcpp/callback_group.hpp:23[m[K,
[1.392s]                  from [01m[K/opt/ros/foxy/include/rclcpp/any_executable.hpp:20[m[K,
[1.392s]                  from [01m[K/opt/ros/foxy/include/rclcpp/memory_strategy.hpp:24[m[K,
[1.392s]                  from [01m[K/opt/ros/foxy/include/rclcpp/memory_strategies.hpp:18[m[K,
[1.392s]                  from [01m[K/opt/ros/foxy/include/rclcpp/executor_options.hpp:20[m[K,
[1.392s]                  from [01m[K/opt/ros/foxy/include/rclcpp/executor.hpp:33[m[K,
[1.392s]                  from [01m[K/opt/ros/foxy/include/rclcpp/executors/multi_threaded_executor.hpp:26[m[K,
[1.392s]                  from [01m[K/opt/ros/foxy/include/rclcpp/executors.hpp:21[m[K,
[1.392s]                  from [01m[K/opt/ros/foxy/include/rclcpp/rclcpp.hpp:146[m[K,
[1.392s]                  from [01m[K/root/workspace/src/drone/src/offb_node.cpp:2[m[K:
[1.392s] [01m[K/root/workspace/src/drone/src/offb_node.cpp:193:5:[m[K [01;31m[Kerror: [m[Krequest for member ‘[01m[Kget_name[m[K’ in ‘[01m[K("Connected to MQTT broker")[m[K’, which is of non-class type ‘[01m[Kconst char [25][m[K’
[1.392s]   193 |     [01;31m[KRCLCPP_INFO[m[K("Connected to MQTT broker");
[1.392s]       |     [01;31m[K^~~~~~~~~~~[m[K
[1.392s] [01m[K/root/workspace/src/drone/src/offb_node.cpp:193:5:[m[K [01;31m[Kerror: [m[Krequest for member ‘[01m[Kget_name[m[K’ in ‘[01m[K("Connected to MQTT broker")[m[K’, which is of non-class type ‘[01m[Kconst char [25][m[K’
[1.392s]   193 |     [01;31m[KRCLCPP_INFO[m[K("Connected to MQTT broker");
[1.392s]       |     [01;31m[K^~~~~~~~~~~[m[K
[1.392s] [01m[K/root/workspace/src/drone/src/offb_node.cpp:193:5:[m[K [01;31m[Kerror: [m[Kno matching function for call to ‘[01m[Kget_c_string()[m[K’
[1.392s]   193 |     [01;31m[KRCLCPP_INFO[m[K("Connected to MQTT broker");
[1.392s]       |     [01;31m[K^~~~~~~~~~~[m[K
[1.392s] In file included from [01m[K/opt/ros/foxy/include/rclcpp/client.hpp:36[m[K,
[1.392s]                  from [01m[K/opt/ros/foxy/include/rclcpp/callback_group.hpp:23[m[K,
[1.392s]                  from [01m[K/opt/ros/foxy/include/rclcpp/any_executable.hpp:20[m[K,
[1.392s]                  from [01m[K/opt/ros/foxy/include/rclcpp/memory_strategy.hpp:24[m[K,
[1.393s]                  from [01m[K/opt/ros/foxy/include/rclcpp/memory_strategies.hpp:18[m[K,
[1.393s]                  from [01m[K/opt/ros/foxy/include/rclcpp/executor_options.hpp:20[m[K,
[1.393s]                  from [01m[K/opt/ros/foxy/include/rclcpp/executor.hpp:33[m[K,
[1.393s]                  from [01m[K/opt/ros/foxy/include/rclcpp/executors/multi_threaded_executor.hpp:26[m[K,
[1.393s]                  from [01m[K/opt/ros/foxy/include/rclcpp/executors.hpp:21[m[K,
[1.393s]                  from [01m[K/opt/ros/foxy/include/rclcpp/rclcpp.hpp:146[m[K,
[1.393s]                  from [01m[K/root/workspace/src/drone/src/offb_node.cpp:2[m[K:
[1.393s] [01m[K/opt/ros/foxy/include/rclcpp/utilities.hpp:296:1:[m[K [01;36m[Knote: [m[Kcandidate: ‘[01m[Kconst char* rclcpp::get_c_string(const char*)[m[K’
[1.393s]   296 | [01;36m[Kget_c_string[m[K(const char * string_in);
[1.393s]       | [01;36m[K^~~~~~~~~~~~[m[K
[1.393s] [01m[K/opt/ros/foxy/include/rclcpp/utilities.hpp:296:1:[m[K [01;36m[Knote: [m[K  candidate expects 1 argument, 0 provided
[1.393s] [01m[K/opt/ros/foxy/include/rclcpp/utilities.hpp:305:1:[m[K [01;36m[Knote: [m[Kcandidate: ‘[01m[Kconst char* rclcpp::get_c_string(const string&)[m[K’
[1.393s]   305 | [01;36m[Kget_c_string[m[K(const std::string & string_in);
[1.393s]       | [01;36m[K^~~~~~~~~~~~[m[K
[1.393s] [01m[K/opt/ros/foxy/include/rclcpp/utilities.hpp:305:1:[m[K [01;36m[Knote: [m[K  candidate expects 1 argument, 0 provided
[1.393s] In file included from [01m[K/opt/ros/foxy/include/rclcpp/service.hpp:34[m[K,
[1.393s]                  from [01m[K/opt/ros/foxy/include/rclcpp/callback_group.hpp:25[m[K,
[1.393s]                  from [01m[K/opt/ros/foxy/include/rclcpp/any_executable.hpp:20[m[K,
[1.393s]                  from [01m[K/opt/ros/foxy/include/rclcpp/memory_strategy.hpp:24[m[K,
[1.393s]                  from [01m[K/opt/ros/foxy/include/rclcpp/memory_strategies.hpp:18[m[K,
[1.393s]                  from [01m[K/opt/ros/foxy/include/rclcpp/executor_options.hpp:20[m[K,
[1.393s]                  from [01m[K/opt/ros/foxy/include/rclcpp/executor.hpp:33[m[K,
[1.393s]                  from [01m[K/opt/ros/foxy/include/rclcpp/executors/multi_threaded_executor.hpp:26[m[K,
[1.393s]                  from [01m[K/opt/ros/foxy/include/rclcpp/executors.hpp:21[m[K,
[1.394s]                  from [01m[K/opt/ros/foxy/include/rclcpp/rclcpp.hpp:146[m[K,
[1.394s]                  from [01m[K/root/workspace/src/drone/src/offb_node.cpp:2[m[K:
[1.394s] [01m[K/root/workspace/src/drone/src/offb_node.cpp:196:9:[m[K [01;31m[Kerror: [m[Kstatic assertion failed: First argument to logging macros must be an rclcpp::Logger
[1.394s]   196 |         [01;31m[KRCLCPP_INFO[m[K("Failed to connect to MQTT broker. Retrying...");
[1.394s]       |         [01;31m[K^~~~~~~~~~~[m[K
[1.394s] In file included from [01m[K/opt/ros/foxy/include/rclcpp/client.hpp:40[m[K,
[1.394s]                  from [01m[K/opt/ros/foxy/include/rclcpp/callback_group.hpp:23[m[K,
[1.394s]                  from [01m[K/opt/ros/foxy/include/rclcpp/any_executable.hpp:20[m[K,
[1.394s]                  from [01m[K/opt/ros/foxy/include/rclcpp/memory_strategy.hpp:24[m[K,
[1.394s]                  from [01m[K/opt/ros/foxy/include/rclcpp/memory_strategies.hpp:18[m[K,
[1.394s]                  from [01m[K/opt/ros/foxy/include/rclcpp/executor_options.hpp:20[m[K,
[1.394s]                  from [01m[K/opt/ros/foxy/include/rclcpp/executor.hpp:33[m[K,
[1.394s]                  from [01m[K/opt/ros/foxy/include/rclcpp/executors/multi_threaded_executor.hpp:26[m[K,
[1.394s]                  from [01m[K/opt/ros/foxy/include/rclcpp/executors.hpp:21[m[K,
[1.394s]                  from [01m[K/opt/ros/foxy/include/rclcpp/rclcpp.hpp:146[m[K,
[1.394s]                  from [01m[K/root/workspace/src/drone/src/offb_node.cpp:2[m[K:
[1.394s] [01m[K/root/workspace/src/drone/src/offb_node.cpp:196:9:[m[K [01;31m[Kerror: [m[Krequest for member ‘[01m[Kget_name[m[K’ in ‘[01m[K("Failed to connect to MQTT broker. Retrying...")[m[K’, which is of non-class type ‘[01m[Kconst char [46][m[K’
[1.394s]   196 |         [01;31m[KRCLCPP_INFO[m[K("Failed to connect to MQTT broker. Retrying...");
[1.394s]       |         [01;31m[K^~~~~~~~~~~[m[K
[1.394s] [01m[K/root/workspace/src/drone/src/offb_node.cpp:196:9:[m[K [01;31m[Kerror: [m[Krequest for member ‘[01m[Kget_name[m[K’ in ‘[01m[K("Failed to connect to MQTT broker. Retrying...")[m[K’, which is of non-class type ‘[01m[Kconst char [46][m[K’
[1.394s]   196 |         [01;31m[KRCLCPP_INFO[m[K("Failed to connect to MQTT broker. Retrying...");
[1.394s]       |         [01;31m[K^~~~~~~~~~~[m[K
[1.394s] [01m[K/root/workspace/src/drone/src/offb_node.cpp:196:9:[m[K [01;31m[Kerror: [m[Kno matching function for call to ‘[01m[Kget_c_string()[m[K’
[1.394s]   196 |         [01;31m[KRCLCPP_INFO[m[K("Failed to connect to MQTT broker. Retrying...");
[1.394s]       |         [01;31m[K^~~~~~~~~~~[m[K
[1.395s] In file included from [01m[K/opt/ros/foxy/include/rclcpp/client.hpp:36[m[K,
[1.395s]                  from [01m[K/opt/ros/foxy/include/rclcpp/callback_group.hpp:23[m[K,
[1.395s]                  from [01m[K/opt/ros/foxy/include/rclcpp/any_executable.hpp:20[m[K,
[1.395s]                  from [01m[K/opt/ros/foxy/include/rclcpp/memory_strategy.hpp:24[m[K,
[1.395s]                  from [01m[K/opt/ros/foxy/include/rclcpp/memory_strategies.hpp:18[m[K,
[1.395s]                  from [01m[K/opt/ros/foxy/include/rclcpp/executor_options.hpp:20[m[K,
[1.395s]                  from [01m[K/opt/ros/foxy/include/rclcpp/executor.hpp:33[m[K,
[1.395s]                  from [01m[K/opt/ros/foxy/include/rclcpp/executors/multi_threaded_executor.hpp:26[m[K,
[1.395s]                  from [01m[K/opt/ros/foxy/include/rclcpp/executors.hpp:21[m[K,
[1.395s]                  from [01m[K/opt/ros/foxy/include/rclcpp/rclcpp.hpp:146[m[K,
[1.395s]                  from [01m[K/root/workspace/src/drone/src/offb_node.cpp:2[m[K:
[1.395s] [01m[K/opt/ros/foxy/include/rclcpp/utilities.hpp:296:1:[m[K [01;36m[Knote: [m[Kcandidate: ‘[01m[Kconst char* rclcpp::get_c_string(const char*)[m[K’
[1.395s]   296 | [01;36m[Kget_c_string[m[K(const char * string_in);
[1.395s]       | [01;36m[K^~~~~~~~~~~~[m[K
[1.395s] [01m[K/opt/ros/foxy/include/rclcpp/utilities.hpp:296:1:[m[K [01;36m[Knote: [m[K  candidate expects 1 argument, 0 provided
[1.395s] [01m[K/opt/ros/foxy/include/rclcpp/utilities.hpp:305:1:[m[K [01;36m[Knote: [m[Kcandidate: ‘[01m[Kconst char* rclcpp::get_c_string(const string&)[m[K’
[1.395s]   305 | [01;36m[Kget_c_string[m[K(const std::string & string_in);
[1.395s]       | [01;36m[K^~~~~~~~~~~~[m[K
[1.395s] [01m[K/opt/ros/foxy/include/rclcpp/utilities.hpp:305:1:[m[K [01;36m[Knote: [m[K  candidate expects 1 argument, 0 provided
[3.113s] make[2]: *** [CMakeFiles/node.dir/build.make:63: CMakeFiles/node.dir/src/offb_node.cpp.o] Error 1
[3.113s] make[1]: *** [CMakeFiles/Makefile2:78: CMakeFiles/node.dir/all] Error 2
[3.113s] make: *** [Makefile:141: all] Error 2
[3.115s] Invoked command in '/root/workspace/build/drone' returned '2': CMAKE_PREFIX_PATH=${CMAKE_PREFIX_PATH}:/opt/ros/foxy /usr/bin/cmake --build /root/workspace/build/drone -- -j20 -l20
