[0.010s] Invoking command in '/root/workspace/build/drone': CMAKE_PREFIX_PATH=${CMAKE_PREFIX_PATH}:/opt/ros/foxy /usr/bin/cmake --build /root/workspace/build/drone -- -j20 -l20
[0.042s] [35m[1mScanning dependencies of target node[0m
[0.064s] [ 50%] [32mBuilding CXX object CMakeFiles/node.dir/src/offb_node.cpp.o[0m
[1.073s] In file included from [01m[K/root/workspace/src/drone/src/offb_node.cpp:10[m[K:
[1.073s] [01m[K/root/workspace/src/drone/src/mqtt.cpp:[m[K In member function ‘[01m[Kvirtual void callback::on_failure(const mqtt::token&)[m[K’:
[1.073s] [01m[K/root/workspace/src/drone/src/mqtt.cpp:89:37:[m[K [01;35m[Kwarning: [m[Kunused parameter ‘[01m[Ktok[m[K’ [[01;35m[K-Wunused-parameter[m[K]
[1.073s]    89 | ure([01;35m[Kconst mqtt::token& tok[m[K) override {
[1.073s]       |     [01;35m[K~~~~~~~~~~~~~~~~~~~^~~[m[K
[1.073s] 
[1.073s] [01m[K/root/workspace/src/drone/src/mqtt.cpp:[m[K In member function ‘[01m[Kvirtual void callback::on_success(const mqtt::token&)[m[K’:
[1.074s] [01m[K/root/workspace/src/drone/src/mqtt.cpp:98:37:[m[K [01;35m[Kwarning: [m[Kunused parameter ‘[01m[Ktok[m[K’ [[01;35m[K-Wunused-parameter[m[K]
[1.074s]    98 | ss([01;35m[Kconst mqtt::token& tok[m[K) override {}
[1.074s]       |    [01;35m[K~~~~~~~~~~~~~~~~~~~^~~[m[K
[1.074s] 
[1.074s] [01m[K/root/workspace/src/drone/src/mqtt.cpp:[m[K In member function ‘[01m[Kvirtual void callback::connected(const string&)[m[K’:
[1.074s] [01m[K/root/workspace/src/drone/src/mqtt.cpp:101:36:[m[K [01;35m[Kwarning: [m[Kunused parameter ‘[01m[Kcause[m[K’ [[01;35m[K-Wunused-parameter[m[K]
[1.074s]   101 | d([01;35m[Kconst std::string& cause[m[K) override {
[1.074s]       |   [01;35m[K~~~~~~~~~~~~~~~~~~~^~~~~[m[K
[1.074s] 
[1.075s] [01m[K/root/workspace/src/drone/src/mqtt.cpp:[m[K In member function ‘[01m[Kvirtual void callback::delivery_complete(mqtt::delivery_token_ptr)[m[K’:
[1.075s] [01m[K/root/workspace/src/drone/src/mqtt.cpp:131:50:[m[K [01;35m[Kwarning: [m[Kunused parameter ‘[01m[Ktoken[m[K’ [[01;35m[K-Wunused-parameter[m[K]
[1.075s]   131 | [01;35m[K:delivery_token_ptr token[m[K) override {}
[1.075s]       | [01;35m[K~~~~~~~~~~~~~~~~~~~~^~~~~[m[K
[1.075s] 
[4.606s] [100%] [32m[1mLinking CXX executable node[0m
[4.780s] [100%] Built target node
[4.789s] Invoked command in '/root/workspace/build/drone' returned '0': CMAKE_PREFIX_PATH=${CMAKE_PREFIX_PATH}:/opt/ros/foxy /usr/bin/cmake --build /root/workspace/build/drone -- -j20 -l20
[4.812s] Invoking command in '/root/workspace/build/drone': CMAKE_PREFIX_PATH=${CMAKE_PREFIX_PATH}:/opt/ros/foxy /usr/bin/cmake --install /root/workspace/build/drone
[4.817s] -- Install configuration: ""
[4.817s] -- Installing: /root/workspace/install/drone/lib/drone/node
[4.819s] -- Set runtime path of "/root/workspace/install/drone/lib/drone/node" to ""
[4.819s] -- Up-to-date: /root/workspace/install/drone/share/ament_index/resource_index/package_run_dependencies/drone
[4.819s] -- Up-to-date: /root/workspace/install/drone/share/ament_index/resource_index/parent_prefix_path/drone
[4.819s] -- Up-to-date: /root/workspace/install/drone/share/drone/environment/ament_prefix_path.sh
[4.819s] -- Up-to-date: /root/workspace/install/drone/share/drone/environment/ament_prefix_path.dsv
[4.819s] -- Up-to-date: /root/workspace/install/drone/share/drone/environment/path.sh
[4.819s] -- Up-to-date: /root/workspace/install/drone/share/drone/environment/path.dsv
[4.819s] -- Up-to-date: /root/workspace/install/drone/share/drone/local_setup.bash
[4.819s] -- Up-to-date: /root/workspace/install/drone/share/drone/local_setup.sh
[4.819s] -- Up-to-date: /root/workspace/install/drone/share/drone/local_setup.zsh
[4.819s] -- Up-to-date: /root/workspace/install/drone/share/drone/local_setup.dsv
[4.819s] -- Installing: /root/workspace/install/drone/share/drone/package.dsv
[4.820s] -- Up-to-date: /root/workspace/install/drone/share/ament_index/resource_index/packages/drone
[4.820s] -- Up-to-date: /root/workspace/install/drone/share/drone/cmake/droneConfig.cmake
[4.820s] -- Up-to-date: /root/workspace/install/drone/share/drone/cmake/droneConfig-version.cmake
[4.820s] -- Up-to-date: /root/workspace/install/drone/share/drone/package.xml
[4.821s] Invoked command in '/root/workspace/build/drone' returned '0': CMAKE_PREFIX_PATH=${CMAKE_PREFIX_PATH}:/opt/ros/foxy /usr/bin/cmake --install /root/workspace/build/drone
