[0.011s] Invoking command in '/root/workspace/build/drone': CMAKE_PREFIX_PATH=${CMAKE_PREFIX_PATH}:/opt/ros/foxy /usr/bin/cmake --build /root/workspace/build/drone -- -j20 -l20
[0.054s] [35m[1mScanning dependencies of target node[0m
[0.079s] [ 50%] [32mBuilding CXX object CMakeFiles/node.dir/src/offb_node.cpp.o[0m
[1.240s] In file included from [01m[K/root/workspace/src/drone/src/offb_node.cpp:13[m[K:
[1.240s] [01m[K/root/workspace/src/drone/src/mqtt.cpp:[m[K In member function ‘[01m[Kvirtual void callback::on_failure(const mqtt::token&)[m[K’:
[1.240s] [01m[K/root/workspace/src/drone/src/mqtt.cpp:89:37:[m[K [01;35m[Kwarning: [m[Kunused parameter ‘[01m[Ktok[m[K’ [[01;35m[K-Wunused-parameter[m[K]
[1.240s]    89 |  void on_failure([01;35m[Kconst mqtt::token& tok[m[K) override {
[1.240s]       |                  [01;35m[K~~~~~~~~~~~~~~~~~~~^~~[m[K
[1.240s] [01m[K/root/workspace/src/drone/src/mqtt.cpp:[m[K In member function ‘[01m[Kvirtual void callback::on_success(const mqtt::token&)[m[K’:
[1.240s] [01m[K/root/workspace/src/drone/src/mqtt.cpp:98:37:[m[K [01;35m[Kwarning: [m[Kunused parameter ‘[01m[Ktok[m[K’ [[01;35m[K-Wunused-parameter[m[K]
[1.241s]    98 |  void on_success([01;35m[Kconst mqtt::token& tok[m[K) override {}
[1.241s]       |                  [01;35m[K~~~~~~~~~~~~~~~~~~~^~~[m[K
[1.241s] [01m[K/root/workspace/src/drone/src/mqtt.cpp:[m[K In member function ‘[01m[Kvirtual void callback::connected(const string&)[m[K’:
[1.241s] [01m[K/root/workspace/src/drone/src/mqtt.cpp:101:36:[m[K [01;35m[Kwarning: [m[Kunused parameter ‘[01m[Kcause[m[K’ [[01;35m[K-Wunused-parameter[m[K]
[1.241s]   101 |  void connected([01;35m[Kconst std::string& cause[m[K) override {
[1.241s]       |                 [01;35m[K~~~~~~~~~~~~~~~~~~~^~~~~[m[K
[1.242s] [01m[K/root/workspace/src/drone/src/mqtt.cpp:[m[K In member function ‘[01m[Kvirtual void callback::delivery_complete(mqtt::delivery_token_ptr)[m[K’:
[1.242s] [01m[K/root/workspace/src/drone/src/mqtt.cpp:131:50:[m[K [01;35m[Kwarning: [m[Kunused parameter ‘[01m[Ktoken[m[K’ [[01;35m[K-Wunused-parameter[m[K]
[1.242s]   131 |  void delivery_complete([01;35m[Kmqtt::delivery_token_ptr token[m[K) override {}
[1.242s]       |                         [01;35m[K~~~~~~~~~~~~~~~~~~~~~~~~~^~~~~[m[K
[6.799s] [100%] [32m[1mLinking CXX executable node[0m
[7.100s] [100%] Built target node
[7.109s] Invoked command in '/root/workspace/build/drone' returned '0': CMAKE_PREFIX_PATH=${CMAKE_PREFIX_PATH}:/opt/ros/foxy /usr/bin/cmake --build /root/workspace/build/drone -- -j20 -l20
[7.141s] Invoking command in '/root/workspace/build/drone': CMAKE_PREFIX_PATH=${CMAKE_PREFIX_PATH}:/opt/ros/foxy /usr/bin/cmake --install /root/workspace/build/drone
[7.147s] -- Install configuration: ""
[7.148s] -- Installing: /root/workspace/install/drone/lib/drone/node
[7.150s] -- Set runtime path of "/root/workspace/install/drone/lib/drone/node" to ""
[7.151s] -- Up-to-date: /root/workspace/install/drone/share/ament_index/resource_index/package_run_dependencies/drone
[7.151s] -- Up-to-date: /root/workspace/install/drone/share/ament_index/resource_index/parent_prefix_path/drone
[7.151s] -- Up-to-date: /root/workspace/install/drone/share/drone/environment/ament_prefix_path.sh
[7.151s] -- Up-to-date: /root/workspace/install/drone/share/drone/environment/ament_prefix_path.dsv
[7.152s] -- Up-to-date: /root/workspace/install/drone/share/drone/environment/path.sh
[7.152s] -- Up-to-date: /root/workspace/install/drone/share/drone/environment/path.dsv
[7.152s] -- Up-to-date: /root/workspace/install/drone/share/drone/local_setup.bash
[7.152s] -- Up-to-date: /root/workspace/install/drone/share/drone/local_setup.sh
[7.152s] -- Up-to-date: /root/workspace/install/drone/share/drone/local_setup.zsh
[7.152s] -- Up-to-date: /root/workspace/install/drone/share/drone/local_setup.dsv
[7.152s] -- Installing: /root/workspace/install/drone/share/drone/package.dsv
[7.152s] -- Up-to-date: /root/workspace/install/drone/share/ament_index/resource_index/packages/drone
[7.153s] -- Up-to-date: /root/workspace/install/drone/share/drone/cmake/droneConfig.cmake
[7.153s] -- Up-to-date: /root/workspace/install/drone/share/drone/cmake/droneConfig-version.cmake
[7.153s] -- Up-to-date: /root/workspace/install/drone/share/drone/package.xml
[7.153s] Invoked command in '/root/workspace/build/drone' returned '0': CMAKE_PREFIX_PATH=${CMAKE_PREFIX_PATH}:/opt/ros/foxy /usr/bin/cmake --install /root/workspace/build/drone
