[0.011s] Invoking command in '/root/workspace/build/drone': CMAKE_PREFIX_PATH=${CMAKE_PREFIX_PATH}:/opt/ros/foxy /usr/bin/cmake --build /root/workspace/build/drone -- -j20 -l20
[0.044s] [35m[1mScanning dependencies of target node[0m
[0.066s] [ 50%] [32mBuilding CXX object CMakeFiles/node.dir/src/offb_node.cpp.o[0m
[1.047s] In file included from [01m[K/root/workspace/src/drone/src/offb_node.cpp:10[m[K:
[1.047s] [01m[K/root/workspace/src/drone/src/mqtt.cpp:[m[K In member function ‘[01m[Kvirtual void callback::on_failure(const mqtt::token&)[m[K’:
[1.048s] [01m[K/root/workspace/src/drone/src/mqtt.cpp:89:37:[m[K [01;35m[Kwarning: [m[Kunused parameter ‘[01m[Ktok[m[K’ [[01;35m[K-Wunused-parameter[m[K]
[1.048s]    89 |  void on_failure([01;35m[Kconst mqtt::token& tok[m[K) override {
[1.048s]       |                  [01;35m[K~~~~~~~~~~~~~~~~~~~^~~[m[K
[1.048s] [01m[K/root/workspace/src/drone/src/mqtt.cpp:[m[K In member function ‘[01m[Kvirtual void callback::on_success(const mqtt::token&)[m[K’:
[1.048s] [01m[K/root/workspace/src/drone/src/mqtt.cpp:98:37:[m[K [01;35m[Kwarning: [m[Kunused parameter ‘[01m[Ktok[m[K’ [[01;35m[K-Wunused-parameter[m[K]
[1.048s]    98 |  void on_success([01;35m[Kconst mqtt::token& tok[m[K) override {}
[1.048s]       |                  [01;35m[K~~~~~~~~~~~~~~~~~~~^~~[m[K
[1.048s] [01m[K/root/workspace/src/drone/src/mqtt.cpp:[m[K In member function ‘[01m[Kvirtual void callback::connected(const string&)[m[K’:
[1.048s] [01m[K/root/workspace/src/drone/src/mqtt.cpp:101:36:[m[K [01;35m[Kwarning: [m[Kunused parameter ‘[01m[Kcause[m[K’ [[01;35m[K-Wunused-parameter[m[K]
[1.048s]   101 |  void connected([01;35m[Kconst std::string& cause[m[K) override {
[1.048s]       |                 [01;35m[K~~~~~~~~~~~~~~~~~~~^~~~~[m[K
[1.049s] [01m[K/root/workspace/src/drone/src/mqtt.cpp:[m[K In member function ‘[01m[Kvirtual void callback::delivery_complete(mqtt::delivery_token_ptr)[m[K’:
[1.049s] [01m[K/root/workspace/src/drone/src/mqtt.cpp:131:50:[m[K [01;35m[Kwarning: [m[Kunused parameter ‘[01m[Ktoken[m[K’ [[01;35m[K-Wunused-parameter[m[K]
[1.049s]   131 |  void delivery_complete([01;35m[Kmqtt::delivery_token_ptr token[m[K) override {}
[1.049s]       |                         [01;35m[K~~~~~~~~~~~~~~~~~~~~~~~~~^~~~~[m[K
[1.049s] [01m[K/root/workspace/src/drone/src/offb_node.cpp:[m[K At global scope:
[1.049s] [01m[K/root/workspace/src/drone/src/offb_node.cpp:15:34:[m[K [01;31m[Kerror: [m[Kexpected identifier before numeric constant
[1.049s]    15 | std::array<float,3> drone_pos = [[01;31m[K0[m[K,0,0];
[1.049s]       |                                  [01;31m[K^[m[K
[1.049s] [01m[K/root/workspace/src/drone/src/offb_node.cpp:15:35:[m[K [01;31m[Kerror: [m[Kexpected ‘[01m[K][m[K’ before ‘[01m[K,[m[K’ token
[1.049s]    15 | std::array<float,3> drone_pos = [0[01;31m[K,[m[K0,0];
[1.049s]       |                                   [01;31m[K^[m[K
[1.049s]       |                                   [32m[K][m[K
[1.049s] [01m[K/root/workspace/src/drone/src/offb_node.cpp:[m[K In lambda function:
[1.049s] [01m[K/root/workspace/src/drone/src/offb_node.cpp:15:35:[m[K [01;31m[Kerror: [m[Kexpected ‘[01m[K{[m[K’ before ‘[01m[K,[m[K’ token
[1.049s] [01m[K/root/workspace/src/drone/src/offb_node.cpp:[m[K At global scope:
[1.049s] [01m[K/root/workspace/src/drone/src/offb_node.cpp:15:35:[m[K [01;31m[Kerror: [m[Kconversion from ‘[01m[K<lambda()>[m[K’ to non-scalar type ‘[01m[Kstd::array<float, 3>[m[K’ requested
[1.049s] [01m[K/root/workspace/src/drone/src/offb_node.cpp:15:36:[m[K [01;31m[Kerror: [m[Kexpected unqualified-id before numeric constant
[1.050s]    15 | std::array<float,3> drone_pos = [0,[01;31m[K0[m[K,0];
[1.050s]       |                                    [01;31m[K^[m[K
[1.077s] [01m[K/root/workspace/src/drone/src/offb_node.cpp:[m[K In lambda function:
[1.077s] [01m[K/root/workspace/src/drone/src/offb_node.cpp:41:34:[m[K [01;31m[Kerror: [m[K‘[01m[Kstruct std::array<float, 3>[m[K’ has no member named ‘[01m[Kto_string[m[K’
[1.077s]    41 |             std::cout<<drone_pos.[01;31m[Kto_string[m[K()<<std::endl;
[1.077s]       |                                  [01;31m[K^~~~~~~~~[m[K
[2.777s] make[2]: *** [CMakeFiles/node.dir/build.make:63: CMakeFiles/node.dir/src/offb_node.cpp.o] Error 1
[2.777s] make[1]: *** [CMakeFiles/Makefile2:78: CMakeFiles/node.dir/all] Error 2
[2.777s] make: *** [Makefile:141: all] Error 2
[2.779s] Invoked command in '/root/workspace/build/drone' returned '2': CMAKE_PREFIX_PATH=${CMAKE_PREFIX_PATH}:/opt/ros/foxy /usr/bin/cmake --build /root/workspace/build/drone -- -j20 -l20
