[0.010s] Invoking command in '/root/workspace/build/drone': CMAKE_PREFIX_PATH=${CMAKE_PREFIX_PATH}:/opt/ros/foxy /usr/bin/cmake --build /root/workspace/build/drone -- -j20 -l20
[0.038s] [35m[1mScanning dependencies of target node[0m
[0.057s] [ 50%] [32mBuilding CXX object CMakeFiles/node.dir/src/offb_node.cpp.o[0m
[1.018s] In file included from [01m[K/root/workspace/src/drone/src/offb_node.cpp:9[m[K:
[1.018s] [01m[K/root/workspace/src/drone/src/mqtt.cpp:[m[K In member function ‘[01m[Kvirtual void callback::on_failure(const mqtt::token&)[m[K’:
[1.018s] [01m[K/root/workspace/src/drone/src/mqtt.cpp:89:37:[m[K [01;35m[Kwarning: [m[Kunused parameter ‘[01m[Ktok[m[K’ [[01;35m[K-Wunused-parameter[m[K]
[1.018s]    89 |  void on_failure([01;35m[Kconst mqtt::token& tok[m[K) override {
[1.018s]       |                  [01;35m[K~~~~~~~~~~~~~~~~~~~^~~[m[K
[1.018s] [01m[K/root/workspace/src/drone/src/mqtt.cpp:[m[K In member function ‘[01m[Kvirtual void callback::on_success(const mqtt::token&)[m[K’:
[1.018s] [01m[K/root/workspace/src/drone/src/mqtt.cpp:98:37:[m[K [01;35m[Kwarning: [m[Kunused parameter ‘[01m[Ktok[m[K’ [[01;35m[K-Wunused-parameter[m[K]
[1.018s]    98 |  void on_success([01;35m[Kconst mqtt::token& tok[m[K) override {}
[1.018s]       |                  [01;35m[K~~~~~~~~~~~~~~~~~~~^~~[m[K
[1.018s] [01m[K/root/workspace/src/drone/src/mqtt.cpp:[m[K In member function ‘[01m[Kvirtual void callback::connected(const string&)[m[K’:
[1.018s] [01m[K/root/workspace/src/drone/src/mqtt.cpp:101:36:[m[K [01;35m[Kwarning: [m[Kunused parameter ‘[01m[Kcause[m[K’ [[01;35m[K-Wunused-parameter[m[K]
[1.018s]   101 |  void connected([01;35m[Kconst std::string& cause[m[K) override {
[1.018s]       |                 [01;35m[K~~~~~~~~~~~~~~~~~~~^~~~~[m[K
[1.020s] [01m[K/root/workspace/src/drone/src/mqtt.cpp:[m[K In member function ‘[01m[Kvirtual void callback::delivery_complete(mqtt::delivery_token_ptr)[m[K’:
[1.020s] [01m[K/root/workspace/src/drone/src/mqtt.cpp:131:50:[m[K [01;35m[Kwarning: [m[Kunused parameter ‘[01m[Ktoken[m[K’ [[01;35m[K-Wunused-parameter[m[K]
[1.020s]   131 |  void delivery_complete([01;35m[Kmqtt::delivery_token_ptr token[m[K) override {}
[1.020s]       |                         [01;35m[K~~~~~~~~~~~~~~~~~~~~~~~~~^~~~~[m[K
[1.560s] In file included from [01m[K/opt/ros/foxy/include/rclcpp/subscription_base.hpp:29[m[K,
[1.560s]                  from [01m[K/opt/ros/foxy/include/rclcpp/callback_group.hpp:26[m[K,
[1.560s]                  from [01m[K/opt/ros/foxy/include/rclcpp/any_executable.hpp:20[m[K,
[1.560s]                  from [01m[K/opt/ros/foxy/include/rclcpp/memory_strategy.hpp:24[m[K,
[1.560s]                  from [01m[K/opt/ros/foxy/include/rclcpp/memory_strategies.hpp:18[m[K,
[1.560s]                  from [01m[K/opt/ros/foxy/include/rclcpp/executor_options.hpp:20[m[K,
[1.560s]                  from [01m[K/opt/ros/foxy/include/rclcpp/executor.hpp:33[m[K,
[1.560s]                  from [01m[K/opt/ros/foxy/include/rclcpp/executors/multi_threaded_executor.hpp:26[m[K,
[1.560s]                  from [01m[K/opt/ros/foxy/include/rclcpp/executors.hpp:21[m[K,
[1.560s]                  from [01m[K/opt/ros/foxy/include/rclcpp/rclcpp.hpp:146[m[K,
[1.560s]                  from [01m[K/root/workspace/src/drone/src/offb_node.cpp:2[m[K:
[1.561s] /opt/ros/foxy/include/rclcpp/any_subscription_callback.hpp: In instantiation of ‘[01m[Kvoid rclcpp::AnySubscriptionCallback<MessageT, Alloc>::set(CallbackT) [with CallbackT = std::_Bind<void (OffboardControl::*(OffboardControl*, int))(std::shared_ptr<px4_msgs::msg::VehicleOdometry_<std::allocator<void> > >)>; typename std::enable_if<rclcpp::function_traits::same_arguments<CallbackT, std::function<void(std::shared_ptr<_Tp>)> >::value>::type* <anonymous> = 0; MessageT = px4_msgs::msg::VehicleOdometry_<std::allocator<void> >; Alloc = std::allocator<void>][m[K’:
[1.561s] [01m[K/opt/ros/foxy/include/rclcpp/subscription_factory.hpp:97:3:[m[K   required from ‘[01m[Krclcpp::SubscriptionFactory rclcpp::create_subscription_factory(CallbackT&&, const rclcpp::SubscriptionOptionsWithAllocator<AllocatorT>&, typename MessageMemoryStrategyT::SharedPtr, std::shared_ptr<rclcpp::topic_statistics::SubscriptionTopicStatistics<CallbackMessageT> >) [with MessageT = px4_msgs::msg::VehicleOdometry_<std::allocator<void> >; CallbackT = std::_Bind<void (OffboardControl::*(OffboardControl*, int))(std::shared_ptr<px4_msgs::msg::VehicleOdometry_<std::allocator<void> > >)>; AllocatorT = std::allocator<void>; CallbackMessageT = px4_msgs::msg::VehicleOdometry_<std::allocator<void> >; SubscriptionT = rclcpp::Subscription<px4_msgs::msg::VehicleOdometry_<std::allocator<void> > >; MessageMemoryStrategyT = rclcpp::message_memory_strategy::MessageMemoryStrategy<px4_msgs::msg::VehicleOdometry_<std::allocator<void> >, std::allocator<void> >; typename MessageMemoryStrategyT::SharedPtr = std::shared_ptr<rclcpp::message_memory_strategy::MessageMemoryStrategy<px4_msgs::msg::VehicleOdometry_<std::allocator<void> >, std::allocator<void> > >][m[K’
[1.561s] [01m[K/opt/ros/foxy/include/rclcpp/create_subscription.hpp:144:63:[m[K   required from ‘[01m[Kstd::shared_ptr<SubscriptionT> rclcpp::create_subscription(NodeT&&, const string&, const rclcpp::QoS&, CallbackT&&, const rclcpp::SubscriptionOptionsWithAllocator<AllocatorT>&, typename MessageMemoryStrategyT::SharedPtr) [with MessageT = px4_msgs::msg::VehicleOdometry_<std::allocator<void> >; CallbackT = std::_Bind<void (OffboardControl::*(OffboardControl*, int))(std::shared_ptr<px4_msgs::msg::VehicleOdometry_<std::allocator<void> > >)>; AllocatorT = std::allocator<void>; CallbackMessageT = px4_msgs::msg::VehicleOdometry_<std::allocator<void> >; SubscriptionT = rclcpp::Subscription<px4_msgs::msg::VehicleOdometry_<std::allocator<void> > >; MessageMemoryStrategyT = rclcpp::message_memory_strategy::MessageMemoryStrategy<px4_msgs::msg::VehicleOdometry_<std::allocator<void> >, std::allocator<void> >; NodeT = rclcpp::Node&; std::string = std::__cxx11::basic_string<char>; typename MessageMemoryStrategyT::SharedPtr = std::shared_ptr<rclcpp::message_memory_strategy::MessageMemoryStrategy<px4_msgs::msg::VehicleOdometry_<std::allocator<void> >, std::allocator<void> > >][m[K’
[1.561s] [01m[K/opt/ros/foxy/include/rclcpp/node_impl.hpp:98:47:[m[K   required from ‘[01m[Kstd::shared_ptr<SubscriptionT> rclcpp::Node::create_subscription(const string&, const rclcpp::QoS&, CallbackT&&, const rclcpp::SubscriptionOptionsWithAllocator<AllocatorT>&, typename MessageMemoryStrategyT::SharedPtr) [with MessageT = px4_msgs::msg::VehicleOdometry_<std::allocator<void> >; CallbackT = std::_Bind<void (OffboardControl::*(OffboardControl*, int))(std::shared_ptr<px4_msgs::msg::VehicleOdometry_<std::allocator<void> > >)>; AllocatorT = std::allocator<void>; CallbackMessageT = px4_msgs::msg::VehicleOdometry_<std::allocator<void> >; SubscriptionT = rclcpp::Subscription<px4_msgs::msg::VehicleOdometry_<std::allocator<void> > >; MessageMemoryStrategyT = rclcpp::message_memory_strategy::MessageMemoryStrategy<px4_msgs::msg::VehicleOdometry_<std::allocator<void> >, std::allocator<void> >; std::string = std::__cxx11::basic_string<char>; typename MessageMemoryStrategyT::SharedPtr = std::shared_ptr<rclcpp::message_memory_strategy::MessageMemoryStrategy<px4_msgs::msg::VehicleOdometry_<std::allocator<void> >, std::allocator<void> > >][m[K’
[1.561s] [01m[K/root/workspace/src/drone/src/offb_node.cpp:26:154:[m[K   required from here
[1.561s] [01m[K/opt/ros/foxy/include/rclcpp/any_subscription_callback.hpp:85:26:[m[K [01;31m[Kerror: [m[Kno match for ‘[01m[Koperator=[m[K’ (operand types are ‘[01m[Krclcpp::AnySubscriptionCallback<px4_msgs::msg::VehicleOdometry_<std::allocator<void> >, std::allocator<void> >::SharedPtrCallback[m[K’ {aka ‘[01m[Kstd::function<void(std::shared_ptr<px4_msgs::msg::VehicleOdometry_<std::allocator<void> > >)>[m[K’} and ‘[01m[Kstd::_Bind<void (OffboardControl::*(OffboardControl*, int))(std::shared_ptr<px4_msgs::msg::VehicleOdometry_<std::allocator<void> > >)>[m[K’)
[1.561s]    85 |     [01;31m[Kshared_ptr_callback_ = callback[m[K;
[1.561s]       |     [01;31m[K~~~~~~~~~~~~~~~~~~~~~^~~~~~~~~~[m[K
[1.561s] In file included from [01m[K/usr/include/c++/9/future:48[m[K,
[1.561s]                  from [01m[K/opt/ros/foxy/include/rclcpp/executors.hpp:18[m[K,
[1.561s]                  from [01m[K/opt/ros/foxy/include/rclcpp/rclcpp.hpp:146[m[K,
[1.561s]                  from [01m[K/root/workspace/src/drone/src/offb_node.cpp:2[m[K:
[1.561s] [01m[K/usr/include/c++/9/bits/std_function.h:462:7:[m[K [01;36m[Knote: [m[Kcandidate: ‘[01m[Kstd::function<_Res(_ArgTypes ...)>& std::function<_Res(_ArgTypes ...)>::operator=(const std::function<_Res(_ArgTypes ...)>&) [with _Res = void; _ArgTypes = {std::shared_ptr<px4_msgs::msg::VehicleOdometry_<std::allocator<void> > >}][m[K’
[1.561s]   462 |       [01;36m[Koperator[m[K=(const function& __x)
[1.561s]       |       [01;36m[K^~~~~~~~[m[K
[1.562s] [01m[K/usr/include/c++/9/bits/std_function.h:462:33:[m[K [01;36m[Knote: [m[K  no known conversion for argument 1 from ‘[01m[Kstd::_Bind<void (OffboardControl::*(OffboardControl*, int))(std::shared_ptr<px4_msgs::msg::VehicleOdometry_<std::allocator<void> > >)>[m[K’ to ‘[01m[Kconst std::function<void(std::shared_ptr<px4_msgs::msg::VehicleOdometry_<std::allocator<void> > >)>&[m[K’
[1.562s]   462 |       operator=([01;36m[Kconst function& __x[m[K)
[1.562s]       |                 [01;36m[K~~~~~~~~~~~~~~~~^~~[m[K
[1.562s] [01m[K/usr/include/c++/9/bits/std_function.h:480:7:[m[K [01;36m[Knote: [m[Kcandidate: ‘[01m[Kstd::function<_Res(_ArgTypes ...)>& std::function<_Res(_ArgTypes ...)>::operator=(std::function<_Res(_ArgTypes ...)>&&) [with _Res = void; _ArgTypes = {std::shared_ptr<px4_msgs::msg::VehicleOdometry_<std::allocator<void> > >}][m[K’
[1.562s]   480 |       [01;36m[Koperator[m[K=(function&& __x) noexcept
[1.562s]       |       [01;36m[K^~~~~~~~[m[K
[1.562s] [01m[K/usr/include/c++/9/bits/std_function.h:480:28:[m[K [01;36m[Knote: [m[K  no known conversion for argument 1 from ‘[01m[Kstd::_Bind<void (OffboardControl::*(OffboardControl*, int))(std::shared_ptr<px4_msgs::msg::VehicleOdometry_<std::allocator<void> > >)>[m[K’ to ‘[01m[Kstd::function<void(std::shared_ptr<px4_msgs::msg::VehicleOdometry_<std::allocator<void> > >)>&&[m[K’
[1.562s]   480 |       operator=([01;36m[Kfunction&& __x[m[K) noexcept
[1.562s]       |                 [01;36m[K~~~~~~~~~~~^~~[m[K
[1.562s] [01m[K/usr/include/c++/9/bits/std_function.h:494:7:[m[K [01;36m[Knote: [m[Kcandidate: ‘[01m[Kstd::function<_Res(_ArgTypes ...)>& std::function<_Res(_ArgTypes ...)>::operator=(std::nullptr_t) [with _Res = void; _ArgTypes = {std::shared_ptr<px4_msgs::msg::VehicleOdometry_<std::allocator<void> > >}; std::nullptr_t = std::nullptr_t][m[K’
[1.562s]   494 |       [01;36m[Koperator[m[K=(nullptr_t) noexcept
[1.562s]       |       [01;36m[K^~~~~~~~[m[K
[1.562s] [01m[K/usr/include/c++/9/bits/std_function.h:494:17:[m[K [01;36m[Knote: [m[K  no known conversion for argument 1 from ‘[01m[Kstd::_Bind<void (OffboardControl::*(OffboardControl*, int))(std::shared_ptr<px4_msgs::msg::VehicleOdometry_<std::allocator<void> > >)>[m[K’ to ‘[01m[Kstd::nullptr_t[m[K’
[1.562s]   494 |       operator=([01;36m[Knullptr_t[m[K) noexcept
[1.562s]       |                 [01;36m[K^~~~~~~~~[m[K
[1.562s] [01m[K/usr/include/c++/9/bits/std_function.h:523:2:[m[K [01;36m[Knote: [m[Kcandidate: ‘[01m[Ktemplate<class _Functor> std::function<_Res(_ArgTypes ...)>::_Requires<std::function<_Res(_ArgTypes ...)>::_Callable<typename std::decay<_Functor>::type>, std::function<_Res(_ArgTypes ...)>&> std::function<_Res(_ArgTypes ...)>::operator=(_Functor&&) [with _Functor = _Functor; _Res = void; _ArgTypes = {std::shared_ptr<px4_msgs::msg::VehicleOdometry_<std::allocator<void> > >}][m[K’
[1.563s]   523 |  [01;36m[Koperator[m[K=(_Functor&& __f)
[1.563s]       |  [01;36m[K^~~~~~~~[m[K
[1.563s] [01m[K/usr/include/c++/9/bits/std_function.h:523:2:[m[K [01;36m[Knote: [m[K  template argument deduction/substitution failed:
[1.563s] /usr/include/c++/9/bits/std_function.h: In substitution of ‘[01m[Ktemplate<class _Res, class ... _ArgTypes> template<class _Cond, class _Tp> using _Requires = typename std::enable_if<_Cond::value, _Tp>::type [with _Cond = std::function<void(std::shared_ptr<px4_msgs::msg::VehicleOdometry_<std::allocator<void> > >)>::_Callable<std::_Bind<void (OffboardControl::*(OffboardControl*, int))(std::shared_ptr<px4_msgs::msg::VehicleOdometry_<std::allocator<void> > >)>, std::__invoke_result<std::_Bind<void (OffboardControl::*(OffboardControl*, int))(std::shared_ptr<px4_msgs::msg::VehicleOdometry_<std::allocator<void> > >)>&, std::shared_ptr<px4_msgs::msg::VehicleOdometry_<std::allocator<void> > > > >; _Tp = std::function<void(std::shared_ptr<px4_msgs::msg::VehicleOdometry_<std::allocator<void> > >)>&; _Res = void; _ArgTypes = {std::shared_ptr<px4_msgs::msg::VehicleOdometry_<std::allocator<void> > >}][m[K’:
[1.563s] [01m[K/usr/include/c++/9/bits/std_function.h:523:2:[m[K   required by substitution of ‘[01m[Ktemplate<class _Functor> std::function<void(std::shared_ptr<px4_msgs::msg::VehicleOdometry_<std::allocator<void> > >)>::_Requires<std::function<void(std::shared_ptr<px4_msgs::msg::VehicleOdometry_<std::allocator<void> > >)>::_Callable<typename std::decay<_Tp>::type, std::__invoke_result<typename std::decay<_Tp>::type&, std::shared_ptr<px4_msgs::msg::VehicleOdometry_<std::allocator<void> > > > >, std::function<void(std::shared_ptr<px4_msgs::msg::VehicleOdometry_<std::allocator<void> > >)>&> std::function<void(std::shared_ptr<px4_msgs::msg::VehicleOdometry_<std::allocator<void> > >)>::operator=<_Functor>(_Functor&&) [with _Functor = std::_Bind<void (OffboardControl::*(OffboardControl*, int))(std::shared_ptr<px4_msgs::msg::VehicleOdometry_<std::allocator<void> > >)>&][m[K’
[1.563s] [01m[K/opt/ros/foxy/include/rclcpp/any_subscription_callback.hpp:85:26:[m[K   required from ‘[01m[Kvoid rclcpp::AnySubscriptionCallback<MessageT, Alloc>::set(CallbackT) [with CallbackT = std::_Bind<void (OffboardControl::*(OffboardControl*, int))(std::shared_ptr<px4_msgs::msg::VehicleOdometry_<std::allocator<void> > >)>; typename std::enable_if<rclcpp::function_traits::same_arguments<CallbackT, std::function<void(std::shared_ptr<_Tp>)> >::value>::type* <anonymous> = 0; MessageT = px4_msgs::msg::VehicleOdometry_<std::allocator<void> >; Alloc = std::allocator<void>][m[K’
[1.563s] [01m[K/opt/ros/foxy/include/rclcpp/subscription_factory.hpp:97:3:[m[K   required from ‘[01m[Krclcpp::SubscriptionFactory rclcpp::create_subscription_factory(CallbackT&&, const rclcpp::SubscriptionOptionsWithAllocator<AllocatorT>&, typename MessageMemoryStrategyT::SharedPtr, std::shared_ptr<rclcpp::topic_statistics::SubscriptionTopicStatistics<CallbackMessageT> >) [with MessageT = px4_msgs::msg::VehicleOdometry_<std::allocator<void> >; CallbackT = std::_Bind<void (OffboardControl::*(OffboardControl*, int))(std::shared_ptr<px4_msgs::msg::VehicleOdometry_<std::allocator<void> > >)>; AllocatorT = std::allocator<void>; CallbackMessageT = px4_msgs::msg::VehicleOdometry_<std::allocator<void> >; SubscriptionT = rclcpp::Subscription<px4_msgs::msg::VehicleOdometry_<std::allocator<void> > >; MessageMemoryStrategyT = rclcpp::message_memory_strategy::MessageMemoryStrategy<px4_msgs::msg::VehicleOdometry_<std::allocator<void> >, std::allocator<void> >; typename MessageMemoryStrategyT::SharedPtr = std::shared_ptr<rclcpp::message_memory_strategy::MessageMemoryStrategy<px4_msgs::msg::VehicleOdometry_<std::allocator<void> >, std::allocator<void> > >][m[K’
[1.563s] [01m[K/opt/ros/foxy/include/rclcpp/create_subscription.hpp:144:63:[m[K   required from ‘[01m[Kstd::shared_ptr<SubscriptionT> rclcpp::create_subscription(NodeT&&, const string&, const rclcpp::QoS&, CallbackT&&, const rclcpp::SubscriptionOptionsWithAllocator<AllocatorT>&, typename MessageMemoryStrategyT::SharedPtr) [with MessageT = px4_msgs::msg::VehicleOdometry_<std::allocator<void> >; CallbackT = std::_Bind<void (OffboardControl::*(OffboardControl*, int))(std::shared_ptr<px4_msgs::msg::VehicleOdometry_<std::allocator<void> > >)>; AllocatorT = std::allocator<void>; CallbackMessageT = px4_msgs::msg::VehicleOdometry_<std::allocator<void> >; SubscriptionT = rclcpp::Subscription<px4_msgs::msg::VehicleOdometry_<std::allocator<void> > >; MessageMemoryStrategyT = rclcpp::message_memory_strategy::MessageMemoryStrategy<px4_msgs::msg::VehicleOdometry_<std::allocator<void> >, std::allocator<void> >; NodeT = rclcpp::Node&; std::string = std::__cxx11::basic_string<char>; typename MessageMemoryStrategyT::SharedPtr = std::shared_ptr<rclcpp::message_memory_strategy::MessageMemoryStrategy<px4_msgs::msg::VehicleOdometry_<std::allocator<void> >, std::allocator<void> > >][m[K’
[1.563s] [01m[K/opt/ros/foxy/include/rclcpp/node_impl.hpp:98:47:[m[K   required from ‘[01m[Kstd::shared_ptr<SubscriptionT> rclcpp::Node::create_subscription(const string&, const rclcpp::QoS&, CallbackT&&, const rclcpp::SubscriptionOptionsWithAllocator<AllocatorT>&, typename MessageMemoryStrategyT::SharedPtr) [with MessageT = px4_msgs::msg::VehicleOdometry_<std::allocator<void> >; CallbackT = std::_Bind<void (OffboardControl::*(OffboardControl*, int))(std::shared_ptr<px4_msgs::msg::VehicleOdometry_<std::allocator<void> > >)>; AllocatorT = std::allocator<void>; CallbackMessageT = px4_msgs::msg::VehicleOdometry_<std::allocator<void> >; SubscriptionT = rclcpp::Subscription<px4_msgs::msg::VehicleOdometry_<std::allocator<void> > >; MessageMemoryStrategyT = rclcpp::message_memory_strategy::MessageMemoryStrategy<px4_msgs::msg::VehicleOdometry_<std::allocator<void> >, std::allocator<void> >; std::string = std::__cxx11::basic_string<char>; typename MessageMemoryStrategyT::SharedPtr = std::shared_ptr<rclcpp::message_memory_strategy::MessageMemoryStrategy<px4_msgs::msg::VehicleOdometry_<std::allocator<void> >, std::allocator<void> > >][m[K’
[1.563s] [01m[K/root/workspace/src/drone/src/offb_node.cpp:26:154:[m[K   required from here
[1.563s] [01m[K/usr/include/c++/9/bits/std_function.h:385:8:[m[K [01;31m[Kerror: [m[Kno type named ‘[01m[Ktype[m[K’ in ‘[01m[Kstruct std::enable_if<false, std::function<void(std::shared_ptr<px4_msgs::msg::VehicleOdometry_<std::allocator<void> > >)>&>[m[K’
[1.563s]   385 |  using [01;31m[K_Requires[m[K = typename enable_if<_Cond::value, _Tp>::type;
[1.563s]       |        [01;31m[K^~~~~~~~~[m[K
[1.563s] /opt/ros/foxy/include/rclcpp/any_subscription_callback.hpp: In instantiation of ‘[01m[Kvoid rclcpp::AnySubscriptionCallback<MessageT, Alloc>::set(CallbackT) [with CallbackT = std::_Bind<void (OffboardControl::*(OffboardControl*, int))(std::shared_ptr<px4_msgs::msg::VehicleOdometry_<std::allocator<void> > >)>; typename std::enable_if<rclcpp::function_traits::same_arguments<CallbackT, std::function<void(std::shared_ptr<_Tp>)> >::value>::type* <anonymous> = 0; MessageT = px4_msgs::msg::VehicleOdometry_<std::allocator<void> >; Alloc = std::allocator<void>][m[K’:
[1.563s] [01m[K/opt/ros/foxy/include/rclcpp/subscription_factory.hpp:97:3:[m[K   required from ‘[01m[Krclcpp::SubscriptionFactory rclcpp::create_subscription_factory(CallbackT&&, const rclcpp::SubscriptionOptionsWithAllocator<AllocatorT>&, typename MessageMemoryStrategyT::SharedPtr, std::shared_ptr<rclcpp::topic_statistics::SubscriptionTopicStatistics<CallbackMessageT> >) [with MessageT = px4_msgs::msg::VehicleOdometry_<std::allocator<void> >; CallbackT = std::_Bind<void (OffboardControl::*(OffboardControl*, int))(std::shared_ptr<px4_msgs::msg::VehicleOdometry_<std::allocator<void> > >)>; AllocatorT = std::allocator<void>; CallbackMessageT = px4_msgs::msg::VehicleOdometry_<std::allocator<void> >; SubscriptionT = rclcpp::Subscription<px4_msgs::msg::VehicleOdometry_<std::allocator<void> > >; MessageMemoryStrategyT = rclcpp::message_memory_strategy::MessageMemoryStrategy<px4_msgs::msg::VehicleOdometry_<std::allocator<void> >, std::allocator<void> >; typename MessageMemoryStrategyT::SharedPtr = std::shared_ptr<rclcpp::message_memory_strategy::MessageMemoryStrategy<px4_msgs::msg::VehicleOdometry_<std::allocator<void> >, std::allocator<void> > >][m[K’
[1.564s] [01m[K/opt/ros/foxy/include/rclcpp/create_subscription.hpp:144:63:[m[K   required from ‘[01m[Kstd::shared_ptr<SubscriptionT> rclcpp::create_subscription(NodeT&&, const string&, const rclcpp::QoS&, CallbackT&&, const rclcpp::SubscriptionOptionsWithAllocator<AllocatorT>&, typename MessageMemoryStrategyT::SharedPtr) [with MessageT = px4_msgs::msg::VehicleOdometry_<std::allocator<void> >; CallbackT = std::_Bind<void (OffboardControl::*(OffboardControl*, int))(std::shared_ptr<px4_msgs::msg::VehicleOdometry_<std::allocator<void> > >)>; AllocatorT = std::allocator<void>; CallbackMessageT = px4_msgs::msg::VehicleOdometry_<std::allocator<void> >; SubscriptionT = rclcpp::Subscription<px4_msgs::msg::VehicleOdometry_<std::allocator<void> > >; MessageMemoryStrategyT = rclcpp::message_memory_strategy::MessageMemoryStrategy<px4_msgs::msg::VehicleOdometry_<std::allocator<void> >, std::allocator<void> >; NodeT = rclcpp::Node&; std::string = std::__cxx11::basic_string<char>; typename MessageMemoryStrategyT::SharedPtr = std::shared_ptr<rclcpp::message_memory_strategy::MessageMemoryStrategy<px4_msgs::msg::VehicleOdometry_<std::allocator<void> >, std::allocator<void> > >][m[K’
[1.564s] [01m[K/opt/ros/foxy/include/rclcpp/node_impl.hpp:98:47:[m[K   required from ‘[01m[Kstd::shared_ptr<SubscriptionT> rclcpp::Node::create_subscription(const string&, const rclcpp::QoS&, CallbackT&&, const rclcpp::SubscriptionOptionsWithAllocator<AllocatorT>&, typename MessageMemoryStrategyT::SharedPtr) [with MessageT = px4_msgs::msg::VehicleOdometry_<std::allocator<void> >; CallbackT = std::_Bind<void (OffboardControl::*(OffboardControl*, int))(std::shared_ptr<px4_msgs::msg::VehicleOdometry_<std::allocator<void> > >)>; AllocatorT = std::allocator<void>; CallbackMessageT = px4_msgs::msg::VehicleOdometry_<std::allocator<void> >; SubscriptionT = rclcpp::Subscription<px4_msgs::msg::VehicleOdometry_<std::allocator<void> > >; MessageMemoryStrategyT = rclcpp::message_memory_strategy::MessageMemoryStrategy<px4_msgs::msg::VehicleOdometry_<std::allocator<void> >, std::allocator<void> >; std::string = std::__cxx11::basic_string<char>; typename MessageMemoryStrategyT::SharedPtr = std::shared_ptr<rclcpp::message_memory_strategy::MessageMemoryStrategy<px4_msgs::msg::VehicleOdometry_<std::allocator<void> >, std::allocator<void> > >][m[K’
[1.564s] [01m[K/root/workspace/src/drone/src/offb_node.cpp:26:154:[m[K   required from here
[1.564s] [01m[K/usr/include/c++/9/bits/std_function.h:532:2:[m[K [01;36m[Knote: [m[Kcandidate: ‘[01m[Ktemplate<class _Functor> std::function<_Res(_ArgTypes ...)>& std::function<_Res(_ArgTypes ...)>::operator=(std::reference_wrapper<_Functor>) [with _Functor = _Functor; _Res = void; _ArgTypes = {std::shared_ptr<px4_msgs::msg::VehicleOdometry_<std::allocator<void> > >}][m[K’
[1.564s]   532 |  [01;36m[Koperator[m[K=(reference_wrapper<_Functor> __f) noexcept
[1.564s]       |  [01;36m[K^~~~~~~~[m[K
[1.564s] [01m[K/usr/include/c++/9/bits/std_function.h:532:2:[m[K [01;36m[Knote: [m[K  template argument deduction/substitution failed:
[1.564s] In file included from [01m[K/opt/ros/foxy/include/rclcpp/subscription_base.hpp:29[m[K,
[1.564s]                  from [01m[K/opt/ros/foxy/include/rclcpp/callback_group.hpp:26[m[K,
[1.564s]                  from [01m[K/opt/ros/foxy/include/rclcpp/any_executable.hpp:20[m[K,
[1.564s]                  from [01m[K/opt/ros/foxy/include/rclcpp/memory_strategy.hpp:24[m[K,
[1.564s]                  from [01m[K/opt/ros/foxy/include/rclcpp/memory_strategies.hpp:18[m[K,
[1.564s]                  from [01m[K/opt/ros/foxy/include/rclcpp/executor_options.hpp:20[m[K,
[1.564s]                  from [01m[K/opt/ros/foxy/include/rclcpp/executor.hpp:33[m[K,
[1.564s]                  from [01m[K/opt/ros/foxy/include/rclcpp/executors/multi_threaded_executor.hpp:26[m[K,
[1.564s]                  from [01m[K/opt/ros/foxy/include/rclcpp/executors.hpp:21[m[K,
[1.565s]                  from [01m[K/opt/ros/foxy/include/rclcpp/rclcpp.hpp:146[m[K,
[1.565s]                  from [01m[K/root/workspace/src/drone/src/offb_node.cpp:2[m[K:
[1.565s] [01m[K/opt/ros/foxy/include/rclcpp/any_subscription_callback.hpp:85:26:[m[K [01;36m[Knote: [m[K  ‘[01m[Kstd::_Bind<void (OffboardControl::*(OffboardControl*, int))(std::shared_ptr<px4_msgs::msg::VehicleOdometry_<std::allocator<void> > >)>[m[K’ is not derived from ‘[01m[Kstd::reference_wrapper<_Tp>[m[K’
[1.565s]    85 |     [01;36m[Kshared_ptr_callback_ = callback[m[K;
[1.565s]       |     [01;36m[K~~~~~~~~~~~~~~~~~~~~~^~~~~~~~~~[m[K
[2.706s] make[2]: *** [CMakeFiles/node.dir/build.make:63: CMakeFiles/node.dir/src/offb_node.cpp.o] Error 1
[2.707s] make[1]: *** [CMakeFiles/Makefile2:78: CMakeFiles/node.dir/all] Error 2
[2.707s] make: *** [Makefile:141: all] Error 2
[2.708s] Invoked command in '/root/workspace/build/drone' returned '2': CMAKE_PREFIX_PATH=${CMAKE_PREFIX_PATH}:/opt/ros/foxy /usr/bin/cmake --build /root/workspace/build/drone -- -j20 -l20
