[0.010s] Invoking command in '/root/workspace/build/drone': CMAKE_PREFIX_PATH=${CMAKE_PREFIX_PATH}:/opt/ros/foxy /usr/bin/cmake --build /root/workspace/build/drone -- -j20 -l20
[0.042s] [35m[1mScanning dependencies of target node[0m
[0.061s] [ 50%] [32mBuilding CXX object CMakeFiles/node.dir/src/offb_node.cpp.o[0m
[1.066s] In file included from [01m[K/root/workspace/src/drone/src/offb_node.cpp:9[m[K:
[1.066s] [01m[K/root/workspace/src/drone/src/mqtt.cpp:[m[K In member function ‘[01m[Kvirtual void callback::on_failure(const mqtt::token&)[m[K’:
[1.066s] [01m[K/root/workspace/src/drone/src/mqtt.cpp:89:37:[m[K [01;35m[Kwarning: [m[Kunused parameter ‘[01m[Ktok[m[K’ [[01;35m[K-Wunused-parameter[m[K]
[1.066s]    89 |  void on_failure([01;35m[Kconst mqtt::token& tok[m[K) override {
[1.066s]       |                  [01;35m[K~~~~~~~~~~~~~~~~~~~^~~[m[K
[1.066s] [01m[K/root/workspace/src/drone/src/mqtt.cpp:[m[K In member function ‘[01m[Kvirtual void callback::on_success(const mqtt::token&)[m[K’:
[1.066s] [01m[K/root/workspace/src/drone/src/mqtt.cpp:98:37:[m[K [01;35m[Kwarning: [m[Kunused parameter ‘[01m[Ktok[m[K’ [[01;35m[K-Wunused-parameter[m[K]
[1.066s]    98 |  void on_success([01;35m[Kconst mqtt::token& tok[m[K) override {}
[1.066s]       |                  [01;35m[K~~~~~~~~~~~~~~~~~~~^~~[m[K
[1.067s] [01m[K/root/workspace/src/drone/src/mqtt.cpp:[m[K In member function ‘[01m[Kvirtual void callback::connected(const string&)[m[K’:
[1.067s] [01m[K/root/workspace/src/drone/src/mqtt.cpp:101:36:[m[K [01;35m[Kwarning: [m[Kunused parameter ‘[01m[Kcause[m[K’ [[01;35m[K-Wunused-parameter[m[K]
[1.067s]   101 |  void connected([01;35m[Kconst std::string& cause[m[K) override {
[1.067s]       |                 [01;35m[K~~~~~~~~~~~~~~~~~~~^~~~~[m[K
[1.067s] [01m[K/root/workspace/src/drone/src/mqtt.cpp:[m[K In member function ‘[01m[Kvirtual void callback::delivery_complete(mqtt::delivery_token_ptr)[m[K’:
[1.067s] [01m[K/root/workspace/src/drone/src/mqtt.cpp:131:50:[m[K [01;35m[Kwarning: [m[Kunused parameter ‘[01m[Ktoken[m[K’ [[01;35m[K-Wunused-parameter[m[K]
[1.067s]   131 |  void delivery_complete([01;35m[Kmqtt::delivery_token_ptr token[m[K) override {}
[1.067s]       |                         [01;35m[K~~~~~~~~~~~~~~~~~~~~~~~~~^~~~~[m[K
[1.217s] [01m[K/root/workspace/src/drone/src/offb_node.cpp:[m[K In member function ‘[01m[Kvoid OffboardControl::odometry_cb(px4_msgs::msg::VehicleOdometry_<std::allocator<void> >::SharedPtr)[m[K’:
[1.217s] [01m[K/root/workspace/src/drone/src/offb_node.cpp:65:55:[m[K [01;35m[Kwarning: [m[Kunused parameter ‘[01m[Kmsg[m[K’ [[01;35m[K-Wunused-parameter[m[K]
[1.217s]    65 |     void odometry_cb([01;35m[Kconst VehicleOdometry::SharedPtr msg[m[K){}
[1.217s]       |                      [01;35m[K~~~~~~~~~~~~~~~~~~~~~~~~~~~~~~~~~^~~[m[K
[1.244s] [01m[K/root/workspace/src/drone/src/offb_node.cpp:[m[K In function ‘[01m[Kvoid odometry_cb(px4_msgs::msg::VehicleOdometry_<std::allocator<void> >::SharedPtr)[m[K’:
[1.244s] [01m[K/root/workspace/src/drone/src/offb_node.cpp:113:32:[m[K [01;31m[Kerror: [m[Kexpected ‘[01m[K;[m[K’ before ‘[01m[K}[m[K’ token
[1.244s]   113 |     drone_pos = msg -> position
[1.244s]       |                                [01;31m[K^[m[K
[1.244s]       |                                [32m[K;[m[K
[1.244s]   114 | [32m[K}[m[K
[1.244s]       | [32m[K~[m[K                               
[2.784s] make[2]: *** [CMakeFiles/node.dir/build.make:63: CMakeFiles/node.dir/src/offb_node.cpp.o] Error 1
[2.784s] make[1]: *** [CMakeFiles/Makefile2:78: CMakeFiles/node.dir/all] Error 2
[2.784s] make: *** [Makefile:141: all] Error 2
[2.786s] Invoked command in '/root/workspace/build/drone' returned '2': CMAKE_PREFIX_PATH=${CMAKE_PREFIX_PATH}:/opt/ros/foxy /usr/bin/cmake --build /root/workspace/build/drone -- -j20 -l20
