[0.011s] Invoking command in '/root/workspace/build/drone': CMAKE_PREFIX_PATH=${CMAKE_PREFIX_PATH}:/opt/ros/foxy /usr/bin/cmake --build /root/workspace/build/drone -- -j20 -l20
[0.032s] -- Found ament_cmake: 0.9.12 (/opt/ros/foxy/share/ament_cmake/cmake)
[0.045s] -- Using PYTHON_EXECUTABLE: /usr/bin/python3
[0.128s] -- Found rclcpp: 2.4.3 (/opt/ros/foxy/share/rclcpp/cmake)
[0.152s] -- Using all available rosidl_typesupport_c: rosidl_typesupport_fastrtps_c;rosidl_typesupport_introspection_c
[0.154s] -- Found rosidl_adapter: 1.3.1 (/opt/ros/foxy/share/rosidl_adapter/cmake)
[0.240s] -- Using all available rosidl_typesupport_cpp: rosidl_typesupport_fastrtps_cpp;rosidl_typesupport_introspection_cpp
[0.269s] -- Found rmw_implementation_cmake: 1.0.4 (/opt/ros/foxy/share/rmw_implementation_cmake/cmake)
[0.270s] -- Using RMW implementation 'rmw_fastrtps_cpp' as default
[0.365s] -- Found px4_msgs: 2.0.1 (/root/microros_ws/install/px4_msgs/share/px4_msgs/cmake)
[0.382s] -- Found ament_lint_auto: 0.9.8 (/opt/ros/foxy/share/ament_lint_auto/cmake)
[0.424s] -- Added test 'copyright' to check source files copyright and LICENSE
[0.425s] -- Added test 'cppcheck' to perform static code analysis on C / C++ code
[0.425s] -- Configured cppcheck include dirs: 
[0.425s] -- Configured cppcheck exclude dirs and/or files: 
[0.425s] -- Added test 'cpplint' to check C / C++ code against the Google style
[0.425s] -- Configured cpplint exclude dirs and/or files: 
[0.425s] -- Added test 'lint_cmake' to check CMake code style
[0.426s] -- Added test 'uncrustify' to check C / C++ code style
[0.426s] -- Configured uncrustify additional arguments: 
[0.426s] -- Added test 'xmllint' to check XML markup files
[0.428s] -- Configuring done
[0.435s] -- Generating done
[0.436s] -- Build files have been written to: /root/workspace/build/drone
[0.454s] [35m[1mScanning dependencies of target node[0m
[0.478s] [ 50%] [32mBuilding CXX object CMakeFiles/node.dir/src/offb_node.cpp.o[0m
[1.533s] In file included from [01m[K/root/workspace/src/drone/src/offb_node.cpp:9[m[K:
[1.533s] [01m[K/root/workspace/src/drone/src/classes.cpp:[m[K In member function ‘[01m[Kvirtual void callback::on_failure(const mqtt::token&)[m[K’:
[1.533s] [01m[K/root/workspace/src/drone/src/classes.cpp:89:37:[m[K [01;35m[Kwarning: [m[Kunused parameter ‘[01m[Ktok[m[K’ [[01;35m[K-Wunused-parameter[m[K]
[1.533s]    89 |  void on_failure([01;35m[Kconst mqtt::token& tok[m[K) override {
[1.533s]       |                  [01;35m[K~~~~~~~~~~~~~~~~~~~^~~[m[K
[1.533s] [01m[K/root/workspace/src/drone/src/classes.cpp:[m[K In member function ‘[01m[Kvirtual void callback::on_success(const mqtt::token&)[m[K’:
[1.533s] [01m[K/root/workspace/src/drone/src/classes.cpp:98:37:[m[K [01;35m[Kwarning: [m[Kunused parameter ‘[01m[Ktok[m[K’ [[01;35m[K-Wunused-parameter[m[K]
[1.533s]    98 |  void on_success([01;35m[Kconst mqtt::token& tok[m[K) override {}
[1.533s]       |                  [01;35m[K~~~~~~~~~~~~~~~~~~~^~~[m[K
[1.533s] [01m[K/root/workspace/src/drone/src/classes.cpp:[m[K In member function ‘[01m[Kvirtual void callback::connected(const string&)[m[K’:
[1.533s] [01m[K/root/workspace/src/drone/src/classes.cpp:101:36:[m[K [01;35m[Kwarning: [m[Kunused parameter ‘[01m[Kcause[m[K’ [[01;35m[K-Wunused-parameter[m[K]
[1.533s]   101 |  void connected([01;35m[Kconst std::string& cause[m[K) override {
[1.533s]       |                 [01;35m[K~~~~~~~~~~~~~~~~~~~^~~~~[m[K
[1.535s] [01m[K/root/workspace/src/drone/src/classes.cpp:[m[K In member function ‘[01m[Kvirtual void callback::delivery_complete(mqtt::delivery_token_ptr)[m[K’:
[1.535s] [01m[K/root/workspace/src/drone/src/classes.cpp:131:50:[m[K [01;35m[Kwarning: [m[Kunused parameter ‘[01m[Ktoken[m[K’ [[01;35m[K-Wunused-parameter[m[K]
[1.535s]   131 |  void delivery_complete([01;35m[Kmqtt::delivery_token_ptr token[m[K) override {}
[1.535s]       |                         [01;35m[K~~~~~~~~~~~~~~~~~~~~~~~~~^~~~~[m[K
[1.537s] [01m[K/root/workspace/src/drone/src/offb_node.cpp:[m[K At global scope:
[1.537s] [01m[K/root/workspace/src/drone/src/offb_node.cpp:19:23:[m[K [01;31m[Kerror: [m[K‘[01m[KVeh[m[K’ was not declared in this scope
[1.537s]    19 |     rclcpp::Publisher<[01;31m[KVeh[m[K
[1.537s]       |                       [01;31m[K^~~[m[K
[1.537s] [01m[K/root/workspace/src/drone/src/offb_node.cpp:19:23:[m[K [01;31m[Kerror: [m[Ktemplate argument 1 is invalid
[1.537s] [01m[K/root/workspace/src/drone/src/offb_node.cpp:22:1:[m[K [01;31m[Kerror: [m[Kexpected unqualified-id before ‘[01m[K}[m[K’ token
[1.537s]    22 | [01;31m[K}[m[K;
[1.537s]       | [01;31m[K^[m[K
[2.273s] make[2]: *** [CMakeFiles/node.dir/build.make:63: CMakeFiles/node.dir/src/offb_node.cpp.o] Error 1
[2.273s] make[1]: *** [CMakeFiles/Makefile2:78: CMakeFiles/node.dir/all] Error 2
[2.273s] make: *** [Makefile:141: all] Error 2
[2.274s] Invoked command in '/root/workspace/build/drone' returned '2': CMAKE_PREFIX_PATH=${CMAKE_PREFIX_PATH}:/opt/ros/foxy /usr/bin/cmake --build /root/workspace/build/drone -- -j20 -l20
