[35m[1mScanning dependencies of target node[0m
[ 50%] [32mBuilding CXX object CMakeFiles/node.dir/src/offb_node.cpp.o[0m
In file included from [01m[K/root/workspace/src/drone/src/offb_node.cpp:9[m[K:
[01m[K/root/workspace/src/drone/src/mqtt.cpp:[m[K In member function ‘[01m[Kvirtual void callback::on_failure(const mqtt::token&)[m[K’:
[01m[K/root/workspace/src/drone/src/mqtt.cpp:89:37:[m[K [01;35m[Kwarning: [m[Kunused parameter ‘[01m[Ktok[m[K’ [[01;35m[K-Wunused-parameter[m[K]
   89 |  void on_failure([01;35m[Kconst mqtt::token& tok[m[K) override {
      |                  [01;35m[K~~~~~~~~~~~~~~~~~~~^~~[m[K
[01m[K/root/workspace/src/drone/src/mqtt.cpp:[m[K In member function ‘[01m[Kvirtual void callback::on_success(const mqtt::token&)[m[K’:
[01m[K/root/workspace/src/drone/src/mqtt.cpp:98:37:[m[K [01;35m[Kwarning: [m[Kunused parameter ‘[01m[Ktok[m[K’ [[01;35m[K-Wunused-parameter[m[K]
   98 |  void on_success([01;35m[Kconst mqtt::token& tok[m[K) override {}
      |                  [01;35m[K~~~~~~~~~~~~~~~~~~~^~~[m[K
[01m[K/root/workspace/src/drone/src/mqtt.cpp:[m[K In member function ‘[01m[Kvirtual void callback::connected(const string&)[m[K’:
[01m[K/root/workspace/src/drone/src/mqtt.cpp:101:36:[m[K [01;35m[Kwarning: [m[Kunused parameter ‘[01m[Kcause[m[K’ [[01;35m[K-Wunused-parameter[m[K]
  101 |  void connected([01;35m[Kconst std::string& cause[m[K) override {
      |                 [01;35m[K~~~~~~~~~~~~~~~~~~~^~~~~[m[K
[01m[K/root/workspace/src/drone/src/mqtt.cpp:[m[K In member function ‘[01m[Kvirtual void callback::delivery_complete(mqtt::delivery_token_ptr)[m[K’:
[01m[K/root/workspace/src/drone/src/mqtt.cpp:131:50:[m[K [01;35m[Kwarning: [m[Kunused parameter ‘[01m[Ktoken[m[K’ [[01;35m[K-Wunused-parameter[m[K]
  131 |  void delivery_complete([01;35m[Kmqtt::delivery_token_ptr token[m[K) override {}
      |                         [01;35m[K~~~~~~~~~~~~~~~~~~~~~~~~~^~~~~[m[K
[100%] [32m[1mLinking CXX executable node[0m
[100%] Built target node
-- Install configuration: ""
-- Installing: /root/workspace/install/drone/lib/drone/node
-- Set runtime path of "/root/workspace/install/drone/lib/drone/node" to ""
-- Up-to-date: /root/workspace/install/drone/share/ament_index/resource_index/package_run_dependencies/drone
-- Installing: /root/workspace/install/drone/share/ament_index/resource_index/parent_prefix_path/drone
-- Up-to-date: /root/workspace/install/drone/share/drone/environment/ament_prefix_path.sh
-- Installing: /root/workspace/install/drone/share/drone/environment/ament_prefix_path.dsv
-- Up-to-date: /root/workspace/install/drone/share/drone/environment/path.sh
-- Installing: /root/workspace/install/drone/share/drone/environment/path.dsv
-- Up-to-date: /root/workspace/install/drone/share/drone/local_setup.bash
-- Up-to-date: /root/workspace/install/drone/share/drone/local_setup.sh
-- Up-to-date: /root/workspace/install/drone/share/drone/local_setup.zsh
-- Installing: /root/workspace/install/drone/share/drone/local_setup.dsv
-- Installing: /root/workspace/install/drone/share/drone/package.dsv
-- Up-to-date: /root/workspace/install/drone/share/ament_index/resource_index/packages/drone
-- Up-to-date: /root/workspace/install/drone/share/drone/cmake/droneConfig.cmake
-- Up-to-date: /root/workspace/install/drone/share/drone/cmake/droneConfig-version.cmake
-- Up-to-date: /root/workspace/install/drone/share/drone/package.xml
