[35m[1mScanning dependencies of target node[0m
[ 50%] [32mBuilding CXX object CMakeFiles/node.dir/src/offb_node.cpp.o[0m
[100%] [32m[1mLinking CXX executable node[0m
[100%] Built target node
-- Install configuration: ""
-- Installing: /root/workspace/install/drone/lib/drone/node
-- Set runtime path of "/root/workspace/install/drone/lib/drone/node" to ""
-- Up-to-date: /root/workspace/install/drone/share/ament_index/resource_index/package_run_dependencies/drone
-- Up-to-date: /root/workspace/install/drone/share/ament_index/resource_index/parent_prefix_path/drone
-- Up-to-date: /root/workspace/install/drone/share/drone/environment/ament_prefix_path.sh
-- Up-to-date: /root/workspace/install/drone/share/drone/environment/ament_prefix_path.dsv
-- Up-to-date: /root/workspace/install/drone/share/drone/environment/path.sh
-- Up-to-date: /root/workspace/install/drone/share/drone/environment/path.dsv
-- Up-to-date: /root/workspace/install/drone/share/drone/local_setup.bash
-- Up-to-date: /root/workspace/install/drone/share/drone/local_setup.sh
-- Up-to-date: /root/workspace/install/drone/share/drone/local_setup.zsh
-- Up-to-date: /root/workspace/install/drone/share/drone/local_setup.dsv
-- Installing: /root/workspace/install/drone/share/drone/package.dsv
-- Up-to-date: /root/workspace/install/drone/share/ament_index/resource_index/packages/drone
-- Up-to-date: /root/workspace/install/drone/share/drone/cmake/droneConfig.cmake
-- Up-to-date: /root/workspace/install/drone/share/drone/cmake/droneConfig-version.cmake
-- Up-to-date: /root/workspace/install/drone/share/drone/package.xml
