[0.016s] Invoking command in '/root/workspace/build/drone': CMAKE_PREFIX_PATH=${CMAKE_PREFIX_PATH}:/opt/ros/foxy /usr/bin/cmake --build /root/workspace/build/drone -- -j20 -l20
[0.045s] [35m[1mScanning dependencies of target node[0m
[0.061s] [ 50%] [32mBuilding CXX object CMakeFiles/node.dir/src/offb_node.cpp.o[0m
[1.154s] In file included from [01m[K/root/workspace/src/drone/src/offb_node.cpp:10[m[K:
[1.155s] [01m[K/root/workspace/src/drone/src/mqtt.cpp:[m[K In member function ‘[01m[Kvirtual void callback::on_failure(const mqtt::token&)[m[K’:
[1.155s] [01m[K/root/workspace/src/drone/src/mqtt.cpp:89:37:[m[K [01;35m[Kwarning: [m[Kunused parameter ‘[01m[Ktok[m[K’ [[01;35m[K-Wunused-parameter[m[K]
[1.155s]    89 | ure([01;35m[Kconst mqtt::token& tok[m[K) override {
[1.155s]       |     [01;35m[K~~~~~~~~~~~~~~~~~~~^~~[m[K
[1.155s] 
[1.155s] [01m[K/root/workspace/src/drone/src/mqtt.cpp:[m[K In member function ‘[01m[Kvirtual void callback::on_success(const mqtt::token&)[m[K’:
[1.155s] [01m[K/root/workspace/src/drone/src/mqtt.cpp:98:37:[m[K [01;35m[Kwarning: [m[Kunused parameter ‘[01m[Ktok[m[K’ [[01;35m[K-Wunused-parameter[m[K]
[1.155s]    98 | ss([01;35m[Kconst mqtt::token& tok[m[K) override {}
[1.155s]       |    [01;35m[K~~~~~~~~~~~~~~~~~~~^~~[m[K
[1.155s] 
[1.155s] [01m[K/root/workspace/src/drone/src/mqtt.cpp:[m[K In member function ‘[01m[Kvirtual void callback::connected(const string&)[m[K’:
[1.155s] [01m[K/root/workspace/src/drone/src/mqtt.cpp:101:36:[m[K [01;35m[Kwarning: [m[Kunused parameter ‘[01m[Kcause[m[K’ [[01;35m[K-Wunused-parameter[m[K]
[1.155s]   101 | d([01;35m[Kconst std::string& cause[m[K) override {
[1.155s]       |   [01;35m[K~~~~~~~~~~~~~~~~~~~^~~~~[m[K
[1.155s] 
[1.156s] [01m[K/root/workspace/src/drone/src/mqtt.cpp:[m[K In member function ‘[01m[Kvirtual void callback::delivery_complete(mqtt::delivery_token_ptr)[m[K’:
[1.156s] [01m[K/root/workspace/src/drone/src/mqtt.cpp:131:50:[m[K [01;35m[Kwarning: [m[Kunused parameter ‘[01m[Ktoken[m[K’ [[01;35m[K-Wunused-parameter[m[K]
[1.156s]   131 | [01;35m[K:delivery_token_ptr token[m[K) override {}
[1.156s]       | [01;35m[K~~~~~~~~~~~~~~~~~~~~^~~~~[m[K
[1.156s] 
[1.169s] [01m[K/root/workspace/src/drone/src/offb_node.cpp:[m[K In constructor ‘[01m[KOffboardControl::OffboardControl()[m[K’:
[1.169s] [01m[K/root/workspace/src/drone/src/offb_node.cpp:31:9:[m[K [01;31m[Kerror: [m[K‘[01m[Kvehicle_odometry[m[K’ was not declared in this scope
[1.169s]    31 |         [01;31m[Kvehicle_odometry[m[K = this -> create_subscription<VehicleOdometry>("/fmu/out/vehicle_odometry", qos,
[1.169s]       |         [01;31m[K^~~~~~~~~~~~~~~~[m[K
[2.854s] make[2]: *** [CMakeFiles/node.dir/build.make:63: CMakeFiles/node.dir/src/offb_node.cpp.o] Error 1
[2.854s] make[1]: *** [CMakeFiles/Makefile2:78: CMakeFiles/node.dir/all] Error 2
[2.854s] make: *** [Makefile:141: all] Error 2
[2.855s] Invoked command in '/root/workspace/build/drone' returned '2': CMAKE_PREFIX_PATH=${CMAKE_PREFIX_PATH}:/opt/ros/foxy /usr/bin/cmake --build /root/workspace/build/drone -- -j20 -l20
