[0.010s] Invoking command in '/root/workspace/build/drone': CMAKE_PREFIX_PATH=${CMAKE_PREFIX_PATH}:/opt/ros/foxy /usr/bin/cmake --build /root/workspace/build/drone -- -j20 -l20
[0.052s] [35m[1mScanning dependencies of target node[0m
[0.073s] [ 50%] [32mBuilding CXX object CMakeFiles/node.dir/src/offb_node.cpp.o[0m
[0.955s] In file included from [01m[K/root/workspace/src/drone/src/offb_node.cpp:9[m[K:
[0.955s] [01m[K/root/workspace/src/drone/src/mqtt.cpp:[m[K In member function ‘[01m[Kvirtual void callback::on_failure(const mqtt::token&)[m[K’:
[0.955s] [01m[K/root/workspace/src/drone/src/mqtt.cpp:89:37:[m[K [01;35m[Kwarning: [m[Kunused parameter ‘[01m[Ktok[m[K’ [[01;35m[K-Wunused-parameter[m[K]
[0.955s]    89 | ure([01;35m[Kconst mqtt::token& tok[m[K) override {
[0.955s]       |     [01;35m[K~~~~~~~~~~~~~~~~~~~^~~[m[K
[0.955s] 
[0.955s] [01m[K/root/workspace/src/drone/src/mqtt.cpp:[m[K In member function ‘[01m[Kvirtual void callback::on_success(const mqtt::token&)[m[K’:
[0.955s] [01m[K/root/workspace/src/drone/src/mqtt.cpp:98:37:[m[K [01;35m[Kwarning: [m[Kunused parameter ‘[01m[Ktok[m[K’ [[01;35m[K-Wunused-parameter[m[K]
[0.955s]    98 | ss([01;35m[Kconst mqtt::token& tok[m[K) override {}
[0.955s]       |    [01;35m[K~~~~~~~~~~~~~~~~~~~^~~[m[K
[0.955s] 
[0.955s] [01m[K/root/workspace/src/drone/src/mqtt.cpp:[m[K In member function ‘[01m[Kvirtual void callback::connected(const string&)[m[K’:
[0.955s] [01m[K/root/workspace/src/drone/src/mqtt.cpp:101:36:[m[K [01;35m[Kwarning: [m[Kunused parameter ‘[01m[Kcause[m[K’ [[01;35m[K-Wunused-parameter[m[K]
[0.955s]   101 | d([01;35m[Kconst std::string& cause[m[K) override {
[0.955s]       |   [01;35m[K~~~~~~~~~~~~~~~~~~~^~~~~[m[K
[0.955s] 
[0.956s] [01m[K/root/workspace/src/drone/src/mqtt.cpp:[m[K In member function ‘[01m[Kvirtual void callback::delivery_complete(mqtt::delivery_token_ptr)[m[K’:
[0.956s] [01m[K/root/workspace/src/drone/src/mqtt.cpp:131:50:[m[K [01;35m[Kwarning: [m[Kunused parameter ‘[01m[Ktoken[m[K’ [[01;35m[K-Wunused-parameter[m[K]
[0.956s]   131 | [01;35m[K:delivery_token_ptr token[m[K) override {}
[0.956s]       | [01;35m[K~~~~~~~~~~~~~~~~~~~~^~~~~[m[K
[0.956s] 
[0.957s] [01m[K/root/workspace/src/drone/src/offb_node.cpp:[m[K At global scope:
[0.957s] [01m[K/root/workspace/src/drone/src/offb_node.cpp:24:23:[m[K [01;31m[Kerror: [m[K‘[01m[KVehicleCommand[m[K’ was not declared in this scope; did you mean ‘[01m[Kpx4_msgs::msg::VehicleCommand[m[K’?
[0.957s]    24 |   rclcpp::Publisher<[01;31m[KVehicleCommand[m[K>::SharedPtr vehicle_commander;
[0.957s]       |                     [01;31m[K^~~~~~~~~~~~~~[m[K
[0.957s]       |                     [32m[Kpx4_msgs::msg::VehicleCommand[m[K
[0.958s] In file included from [01m[K/root/microros_ws/install/px4_msgs/include/px4_msgs/msg/vehicle_command.hpp:7[m[K,
[0.958s]                  from [01m[K/root/workspace/src/drone/src/offb_node.cpp:3[m[K:
[0.958s] [01m[K/root/microros_ws/install/px4_msgs/include/px4_msgs/msg/detail/vehicle_command__struct.hpp:613:7:[m[K [01;36m[Knote: [m[K‘[01m[Kpx4_msgs::msg::VehicleCommand[m[K’ declared here
[0.958s]   613 | using [01;36m[KVehicleCommand[m[K =
[0.958s]       |       [01;36m[K^~~~~~~~~~~~~~[m[K
[0.958s] [01m[K/root/workspace/src/drone/src/offb_node.cpp:24:37:[m[K [01;31m[Kerror: [m[Ktemplate argument 1 is invalid
[0.958s]    24 | isher<VehicleCommand[01;31m[K>[m[K::SharedPtr vehicle_commander;
[0.958s]       |                     [01;31m[K^[m[K
[0.958s] 
[0.958s] [01m[K/root/workspace/src/drone/src/offb_node.cpp:24:40:[m[K [01;31m[Kerror: [m[Kexpected ‘[01m[K;[m[K’ at end of member declaration
[0.958s]    24 | er<VehicleCommand>::[01;31m[KSharedPtr[m[K vehicle_commander;
[0.959s]       |                     [01;31m[K^~~~~~~~~[m[K
[0.959s]       |                              [32m[K;[m[K
[0.959s] [01m[K/root/workspace/src/drone/src/offb_node.cpp:24:50:[m[K [01;31m[Kerror: [m[K‘[01m[Kvehicle_commander[m[K’ does not name a type
[0.959s]    24 | Command>::SharedPtr [01;31m[Kvehicle_commander[m[K;
[0.959s]       |                     [01;31m[K^~~~~~~~~~~~~~~~~[m[K
[0.959s] 
[0.959s] [01m[K/root/workspace/src/drone/src/offb_node.cpp:26:10:[m[K [01;31m[Kerror: [m[Kextra qualification ‘[01m[KOffboardControl::[m[K’ on member ‘[01m[Karm[m[K’ [[01;31m[K-fpermissive[m[K]
[0.959s]    26 |     void [01;31m[KOffboardControl[m[K::arm(){
[0.959s]       |          [01;31m[K^~~~~~~~~~~~~~~[m[K
[0.959s] [01m[K/root/workspace/src/drone/src/offb_node.cpp:26:10:[m[K [01;31m[Kerror: [m[K‘[01m[Kvoid OffboardControl::arm()[m[K’ cannot be overloaded with ‘[01m[Kvoid OffboardControl::arm()[m[K’
[0.959s] [01m[K/root/workspace/src/drone/src/offb_node.cpp:19:10:[m[K [01;36m[Knote: [m[Kprevious declaration ‘[01m[Kvoid OffboardControl::arm()[m[K’
[0.959s]    19 |     void [01;36m[Karm[m[K();
[0.959s]       |          [01;36m[K^~~[m[K
[0.959s] [01m[K/root/workspace/src/drone/src/offb_node.cpp:30:10:[m[K [01;31m[Kerror: [m[Kextra qualification ‘[01m[KOffboardControl::[m[K’ on member ‘[01m[Kdisarm[m[K’ [[01;31m[K-fpermissive[m[K]
[0.959s]    30 |     void [01;31m[KOffboardControl[m[K::disarm(){
[0.959s]       |          [01;31m[K^~~~~~~~~~~~~~~[m[K
[0.959s] [01m[K/root/workspace/src/drone/src/offb_node.cpp:30:10:[m[K [01;31m[Kerror: [m[K‘[01m[Kvoid OffboardControl::disarm()[m[K’ cannot be overloaded with ‘[01m[Kvoid OffboardControl::disarm()[m[K’
[0.960s] [01m[K/root/workspace/src/drone/src/offb_node.cpp:20:10:[m[K [01;36m[Knote: [m[Kprevious declaration ‘[01m[Kvoid OffboardControl::disarm()[m[K’
[0.960s]    20 |     void [01;36m[Kdisarm[m[K();
[0.960s]       |          [01;36m[K^~~~~~[m[K
[0.962s] [01m[K/root/workspace/src/drone/src/offb_node.cpp:[m[K In constructor ‘[01m[KOffboardControl::OffboardControl()[m[K’:
[0.962s] [01m[K/root/workspace/src/drone/src/offb_node.cpp:17:9:[m[K [01;31m[Kerror: [m[K‘[01m[Kvehicle_commander[m[K’ was not declared in this scope
[0.962s]    17 |         [01;31m[Kvehicle_commander[m[K = this -> create_publisher<VehicleCommand>("/fmu/in/vehicle_command",10);
[0.962s]       |         [01;31m[K^~~~~~~~~~~~~~~~~[m[K
[0.962s] [01m[K/root/workspace/src/drone/src/offb_node.cpp:17:54:[m[K [01;31m[Kerror: [m[K‘[01m[KVehicleCommand[m[K’ was not declared in this scope; did you mean ‘[01m[Kpx4_msgs::msg::VehicleCommand[m[K’?
[0.962s]    17 | -> create_publisher<[01;31m[KVehicleCommand[m[K>("/fmu/in/vehicle_command",10);
[0.962s]       |                     [01;31m[K^~~~~~~~~~~~~~[m[K
[0.962s]       |                     [32m[Kpx4_msgs::msg::VehicleCommand[m[K
[0.962s] In file included from [01m[K/root/microros_ws/install/px4_msgs/include/px4_msgs/msg/vehicle_command.hpp:7[m[K,
[0.962s]                  from [01m[K/root/workspace/src/drone/src/offb_node.cpp:3[m[K:
[0.962s] [01m[K/root/microros_ws/install/px4_msgs/include/px4_msgs/msg/detail/vehicle_command__struct.hpp:613:7:[m[K [01;36m[Knote: [m[K‘[01m[Kpx4_msgs::msg::VehicleCommand[m[K’ declared here
[0.962s]   613 | using [01;36m[KVehicleCommand[m[K =
[0.962s]       |       [01;36m[K^~~~~~~~~~~~~~[m[K
[0.962s] [01m[K/root/workspace/src/drone/src/offb_node.cpp:17:98:[m[K [01;31m[Kerror: [m[Kno matching function for call to ‘[01m[KOffboardControl::create_publisher<<expression error> >(const char [24], int)[m[K’
[0.962s]    17 | /vehicle_command",10[01;31m[K)[m[K;
[0.962s]       |                     [01;31m[K^[m[K
[0.962s] 
[0.962s] In file included from [01m[K/opt/ros/foxy/include/rclcpp/executors/single_threaded_executor.hpp:28[m[K,
[0.962s]                  from [01m[K/opt/ros/foxy/include/rclcpp/executors.hpp:22[m[K,
[0.962s]                  from [01m[K/opt/ros/foxy/include/rclcpp/rclcpp.hpp:146[m[K,
[0.962s]                  from [01m[K/root/workspace/src/drone/src/offb_node.cpp:2[m[K:
[0.963s] [01m[K/opt/ros/foxy/include/rclcpp/node.hpp:184:3:[m[K [01;36m[Knote: [m[Kcandidate: ‘[01m[Ktemplate<class MessageT, class AllocatorT, class PublisherT> std::shared_ptr<PublisherT> rclcpp::Node::create_publisher(const string&, const rclcpp::QoS&, const rclcpp::PublisherOptionsWithAllocator<AllocatorT>&)[m[K’
[0.963s]   184 |   [01;36m[Kcreate_publisher[m[K(
[0.963s]       |   [01;36m[K^~~~~~~~~~~~~~~~[m[K
[0.963s] [01m[K/opt/ros/foxy/include/rclcpp/node.hpp:184:3:[m[K [01;36m[Knote: [m[K  template argument deduction/substitution failed:
[0.963s] [01m[K/root/workspace/src/drone/src/offb_node.cpp:17:98:[m[K [01;31m[Kerror: [m[Ktemplate argument 1 is invalid
[0.963s]    17 | /vehicle_command",10[01;31m[K)[m[K;
[0.963s]       |                     [01;31m[K^[m[K
[0.963s] 
[1.517s] make[2]: *** [CMakeFiles/node.dir/build.make:63: CMakeFiles/node.dir/src/offb_node.cpp.o] Error 1
[1.517s] make[1]: *** [CMakeFiles/Makefile2:78: CMakeFiles/node.dir/all] Error 2
[1.517s] make: *** [Makefile:141: all] Error 2
[1.518s] Invoked command in '/root/workspace/build/drone' returned '2': CMAKE_PREFIX_PATH=${CMAKE_PREFIX_PATH}:/opt/ros/foxy /usr/bin/cmake --build /root/workspace/build/drone -- -j20 -l20
