[0.010s] Invoking command in '/root/workspace/build/drone': CMAKE_PREFIX_PATH=${CMAKE_PREFIX_PATH}:/opt/ros/foxy /usr/bin/cmake --build /root/workspace/build/drone -- -j20 -l20
[0.037s] [35m[1mScanning dependencies of target node[0m
[0.055s] [ 50%] [32mBuilding CXX object CMakeFiles/node.dir/src/offb_node.cpp.o[0m
[0.134s] [01m[K/root/workspace/src/drone/src/offb_node.cpp:62:45:[m[K [01;35m[Kwarning: [m[Kcharacter constant too long for its type
[0.134s]    62 |                 RCLCPP(this -> get_logger(),[01;35m[K'Vehicle set to offboard mode'[m[K);
[0.134s]       |                                             [01;35m[K^~~~~~~~~~~~~~~~~~~~~~~~~~~~~~[m[K
[0.134s] [01m[K/root/workspace/src/drone/src/offb_node.cpp:68:45:[m[K [01;35m[Kwarning: [m[Kcharacter constant too long for its type
[0.134s]    68 |                 RCLCPP(this -> get_logger(),[01;35m[K'Command for takeoff sent'[m[K);
[0.134s]       |                                             [01;35m[K^~~~~~~~~~~~~~~~~~~~~~~~~~[m[K
[1.023s] In file included from [01m[K/root/workspace/src/drone/src/offb_node.cpp:15[m[K:
[1.024s] [01m[K/root/workspace/src/drone/src/mqtt.cpp:[m[K In member function ‘[01m[Kvirtual void callback::on_failure(const mqtt::token&)[m[K’:
[1.024s] [01m[K/root/workspace/src/drone/src/mqtt.cpp:89:37:[m[K [01;35m[Kwarning: [m[Kunused parameter ‘[01m[Ktok[m[K’ [[01;35m[K-Wunused-parameter[m[K]
[1.024s]    89 |  void on_failure([01;35m[Kconst mqtt::token& tok[m[K) override {
[1.024s]       |                  [01;35m[K~~~~~~~~~~~~~~~~~~~^~~[m[K
[1.024s] [01m[K/root/workspace/src/drone/src/mqtt.cpp:[m[K In member function ‘[01m[Kvirtual void callback::on_success(const mqtt::token&)[m[K’:
[1.024s] [01m[K/root/workspace/src/drone/src/mqtt.cpp:98:37:[m[K [01;35m[Kwarning: [m[Kunused parameter ‘[01m[Ktok[m[K’ [[01;35m[K-Wunused-parameter[m[K]
[1.024s]    98 |  void on_success([01;35m[Kconst mqtt::token& tok[m[K) override {}
[1.024s]       |                  [01;35m[K~~~~~~~~~~~~~~~~~~~^~~[m[K
[1.024s] [01m[K/root/workspace/src/drone/src/mqtt.cpp:[m[K In member function ‘[01m[Kvirtual void callback::connected(const string&)[m[K’:
[1.024s] [01m[K/root/workspace/src/drone/src/mqtt.cpp:101:36:[m[K [01;35m[Kwarning: [m[Kunused parameter ‘[01m[Kcause[m[K’ [[01;35m[K-Wunused-parameter[m[K]
[1.024s]   101 |  void connected([01;35m[Kconst std::string& cause[m[K) override {
[1.024s]       |                 [01;35m[K~~~~~~~~~~~~~~~~~~~^~~~~[m[K
[1.025s] [01m[K/root/workspace/src/drone/src/mqtt.cpp:[m[K In member function ‘[01m[Kvirtual void callback::delivery_complete(mqtt::delivery_token_ptr)[m[K’:
[1.025s] [01m[K/root/workspace/src/drone/src/mqtt.cpp:131:50:[m[K [01;35m[Kwarning: [m[Kunused parameter ‘[01m[Ktoken[m[K’ [[01;35m[K-Wunused-parameter[m[K]
[1.025s]   131 |  void delivery_complete([01;35m[Kmqtt::delivery_token_ptr token[m[K) override {}
[1.025s]       |                         [01;35m[K~~~~~~~~~~~~~~~~~~~~~~~~~^~~~~[m[K
[1.050s] [01m[K/root/workspace/src/drone/src/offb_node.cpp:[m[K In lambda function:
[1.050s] [01m[K/root/workspace/src/drone/src/offb_node.cpp:62:17:[m[K [01;31m[Kerror: [m[K‘[01m[KRCLCPP[m[K’ was not declared in this scope
[1.050s]    62 |                 [01;31m[KRCLCPP[m[K(this -> get_logger(),'Vehicle set to offboard mode');
[1.050s]       |                 [01;31m[K^~~~~~[m[K
[1.051s] [01m[K/root/workspace/src/drone/src/offb_node.cpp:68:17:[m[K [01;31m[Kerror: [m[K‘[01m[KRCLCPP[m[K’ was not declared in this scope
[1.051s]    68 |                 [01;31m[KRCLCPP[m[K(this -> get_logger(),'Command for takeoff sent');
[1.051s]       |                 [01;31m[K^~~~~~[m[K
[2.734s] make[2]: *** [CMakeFiles/node.dir/build.make:63: CMakeFiles/node.dir/src/offb_node.cpp.o] Error 1
[2.734s] make[1]: *** [CMakeFiles/Makefile2:78: CMakeFiles/node.dir/all] Error 2
[2.734s] make: *** [Makefile:141: all] Error 2
[2.735s] Invoked command in '/root/workspace/build/drone' returned '2': CMAKE_PREFIX_PATH=${CMAKE_PREFIX_PATH}:/opt/ros/foxy /usr/bin/cmake --build /root/workspace/build/drone -- -j20 -l20
