[0.012s] Invoking command in '/root/workspace/build/drone': CMAKE_PREFIX_PATH=${CMAKE_PREFIX_PATH}:/opt/ros/foxy /usr/bin/cmake --build /root/workspace/build/drone -- -j20 -l20
[0.040s] [35m[1mScanning dependencies of target node[0m
[0.057s] [ 50%] [32mBuilding CXX object CMakeFiles/node.dir/src/offb_node.cpp.o[0m
[1.078s] In file included from [01m[K/root/workspace/src/drone/src/offb_node.cpp:9[m[K:
[1.078s] [01m[K/root/workspace/src/drone/src/mqtt.cpp:[m[K In member function ‘[01m[Kvirtual void callback::on_failure(const mqtt::token&)[m[K’:
[1.078s] [01m[K/root/workspace/src/drone/src/mqtt.cpp:89:37:[m[K [01;35m[Kwarning: [m[Kunused parameter ‘[01m[Ktok[m[K’ [[01;35m[K-Wunused-parameter[m[K]
[1.078s]    89 |  void on_failure([01;35m[Kconst mqtt::token& tok[m[K) override {
[1.078s]       |                  [01;35m[K~~~~~~~~~~~~~~~~~~~^~~[m[K
[1.078s] [01m[K/root/workspace/src/drone/src/mqtt.cpp:[m[K In member function ‘[01m[Kvirtual void callback::on_success(const mqtt::token&)[m[K’:
[1.078s] [01m[K/root/workspace/src/drone/src/mqtt.cpp:98:37:[m[K [01;35m[Kwarning: [m[Kunused parameter ‘[01m[Ktok[m[K’ [[01;35m[K-Wunused-parameter[m[K]
[1.078s]    98 |  void on_success([01;35m[Kconst mqtt::token& tok[m[K) override {}
[1.078s]       |                  [01;35m[K~~~~~~~~~~~~~~~~~~~^~~[m[K
[1.078s] [01m[K/root/workspace/src/drone/src/mqtt.cpp:[m[K In member function ‘[01m[Kvirtual void callback::connected(const string&)[m[K’:
[1.079s] [01m[K/root/workspace/src/drone/src/mqtt.cpp:101:36:[m[K [01;35m[Kwarning: [m[Kunused parameter ‘[01m[Kcause[m[K’ [[01;35m[K-Wunused-parameter[m[K]
[1.079s]   101 |  void connected([01;35m[Kconst std::string& cause[m[K) override {
[1.079s]       |                 [01;35m[K~~~~~~~~~~~~~~~~~~~^~~~~[m[K
[1.079s] [01m[K/root/workspace/src/drone/src/mqtt.cpp:[m[K In member function ‘[01m[Kvirtual void callback::delivery_complete(mqtt::delivery_token_ptr)[m[K’:
[1.079s] [01m[K/root/workspace/src/drone/src/mqtt.cpp:131:50:[m[K [01;35m[Kwarning: [m[Kunused parameter ‘[01m[Ktoken[m[K’ [[01;35m[K-Wunused-parameter[m[K]
[1.079s]   131 |  void delivery_complete([01;35m[Kmqtt::delivery_token_ptr token[m[K) override {}
[1.079s]       |                         [01;35m[K~~~~~~~~~~~~~~~~~~~~~~~~~^~~~~[m[K
[1.080s] In file included from [01m[K/root/workspace/src/drone/src/offb_node.cpp:10[m[K:
[1.080s] [01m[K/root/workspace/src/drone/src/pid.cpp:[m[K At global scope:
[1.080s] [01m[K/root/workspace/src/drone/src/pid.cpp:11:11:[m[K [01;31m[Kerror: [m[Kextra qualification ‘[01m[KPID::[m[K’ on member ‘[01m[Kcalculate[m[K’ [[01;31m[K-fpermissive[m[K]
[1.080s]    11 |     float [01;31m[KPID[m[K::calculate(float setpoint, float pv){
[1.080s]       |           [01;31m[K^~~[m[K
[2.809s] make[2]: *** [CMakeFiles/node.dir/build.make:63: CMakeFiles/node.dir/src/offb_node.cpp.o] Error 1
[2.810s] make[1]: *** [CMakeFiles/Makefile2:78: CMakeFiles/node.dir/all] Error 2
[2.810s] make: *** [Makefile:141: all] Error 2
[2.811s] Invoked command in '/root/workspace/build/drone' returned '2': CMAKE_PREFIX_PATH=${CMAKE_PREFIX_PATH}:/opt/ros/foxy /usr/bin/cmake --build /root/workspace/build/drone -- -j20 -l20
