[0.011s] Invoking command in '/root/workspace/build/drone': CMAKE_PREFIX_PATH=${CMAKE_PREFIX_PATH}:/opt/ros/foxy /usr/bin/cmake --build /root/workspace/build/drone -- -j20 -l20
[0.040s] [35m[1mScanning dependencies of target node[0m
[0.059s] [ 50%] [32mBuilding CXX object CMakeFiles/node.dir/src/offb_node.cpp.o[0m
[1.044s] In file included from [01m[K/root/workspace/src/drone/src/offb_node.cpp:11[m[K:
[1.044s] [01m[K/root/workspace/src/drone/src/mqtt.cpp:[m[K In member function ‘[01m[Kvirtual void callback::on_failure(const mqtt::token&)[m[K’:
[1.044s] [01m[K/root/workspace/src/drone/src/mqtt.cpp:89:37:[m[K [01;35m[Kwarning: [m[Kunused parameter ‘[01m[Ktok[m[K’ [[01;35m[K-Wunused-parameter[m[K]
[1.044s]    89 |  void on_failure([01;35m[Kconst mqtt::token& tok[m[K) override {
[1.044s]       |                  [01;35m[K~~~~~~~~~~~~~~~~~~~^~~[m[K
[1.044s] [01m[K/root/workspace/src/drone/src/mqtt.cpp:[m[K In member function ‘[01m[Kvirtual void callback::on_success(const mqtt::token&)[m[K’:
[1.044s] [01m[K/root/workspace/src/drone/src/mqtt.cpp:98:37:[m[K [01;35m[Kwarning: [m[Kunused parameter ‘[01m[Ktok[m[K’ [[01;35m[K-Wunused-parameter[m[K]
[1.044s]    98 |  void on_success([01;35m[Kconst mqtt::token& tok[m[K) override {}
[1.044s]       |                  [01;35m[K~~~~~~~~~~~~~~~~~~~^~~[m[K
[1.045s] [01m[K/root/workspace/src/drone/src/mqtt.cpp:[m[K In member function ‘[01m[Kvirtual void callback::connected(const string&)[m[K’:
[1.045s] [01m[K/root/workspace/src/drone/src/mqtt.cpp:101:36:[m[K [01;35m[Kwarning: [m[Kunused parameter ‘[01m[Kcause[m[K’ [[01;35m[K-Wunused-parameter[m[K]
[1.045s]   101 |  void connected([01;35m[Kconst std::string& cause[m[K) override {
[1.045s]       |                 [01;35m[K~~~~~~~~~~~~~~~~~~~^~~~~[m[K
[1.046s] [01m[K/root/workspace/src/drone/src/mqtt.cpp:[m[K In member function ‘[01m[Kvirtual void callback::delivery_complete(mqtt::delivery_token_ptr)[m[K’:
[1.046s] [01m[K/root/workspace/src/drone/src/mqtt.cpp:131:50:[m[K [01;35m[Kwarning: [m[Kunused parameter ‘[01m[Ktoken[m[K’ [[01;35m[K-Wunused-parameter[m[K]
[1.046s]   131 |  void delivery_complete([01;35m[Kmqtt::delivery_token_ptr token[m[K) override {}
[1.046s]       |                         [01;35m[K~~~~~~~~~~~~~~~~~~~~~~~~~^~~~~[m[K
[1.057s] [01m[K/root/workspace/src/drone/src/offb_node.cpp:[m[K At global scope:
[1.057s] [01m[K/root/workspace/src/drone/src/offb_node.cpp:60:53:[m[K [01;31m[Kerror: [m[Kexpected ‘[01m[K)[m[K’ before ‘[01m[K;[m[K’ token
[1.057s]    60 |     void publish_offboard_mode[34m[K([m[Kbool check_pos = true[01;31m[K;[m[K bool check_vel = false);
[1.057s]       |                               [34m[K~[m[K                     [01;31m[K^[m[K
[1.057s]       |                                                     [32m[K)[m[K
[1.057s] [01m[K/root/workspace/src/drone/src/offb_node.cpp:60:72:[m[K [01;31m[Kerror: [m[Kexpected ‘[01m[K;[m[K’ at end of member declaration
[1.057s]    60 |     void publish_offboard_mode(bool check_pos = true; bool check_vel = [01;31m[Kfalse[m[K);
[1.058s]       |                                                                        [01;31m[K^~~~~[m[K
[1.058s]       |                                                                             [32m[K;[m[K
[1.058s] [01m[K/root/workspace/src/drone/src/offb_node.cpp:60:77:[m[K [01;31m[Kerror: [m[Kexpected unqualified-id before ‘[01m[K)[m[K’ token
[1.058s]    60 |     void publish_offboard_mode(bool check_pos = true; bool check_vel = false[01;31m[K)[m[K;
[1.058s]       |                                                                             [01;31m[K^[m[K
[1.059s] [01m[K/root/workspace/src/drone/src/offb_node.cpp:[m[K In lambda function:
[1.059s] [01m[K/root/workspace/src/drone/src/offb_node.cpp:36:54:[m[K [01;31m[Kerror: [m[Kno matching function for call to ‘[01m[KOffboardControl::publish_offboard_mode(bool, bool)[m[K’
[1.059s]    36 |             this -> publish_offboard_mode(true, false[01;31m[K)[m[K;
[1.059s]       |                                                      [01;31m[K^[m[K
[1.059s] [01m[K/root/workspace/src/drone/src/offb_node.cpp:60:10:[m[K [01;36m[Knote: [m[Kcandidate: ‘[01m[Kvoid OffboardControl::publish_offboard_mode(bool)[m[K’
[1.060s]    60 |     void [01;36m[Kpublish_offboard_mode[m[K(bool check_pos = true; bool check_vel = false);
[1.060s]       |          [01;36m[K^~~~~~~~~~~~~~~~~~~~~[m[K
[1.060s] [01m[K/root/workspace/src/drone/src/offb_node.cpp:60:10:[m[K [01;36m[Knote: [m[K  candidate expects 1 argument, 2 provided
[1.180s] [01m[K/root/workspace/src/drone/src/offb_node.cpp:[m[K At global scope:
[1.180s] [01m[K/root/workspace/src/drone/src/offb_node.cpp:76:66:[m[K [01;31m[Kerror: [m[Kexpected ‘[01m[K)[m[K’ before ‘[01m[K;[m[K’ token
[1.180s]    76 | void OffboardControl::publish_offboard_mode[34m[K([m[Kbool check_pos = true[01;31m[K;[m[K bool check_vel = false){
[1.180s]       |                                            [34m[K~[m[K                     [01;31m[K^[m[K
[1.180s]       |                                                                  [32m[K)[m[K
[1.181s] [01m[K/root/workspace/src/drone/src/offb_node.cpp:76:6:[m[K [01;31m[Kerror: [m[Kdefault argument given for parameter 1 of ‘[01m[Kvoid OffboardControl::publish_offboard_mode(bool)[m[K’ [[01;31m[K-fpermissive[m[K]
[1.181s]    76 | void [01;31m[KOffboardControl[m[K::publish_offboard_mode(bool check_pos = true; bool check_vel = false){
[1.181s]       |      [01;31m[K^~~~~~~~~~~~~~~[m[K
[1.181s] [01m[K/root/workspace/src/drone/src/offb_node.cpp:60:10:[m[K [01;36m[Knote: [m[Kprevious specification in ‘[01m[Kvoid OffboardControl::publish_offboard_mode(bool)[m[K’ here
[1.181s]    60 |     void [01;36m[Kpublish_offboard_mode[m[K(bool check_pos = true; bool check_vel = false);
[1.181s]       |          [01;36m[K^~~~~~~~~~~~~~~~~~~~~[m[K
[1.181s] [01m[K/root/workspace/src/drone/src/offb_node.cpp:76:6:[m[K [01;31m[Kerror: [m[Kdeclaration of ‘[01m[Kvoid OffboardControl::publish_offboard_mode(bool)[m[K’ outside of class is not definition [[01;31m[K-fpermissive[m[K]
[1.181s]    76 | void [01;31m[KOffboardControl[m[K::publish_offboard_mode(bool check_pos = true; bool check_vel = false){
[1.181s]       |      [01;31m[K^~~~~~~~~~~~~~~[m[K
[1.181s] [01m[K/root/workspace/src/drone/src/offb_node.cpp:76:90:[m[K [01;31m[Kerror: [m[Kexpected ‘[01m[K,[m[K’ or ‘[01m[K;[m[K’ before ‘[01m[K)[m[K’ token
[1.181s]    76 | void OffboardControl::publish_offboard_mode(bool check_pos = true; bool check_vel = false[01;31m[K)[m[K{
[1.181s]       |                                                                                          [01;31m[K^[m[K
[2.097s] make[2]: *** [CMakeFiles/node.dir/build.make:63: CMakeFiles/node.dir/src/offb_node.cpp.o] Error 1
[2.097s] make[1]: *** [CMakeFiles/Makefile2:78: CMakeFiles/node.dir/all] Error 2
[2.097s] make: *** [Makefile:141: all] Error 2
[2.101s] Invoked command in '/root/workspace/build/drone' returned '2': CMAKE_PREFIX_PATH=${CMAKE_PREFIX_PATH}:/opt/ros/foxy /usr/bin/cmake --build /root/workspace/build/drone -- -j20 -l20
