In file included from [01m[K/root/workspace/src/drone/src/offb_node.cpp:11[m[K:
[01m[K/root/workspace/src/drone/src/mqtt.cpp:[m[K In member function ‘[01m[Kvirtual void callback::on_failure(const mqtt::token&)[m[K’:
[01m[K/root/workspace/src/drone/src/mqtt.cpp:89:37:[m[K [01;35m[Kwarning: [m[Kunused parameter ‘[01m[Ktok[m[K’ [[01;35m[K-Wunused-parameter[m[K]
   89 | ure([01;35m[Kconst mqtt::token& tok[m[K) override {
      |     [01;35m[K~~~~~~~~~~~~~~~~~~~^~~[m[K

[01m[K/root/workspace/src/drone/src/mqtt.cpp:[m[K In member function ‘[01m[Kvirtual void callback::on_success(const mqtt::token&)[m[K’:
[01m[K/root/workspace/src/drone/src/mqtt.cpp:98:37:[m[K [01;35m[Kwarning: [m[Kunused parameter ‘[01m[Ktok[m[K’ [[01;35m[K-Wunused-parameter[m[K]
   98 | ss([01;35m[Kconst mqtt::token& tok[m[K) override {}
      |    [01;35m[K~~~~~~~~~~~~~~~~~~~^~~[m[K

[01m[K/root/workspace/src/drone/src/mqtt.cpp:[m[K In member function ‘[01m[Kvirtual void callback::connected(const string&)[m[K’:
[01m[K/root/workspace/src/drone/src/mqtt.cpp:101:36:[m[K [01;35m[Kwarning: [m[Kunused parameter ‘[01m[Kcause[m[K’ [[01;35m[K-Wunused-parameter[m[K]
  101 | d([01;35m[Kconst std::string& cause[m[K) override {
      |   [01;35m[K~~~~~~~~~~~~~~~~~~~^~~~~[m[K

[01m[K/root/workspace/src/drone/src/mqtt.cpp:[m[K In member function ‘[01m[Kvirtual void callback::delivery_complete(mqtt::delivery_token_ptr)[m[K’:
[01m[K/root/workspace/src/drone/src/mqtt.cpp:131:50:[m[K [01;35m[Kwarning: [m[Kunused parameter ‘[01m[Ktoken[m[K’ [[01;35m[K-Wunused-parameter[m[K]
  131 | [01;35m[K:delivery_token_ptr token[m[K) override {}
      | [01;35m[K~~~~~~~~~~~~~~~~~~~~^~~~~[m[K

[01m[K/root/workspace/src/drone/src/offb_node.cpp:[m[K At global scope:
[01m[K/root/workspace/src/drone/src/offb_node.cpp:60:53:[m[K [01;31m[Kerror: [m[Kexpected ‘[01m[K)[m[K’ before ‘[01m[K;[m[K’ token
   60 | ool check_pos = true[01;31m[K;[m[K bool check_vel = false);
      |                     [01;31m[K^[m[K
      |                     [32m[K)[m[K
[01m[K/root/workspace/src/drone/src/offb_node.cpp:60:72:[m[K [01;31m[Kerror: [m[Kexpected ‘[01m[K;[m[K’ at end of member declaration
   60 | e; bool check_vel = [01;31m[Kfalse[m[K);
      |                     [01;31m[K^~~~~[m[K
      |                          [32m[K;[m[K
[01m[K/root/workspace/src/drone/src/offb_node.cpp:60:77:[m[K [01;31m[Kerror: [m[Kexpected unqualified-id before ‘[01m[K)[m[K’ token
   60 | ol check_vel = false[01;31m[K)[m[K;
      |                     [01;31m[K^[m[K

[01m[K/root/workspace/src/drone/src/offb_node.cpp:[m[K In lambda function:
[01m[K/root/workspace/src/drone/src/offb_node.cpp:36:54:[m[K [01;31m[Kerror: [m[Kno matching function for call to ‘[01m[KOffboardControl::publish_offboard_mode(bool, bool)[m[K’
   36 | ard_mode(true, false[01;31m[K)[m[K;
      |                     [01;31m[K^[m[K

[01m[K/root/workspace/src/drone/src/offb_node.cpp:60:10:[m[K [01;36m[Knote: [m[Kcandidate: ‘[01m[Kvoid OffboardControl::publish_offboard_mode(bool)[m[K’
   60 |     void [01;36m[Kpublish_offboard_mode[m[K(bool check_pos = true; bool check_vel = false);
      |          [01;36m[K^~~~~~~~~~~~~~~~~~~~~[m[K
[01m[K/root/workspace/src/drone/src/offb_node.cpp:60:10:[m[K [01;36m[Knote: [m[K  candidate expects 1 argument, 2 provided
[01m[K/root/workspace/src/drone/src/offb_node.cpp:[m[K At global scope:
[01m[K/root/workspace/src/drone/src/offb_node.cpp:76:59:[m[K [01;31m[Kerror: [m[Kexpected ‘[01m[K)[m[K’ before ‘[01m[K;[m[K’ token
   76 | _mode[34m[K([m[Kbool check_pos[01;31m[K;[m[K bool check_vel){
      |      [34m[K~[m[K              [01;31m[K^[m[K
      |                     [32m[K)[m[K
[01m[K/root/workspace/src/drone/src/offb_node.cpp:76:6:[m[K [01;31m[Kerror: [m[Kdeclaration of ‘[01m[Kvoid OffboardControl::publish_offboard_mode(bool)[m[K’ outside of class is not definition [[01;31m[K-fpermissive[m[K]
   76 | void [01;31m[KOffboardControl[m[K::publish_offboard_mode(bool check_pos; bool check_vel){
      |      [01;31m[K^~~~~~~~~~~~~~~[m[K
[01m[K/root/workspace/src/drone/src/offb_node.cpp:76:75:[m[K [01;31m[Kerror: [m[Kexpected initializer before ‘[01m[K)[m[K’ token
   76 | _pos; bool check_vel[01;31m[K)[m[K{
      |                     [01;31m[K^[m[K

make[2]: *** [CMakeFiles/node.dir/build.make:63: CMakeFiles/node.dir/src/offb_node.cpp.o] Error 1
make[1]: *** [CMakeFiles/Makefile2:78: CMakeFiles/node.dir/all] Error 2
make: *** [Makefile:141: all] Error 2
