[0.010s] Invoking command in '/root/workspace/build/drone': CMAKE_PREFIX_PATH=${CMAKE_PREFIX_PATH}:/opt/ros/foxy /usr/bin/cmake --build /root/workspace/build/drone -- -j20 -l20
[0.037s] [35m[1mScanning dependencies of target node[0m
[0.055s] [ 50%] [32mBuilding CXX object CMakeFiles/node.dir/src/offb_node.cpp.o[0m
[1.071s] In file included from [01m[K/root/workspace/src/drone/src/offb_node.cpp:9[m[K:
[1.071s] [01m[K/root/workspace/src/drone/src/mqtt.cpp:[m[K In member function ‘[01m[Kvirtual void callback::on_failure(const mqtt::token&)[m[K’:
[1.071s] [01m[K/root/workspace/src/drone/src/mqtt.cpp:89:37:[m[K [01;35m[Kwarning: [m[Kunused parameter ‘[01m[Ktok[m[K’ [[01;35m[K-Wunused-parameter[m[K]
[1.071s]    89 |  void on_failure([01;35m[Kconst mqtt::token& tok[m[K) override {
[1.071s]       |                  [01;35m[K~~~~~~~~~~~~~~~~~~~^~~[m[K
[1.071s] [01m[K/root/workspace/src/drone/src/mqtt.cpp:[m[K In member function ‘[01m[Kvirtual void callback::on_success(const mqtt::token&)[m[K’:
[1.071s] [01m[K/root/workspace/src/drone/src/mqtt.cpp:98:37:[m[K [01;35m[Kwarning: [m[Kunused parameter ‘[01m[Ktok[m[K’ [[01;35m[K-Wunused-parameter[m[K]
[1.071s]    98 |  void on_success([01;35m[Kconst mqtt::token& tok[m[K) override {}
[1.071s]       |                  [01;35m[K~~~~~~~~~~~~~~~~~~~^~~[m[K
[1.072s] [01m[K/root/workspace/src/drone/src/mqtt.cpp:[m[K In member function ‘[01m[Kvirtual void callback::connected(const string&)[m[K’:
[1.072s] [01m[K/root/workspace/src/drone/src/mqtt.cpp:101:36:[m[K [01;35m[Kwarning: [m[Kunused parameter ‘[01m[Kcause[m[K’ [[01;35m[K-Wunused-parameter[m[K]
[1.072s]   101 |  void connected([01;35m[Kconst std::string& cause[m[K) override {
[1.072s]       |                 [01;35m[K~~~~~~~~~~~~~~~~~~~^~~~~[m[K
[1.073s] [01m[K/root/workspace/src/drone/src/mqtt.cpp:[m[K In member function ‘[01m[Kvirtual void callback::delivery_complete(mqtt::delivery_token_ptr)[m[K’:
[1.073s] [01m[K/root/workspace/src/drone/src/mqtt.cpp:131:50:[m[K [01;35m[Kwarning: [m[Kunused parameter ‘[01m[Ktoken[m[K’ [[01;35m[K-Wunused-parameter[m[K]
[1.073s]   131 |  void delivery_complete([01;35m[Kmqtt::delivery_token_ptr token[m[K) override {}
[1.073s]       |                         [01;35m[K~~~~~~~~~~~~~~~~~~~~~~~~~^~~~~[m[K
[1.224s] [01m[K/root/workspace/src/drone/src/offb_node.cpp:[m[K In member function ‘[01m[Kvoid OffboardControl::odometry_cb(px4_msgs::msg::VehicleOdometry_<std::allocator<void> >::SharedPtr)[m[K’:
[1.224s] [01m[K/root/workspace/src/drone/src/offb_node.cpp:65:55:[m[K [01;35m[Kwarning: [m[Kunused parameter ‘[01m[Kmsg[m[K’ [[01;35m[K-Wunused-parameter[m[K]
[1.224s]    65 |     void odometry_cb([01;35m[Kconst VehicleOdometry::SharedPtr msg[m[K){}
[1.224s]       |                      [01;35m[K~~~~~~~~~~~~~~~~~~~~~~~~~~~~~~~~~^~~[m[K
[4.588s] [100%] [32m[1mLinking CXX executable node[0m
[4.760s] [100%] Built target node
[4.768s] Invoked command in '/root/workspace/build/drone' returned '0': CMAKE_PREFIX_PATH=${CMAKE_PREFIX_PATH}:/opt/ros/foxy /usr/bin/cmake --build /root/workspace/build/drone -- -j20 -l20
[4.790s] Invoking command in '/root/workspace/build/drone': CMAKE_PREFIX_PATH=${CMAKE_PREFIX_PATH}:/opt/ros/foxy /usr/bin/cmake --install /root/workspace/build/drone
[4.799s] -- Install configuration: ""
[4.799s] -- Installing: /root/workspace/install/drone/lib/drone/node
[4.799s] -- Set runtime path of "/root/workspace/install/drone/lib/drone/node" to ""
[4.799s] -- Up-to-date: /root/workspace/install/drone/share/ament_index/resource_index/package_run_dependencies/drone
[4.799s] -- Up-to-date: /root/workspace/install/drone/share/ament_index/resource_index/parent_prefix_path/drone
[4.799s] -- Up-to-date: /root/workspace/install/drone/share/drone/environment/ament_prefix_path.sh
[4.799s] -- Up-to-date: /root/workspace/install/drone/share/drone/environment/ament_prefix_path.dsv
[4.799s] -- Up-to-date: /root/workspace/install/drone/share/drone/environment/path.sh
[4.800s] -- Up-to-date: /root/workspace/install/drone/share/drone/environment/path.dsv
[4.800s] -- Up-to-date: /root/workspace/install/drone/share/drone/local_setup.bash
[4.800s] -- Up-to-date: /root/workspace/install/drone/share/drone/local_setup.sh
[4.800s] -- Up-to-date: /root/workspace/install/drone/share/drone/local_setup.zsh
[4.800s] -- Up-to-date: /root/workspace/install/drone/share/drone/local_setup.dsv
[4.800s] -- Installing: /root/workspace/install/drone/share/drone/package.dsv
[4.800s] -- Up-to-date: /root/workspace/install/drone/share/ament_index/resource_index/packages/drone
[4.800s] -- Up-to-date: /root/workspace/install/drone/share/drone/cmake/droneConfig.cmake
[4.800s] -- Up-to-date: /root/workspace/install/drone/share/drone/cmake/droneConfig-version.cmake
[4.800s] -- Up-to-date: /root/workspace/install/drone/share/drone/package.xml
[4.801s] Invoked command in '/root/workspace/build/drone' returned '0': CMAKE_PREFIX_PATH=${CMAKE_PREFIX_PATH}:/opt/ros/foxy /usr/bin/cmake --install /root/workspace/build/drone
