[0.011s] Invoking command in '/root/workspace/build/drone': CMAKE_PREFIX_PATH=${CMAKE_PREFIX_PATH}:/opt/ros/foxy /usr/bin/cmake --build /root/workspace/build/drone -- -j20 -l20
[0.040s] [35m[1mScanning dependencies of target node[0m
[0.061s] [ 50%] [32mBuilding CXX object CMakeFiles/node.dir/src/offb_node.cpp.o[0m
[1.051s] In file included from [01m[K/root/workspace/src/drone/src/offb_node.cpp:11[m[K:
[1.051s] [01m[K/root/workspace/src/drone/src/mqtt.cpp:[m[K In member function ‘[01m[Kvirtual void callback::on_failure(const mqtt::token&)[m[K’:
[1.051s] [01m[K/root/workspace/src/drone/src/mqtt.cpp:89:37:[m[K [01;35m[Kwarning: [m[Kunused parameter ‘[01m[Ktok[m[K’ [[01;35m[K-Wunused-parameter[m[K]
[1.051s]    89 |  void on_failure([01;35m[Kconst mqtt::token& tok[m[K) override {
[1.051s]       |                  [01;35m[K~~~~~~~~~~~~~~~~~~~^~~[m[K
[1.051s] [01m[K/root/workspace/src/drone/src/mqtt.cpp:[m[K In member function ‘[01m[Kvirtual void callback::on_success(const mqtt::token&)[m[K’:
[1.051s] [01m[K/root/workspace/src/drone/src/mqtt.cpp:98:37:[m[K [01;35m[Kwarning: [m[Kunused parameter ‘[01m[Ktok[m[K’ [[01;35m[K-Wunused-parameter[m[K]
[1.051s]    98 |  void on_success([01;35m[Kconst mqtt::token& tok[m[K) override {}
[1.051s]       |                  [01;35m[K~~~~~~~~~~~~~~~~~~~^~~[m[K
[1.052s] [01m[K/root/workspace/src/drone/src/mqtt.cpp:[m[K In member function ‘[01m[Kvirtual void callback::connected(const string&)[m[K’:
[1.052s] [01m[K/root/workspace/src/drone/src/mqtt.cpp:101:36:[m[K [01;35m[Kwarning: [m[Kunused parameter ‘[01m[Kcause[m[K’ [[01;35m[K-Wunused-parameter[m[K]
[1.052s]   101 |  void connected([01;35m[Kconst std::string& cause[m[K) override {
[1.052s]       |                 [01;35m[K~~~~~~~~~~~~~~~~~~~^~~~~[m[K
[1.053s] [01m[K/root/workspace/src/drone/src/mqtt.cpp:[m[K In member function ‘[01m[Kvirtual void callback::delivery_complete(mqtt::delivery_token_ptr)[m[K’:
[1.053s] [01m[K/root/workspace/src/drone/src/mqtt.cpp:131:50:[m[K [01;35m[Kwarning: [m[Kunused parameter ‘[01m[Ktoken[m[K’ [[01;35m[K-Wunused-parameter[m[K]
[1.053s]   131 |  void delivery_complete([01;35m[Kmqtt::delivery_token_ptr token[m[K) override {}
[1.053s]       |                         [01;35m[K~~~~~~~~~~~~~~~~~~~~~~~~~^~~~~[m[K
[1.072s] [01m[K/root/workspace/src/drone/src/offb_node.cpp:[m[K In constructor ‘[01m[KOffboardControl::OffboardControl()[m[K’:
[1.072s] [01m[K/root/workspace/src/drone/src/offb_node.cpp:25:3:[m[K [01;31m[Kerror: [m[K‘[01m[Koffboard_setpoint_counter_[m[K’ was not declared in this scope
[1.072s]    25 |   [01;31m[Koffboard_setpoint_counter_[m[K = 0;
[1.072s]       |   [01;31m[K^~~~~~~~~~~~~~~~~~~~~~~~~~[m[K
[1.072s] [01m[K/root/workspace/src/drone/src/offb_node.cpp:[m[K In lambda function:
[1.072s] [01m[K/root/workspace/src/drone/src/offb_node.cpp:29:8:[m[K [01;31m[Kerror: [m[K‘[01m[Koffboard_setpoint_counter_[m[K’ is not captured
[1.072s]    29 |    if ([01;31m[Koffboard_setpoint_counter_[m[K == 10)
[1.072s]       |        [01;31m[K^~~~~~~~~~~~~~~~~~~~~~~~~~[m[K
[1.072s] [01m[K/root/workspace/src/drone/src/offb_node.cpp:27:30:[m[K [01;36m[Knote: [m[Kthe lambda has no capture-default
[1.072s]    27 |   auto timer_callback = [this[01;36m[K][m[K() -> void {
[1.072s]       |                              [01;36m[K^[m[K
[1.072s] [01m[K/root/workspace/src/drone/src/offb_node.cpp:25:3:[m[K [01;36m[Knote: [m[K‘[01m[K<typeprefixerror>offboard_setpoint_counter_[m[K’ declared here
[1.072s]    25 |   [01;36m[Koffboard_setpoint_counter_[m[K = 0;
[1.072s]       |   [01;36m[K^~~~~~~~~~~~~~~~~~~~~~~~~~[m[K
[1.072s] [01m[K/root/workspace/src/drone/src/offb_node.cpp:38:8:[m[K [01;31m[Kerror: [m[K‘[01m[Koffboard_setpoint_counter_[m[K’ is not captured
[1.072s]    38 |    if ([01;31m[Koffboard_setpoint_counter_[m[K < 10){offboard_setpoint_counter_++;}
[1.072s]       |        [01;31m[K^~~~~~~~~~~~~~~~~~~~~~~~~~[m[K
[1.072s] [01m[K/root/workspace/src/drone/src/offb_node.cpp:27:30:[m[K [01;36m[Knote: [m[Kthe lambda has no capture-default
[1.072s]    27 |   auto timer_callback = [this[01;36m[K][m[K() -> void {
[1.072s]       |                              [01;36m[K^[m[K
[1.072s] [01m[K/root/workspace/src/drone/src/offb_node.cpp:25:3:[m[K [01;36m[Knote: [m[K‘[01m[K<typeprefixerror>offboard_setpoint_counter_[m[K’ declared here
[1.072s]    25 |   [01;36m[Koffboard_setpoint_counter_[m[K = 0;
[1.072s]       |   [01;36m[K^~~~~~~~~~~~~~~~~~~~~~~~~~[m[K
[1.072s] [01m[K/root/workspace/src/drone/src/offb_node.cpp:38:41:[m[K [01;31m[Kerror: [m[K‘[01m[Koffboard_setpoint_counter_[m[K’ is not captured
[1.072s]    38 |    if (offboard_setpoint_counter_ < 10){[01;31m[Koffboard_setpoint_counter_[m[K++;}
[1.072s]       |                                         [01;31m[K^~~~~~~~~~~~~~~~~~~~~~~~~~[m[K
[1.072s] [01m[K/root/workspace/src/drone/src/offb_node.cpp:27:30:[m[K [01;36m[Knote: [m[Kthe lambda has no capture-default
[1.073s]    27 |   auto timer_callback = [this[01;36m[K][m[K() -> void {
[1.073s]       |                              [01;36m[K^[m[K
[1.073s] [01m[K/root/workspace/src/drone/src/offb_node.cpp:25:3:[m[K [01;36m[Knote: [m[K‘[01m[K<typeprefixerror>offboard_setpoint_counter_[m[K’ declared here
[1.073s]    25 |   [01;36m[Koffboard_setpoint_counter_[m[K = 0;
[1.073s]       |   [01;36m[K^~~~~~~~~~~~~~~~~~~~~~~~~~[m[K
[1.073s] [01m[K/root/workspace/src/drone/src/offb_node.cpp:[m[K In constructor ‘[01m[KOffboardControl::OffboardControl()[m[K’:
[1.073s] [01m[K/root/workspace/src/drone/src/offb_node.cpp:42:37:[m[K [01;31m[Kerror: [m[Kunable to find numeric literal operator ‘[01m[Koperator""ms[m[K’
[1.073s]    42 |   timer = this -> create_wall_timer([01;31m[K100ms[m[K, timer_callback);
[1.073s]       |                                     [01;31m[K^~~~~[m[K
[2.059s] make[2]: *** [CMakeFiles/node.dir/build.make:63: CMakeFiles/node.dir/src/offb_node.cpp.o] Error 1
[2.059s] make[1]: *** [CMakeFiles/Makefile2:78: CMakeFiles/node.dir/all] Error 2
[2.059s] make: *** [Makefile:141: all] Error 2
[2.061s] Invoked command in '/root/workspace/build/drone' returned '2': CMAKE_PREFIX_PATH=${CMAKE_PREFIX_PATH}:/opt/ros/foxy /usr/bin/cmake --build /root/workspace/build/drone -- -j20 -l20
