[0.011s] Invoking command in '/root/workspace/build/drone': CMAKE_PREFIX_PATH=${CMAKE_PREFIX_PATH}:/opt/ros/foxy /usr/bin/cmake --build /root/workspace/build/drone -- -j20 -l20
[0.046s] [35m[1mScanning dependencies of target node[0m
[0.063s] [ 50%] [32mBuilding CXX object CMakeFiles/node.dir/src/offb_node.cpp.o[0m
[1.045s] In file included from [01m[K/root/workspace/src/drone/src/offb_node.cpp:9[m[K:
[1.045s] [01m[K/root/workspace/src/drone/src/mqtt.cpp:[m[K In member function ‘[01m[Kvirtual void callback::on_failure(const mqtt::token&)[m[K’:
[1.046s] [01m[K/root/workspace/src/drone/src/mqtt.cpp:89:37:[m[K [01;35m[Kwarning: [m[Kunused parameter ‘[01m[Ktok[m[K’ [[01;35m[K-Wunused-parameter[m[K]
[1.046s]    89 |  void on_failure([01;35m[Kconst mqtt::token& tok[m[K) override {
[1.046s]       |                  [01;35m[K~~~~~~~~~~~~~~~~~~~^~~[m[K
[1.046s] [01m[K/root/workspace/src/drone/src/mqtt.cpp:[m[K In member function ‘[01m[Kvirtual void callback::on_success(const mqtt::token&)[m[K’:
[1.046s] [01m[K/root/workspace/src/drone/src/mqtt.cpp:98:37:[m[K [01;35m[Kwarning: [m[Kunused parameter ‘[01m[Ktok[m[K’ [[01;35m[K-Wunused-parameter[m[K]
[1.046s]    98 |  void on_success([01;35m[Kconst mqtt::token& tok[m[K) override {}
[1.046s]       |                  [01;35m[K~~~~~~~~~~~~~~~~~~~^~~[m[K
[1.046s] [01m[K/root/workspace/src/drone/src/mqtt.cpp:[m[K In member function ‘[01m[Kvirtual void callback::connected(const string&)[m[K’:
[1.046s] [01m[K/root/workspace/src/drone/src/mqtt.cpp:101:36:[m[K [01;35m[Kwarning: [m[Kunused parameter ‘[01m[Kcause[m[K’ [[01;35m[K-Wunused-parameter[m[K]
[1.046s]   101 |  void connected([01;35m[Kconst std::string& cause[m[K) override {
[1.046s]       |                 [01;35m[K~~~~~~~~~~~~~~~~~~~^~~~~[m[K
[1.047s] [01m[K/root/workspace/src/drone/src/mqtt.cpp:[m[K In member function ‘[01m[Kvirtual void callback::delivery_complete(mqtt::delivery_token_ptr)[m[K’:
[1.047s] [01m[K/root/workspace/src/drone/src/mqtt.cpp:131:50:[m[K [01;35m[Kwarning: [m[Kunused parameter ‘[01m[Ktoken[m[K’ [[01;35m[K-Wunused-parameter[m[K]
[1.047s]   131 |  void delivery_complete([01;35m[Kmqtt::delivery_token_ptr token[m[K) override {}
[1.047s]       |                         [01;35m[K~~~~~~~~~~~~~~~~~~~~~~~~~^~~~~[m[K
[1.047s] [01m[K/root/workspace/src/drone/src/offb_node.cpp:[m[K At global scope:
[1.047s] [01m[K/root/workspace/src/drone/src/offb_node.cpp:13:36:[m[K [01;31m[Kerror: [m[K‘[01m[K_1[m[K’ is not a namespace-name
[1.047s]    13 | using namespace std::placeholders::[01;31m[K_1[m[K
[1.047s]       |                                    [01;31m[K^~[m[K
[1.047s] [01m[K/root/workspace/src/drone/src/offb_node.cpp:13:38:[m[K [01;31m[Kerror: [m[Kexpected ‘[01m[K;[m[K’ before ‘[01m[Kstd[m[K’
[1.047s]    13 | using namespace std::placeholders::_1
[1.047s]       |                                      [01;31m[K^[m[K
[1.047s]       |                                      [32m[K;[m[K
[1.047s]    14 | 
[1.047s]    15 | [32m[Kstd[m[K::array<float,3> drone_pos;
[1.047s]       | [32m[K~~~[m[K                                   
[1.068s] [01m[K/root/workspace/src/drone/src/offb_node.cpp:[m[K In constructor ‘[01m[KOffboardControl::OffboardControl()[m[K’:
[1.068s] [01m[K/root/workspace/src/drone/src/offb_node.cpp:27:132:[m[K [01;31m[Kerror: [m[K‘[01m[Ktopic_callback[m[K’ is not a member of ‘[01m[KOffboardControl[m[K’
[1.068s]    27 | ption<VehicleOdometry>("/fmu/out/vehicle_odometry",10,std::bind(&OffboardControl::[01;31m[Ktopic_callback[m[K, this, _1)); //TODO: QUE COÑO HACE ESTO????
[1.068s]       |                                                                                   [01;31m[K^~~~~~~~~~~~~~[m[K
[1.068s] 
[1.069s] [01m[K/root/workspace/src/drone/src/offb_node.cpp:27:154:[m[K [01;31m[Kerror: [m[K‘[01m[K_1[m[K’ was not declared in this scope; did you mean ‘[01m[Kstd::placeholders::_1[m[K’?
[1.069s]    27 | ("/fmu/out/vehicle_odometry",10,std::bind(&OffboardControl::topic_callback, this, [01;31m[K_1[m[K)); //TODO: QUE COÑO HACE ESTO????
[1.069s]       |                                                                                   [01;31m[K^~[m[K
[1.069s]       |                                                                                   [32m[Kstd::placeholders::_1[m[K
[1.069s] In file included from [01m[K/opt/ros/foxy/include/rclcpp/context.hpp:19[m[K,
[1.069s]                  from [01m[K/opt/ros/foxy/include/rclcpp/contexts/default_context.hpp:18[m[K,
[1.069s]                  from [01m[K/opt/ros/foxy/include/rclcpp/executor.hpp:32[m[K,
[1.069s]                  from [01m[K/opt/ros/foxy/include/rclcpp/executors/multi_threaded_executor.hpp:26[m[K,
[1.069s]                  from [01m[K/opt/ros/foxy/include/rclcpp/executors.hpp:21[m[K,
[1.069s]                  from [01m[K/opt/ros/foxy/include/rclcpp/rclcpp.hpp:146[m[K,
[1.069s]                  from [01m[K/root/workspace/src/drone/src/offb_node.cpp:2[m[K:
[1.069s] [01m[K/usr/include/c++/9/functional:211:34:[m[K [01;36m[Knote: [m[K‘[01m[Kstd::placeholders::_1[m[K’ declared here
[1.069s]   211 |     extern const _Placeholder<1> [01;36m[K_1[m[K;
[1.069s]       |                                  [01;36m[K^~[m[K
[1.192s] [01m[K/root/workspace/src/drone/src/offb_node.cpp:[m[K In member function ‘[01m[Kvoid OffboardControl::odometry_cb(px4_msgs::msg::VehicleOdometry_<std::allocator<void> >::SharedPtr)[m[K’:
[1.192s] [01m[K/root/workspace/src/drone/src/offb_node.cpp:60:55:[m[K [01;35m[Kwarning: [m[Kunused parameter ‘[01m[Kmsg[m[K’ [[01;35m[K-Wunused-parameter[m[K]
[1.192s]    60 |     void odometry_cb([01;35m[Kconst VehicleOdometry::SharedPtr msg[m[K){}
[1.192s]       |                      [01;35m[K~~~~~~~~~~~~~~~~~~~~~~~~~~~~~~~~~^~~[m[K
[2.084s] make[2]: *** [CMakeFiles/node.dir/build.make:63: CMakeFiles/node.dir/src/offb_node.cpp.o] Error 1
[2.084s] make[1]: *** [CMakeFiles/Makefile2:78: CMakeFiles/node.dir/all] Error 2
[2.084s] make: *** [Makefile:141: all] Error 2
[2.086s] Invoked command in '/root/workspace/build/drone' returned '2': CMAKE_PREFIX_PATH=${CMAKE_PREFIX_PATH}:/opt/ros/foxy /usr/bin/cmake --build /root/workspace/build/drone -- -j20 -l20
