[0.008s] Invoking command in '/root/workspace/build/drone': CMAKE_PREFIX_PATH=${CMAKE_PREFIX_PATH}:/opt/ros/foxy /usr/bin/cmake --build /root/workspace/build/drone -- -j20 -l20
[0.030s] [35m[1mScanning dependencies of target node[0m
[0.045s] [ 50%] [32mBuilding CXX object CMakeFiles/node.dir/src/offb_node.cpp.o[0m
[0.822s] In file included from [01m[K/root/workspace/src/drone/src/offb_node.cpp:9[m[K:
[0.822s] [01m[K/root/workspace/src/drone/src/mqtt.cpp:[m[K In member function ‘[01m[Kvirtual void callback::on_failure(const mqtt::token&)[m[K’:
[0.822s] [01m[K/root/workspace/src/drone/src/mqtt.cpp:89:37:[m[K [01;35m[Kwarning: [m[Kunused parameter ‘[01m[Ktok[m[K’ [[01;35m[K-Wunused-parameter[m[K]
[0.822s]    89 |  void on_failure([01;35m[Kconst mqtt::token& tok[m[K) override {
[0.822s]       |                  [01;35m[K~~~~~~~~~~~~~~~~~~~^~~[m[K
[0.822s] [01m[K/root/workspace/src/drone/src/mqtt.cpp:[m[K In member function ‘[01m[Kvirtual void callback::on_success(const mqtt::token&)[m[K’:
[0.822s] [01m[K/root/workspace/src/drone/src/mqtt.cpp:98:37:[m[K [01;35m[Kwarning: [m[Kunused parameter ‘[01m[Ktok[m[K’ [[01;35m[K-Wunused-parameter[m[K]
[0.822s]    98 |  void on_success([01;35m[Kconst mqtt::token& tok[m[K) override {}
[0.822s]       |                  [01;35m[K~~~~~~~~~~~~~~~~~~~^~~[m[K
[0.822s] [01m[K/root/workspace/src/drone/src/mqtt.cpp:[m[K In member function ‘[01m[Kvirtual void callback::connected(const string&)[m[K’:
[0.822s] [01m[K/root/workspace/src/drone/src/mqtt.cpp:101:36:[m[K [01;35m[Kwarning: [m[Kunused parameter ‘[01m[Kcause[m[K’ [[01;35m[K-Wunused-parameter[m[K]
[0.822s]   101 |  void connected([01;35m[Kconst std::string& cause[m[K) override {
[0.822s]       |                 [01;35m[K~~~~~~~~~~~~~~~~~~~^~~~~[m[K
[0.823s] [01m[K/root/workspace/src/drone/src/mqtt.cpp:[m[K In member function ‘[01m[Kvirtual void callback::delivery_complete(mqtt::delivery_token_ptr)[m[K’:
[0.823s] [01m[K/root/workspace/src/drone/src/mqtt.cpp:131:50:[m[K [01;35m[Kwarning: [m[Kunused parameter ‘[01m[Ktoken[m[K’ [[01;35m[K-Wunused-parameter[m[K]
[0.823s]   131 |  void delivery_complete([01;35m[Kmqtt::delivery_token_ptr token[m[K) override {}
[0.823s]       |                         [01;35m[K~~~~~~~~~~~~~~~~~~~~~~~~~^~~~~[m[K
[0.826s] [01m[K/root/workspace/src/drone/src/offb_node.cpp:[m[K At global scope:
[0.826s] [01m[K/root/workspace/src/drone/src/offb_node.cpp:24:10:[m[K [01;31m[Kerror: [m[Kextra qualification ‘[01m[KOffboardControl::[m[K’ on member ‘[01m[Karm[m[K’ [[01;31m[K-fpermissive[m[K]
[0.826s]    24 |     void [01;31m[KOffboardControl[m[K::arm(){
[0.826s]       |          [01;31m[K^~~~~~~~~~~~~~~[m[K
[0.826s] [01m[K/root/workspace/src/drone/src/offb_node.cpp:28:10:[m[K [01;31m[Kerror: [m[Kextra qualification ‘[01m[KOffboardControl::[m[K’ on member ‘[01m[Kdisarm[m[K’ [[01;31m[K-fpermissive[m[K]
[0.826s]    28 |     void [01;31m[KOffboardControl[m[K::disarm(){
[0.827s]       |          [01;31m[K^~~~~~~~~~~~~~~[m[K
[1.510s] make[2]: *** [CMakeFiles/node.dir/build.make:63: CMakeFiles/node.dir/src/offb_node.cpp.o] Error 1
[1.510s] make[1]: *** [CMakeFiles/Makefile2:78: CMakeFiles/node.dir/all] Error 2
[1.510s] make: *** [Makefile:141: all] Error 2
[1.511s] Invoked command in '/root/workspace/build/drone' returned '2': CMAKE_PREFIX_PATH=${CMAKE_PREFIX_PATH}:/opt/ros/foxy /usr/bin/cmake --build /root/workspace/build/drone -- -j20 -l20
