[0.010s] Invoking command in '/root/workspace/build/drone': CMAKE_PREFIX_PATH=${CMAKE_PREFIX_PATH}:/opt/ros/foxy /usr/bin/cmake --build /root/workspace/build/drone -- -j20 -l20
[0.034s] -- Found ament_cmake: 0.9.12 (/opt/ros/foxy/share/ament_cmake/cmake)
[0.047s] -- Using PYTHON_EXECUTABLE: /usr/bin/python3
[0.119s] -- Found rclcpp: 2.4.3 (/opt/ros/foxy/share/rclcpp/cmake)
[0.142s] -- Using all available rosidl_typesupport_c: rosidl_typesupport_fastrtps_c;rosidl_typesupport_introspection_c
[0.145s] -- Found rosidl_adapter: 1.3.1 (/opt/ros/foxy/share/rosidl_adapter/cmake)
[0.218s] -- Using all available rosidl_typesupport_cpp: rosidl_typesupport_fastrtps_cpp;rosidl_typesupport_introspection_cpp
[0.252s] -- Found rmw_implementation_cmake: 1.0.4 (/opt/ros/foxy/share/rmw_implementation_cmake/cmake)
[0.253s] -- Using RMW implementation 'rmw_fastrtps_cpp' as default
[0.337s] -- Found px4_msgs: 2.0.1 (/root/microros_ws/install/px4_msgs/share/px4_msgs/cmake)
[0.354s] -- Found ament_lint_auto: 0.9.8 (/opt/ros/foxy/share/ament_lint_auto/cmake)
[0.391s] -- Added test 'copyright' to check source files copyright and LICENSE
[0.392s] -- Added test 'cppcheck' to perform static code analysis on C / C++ code
[0.392s] -- Configured cppcheck include dirs: 
[0.392s] -- Configured cppcheck exclude dirs and/or files: 
[0.392s] -- Added test 'cpplint' to check C / C++ code against the Google style
[0.392s] -- Configured cpplint exclude dirs and/or files: 
[0.392s] -- Added test 'lint_cmake' to check CMake code style
[0.393s] -- Added test 'uncrustify' to check C / C++ code style
[0.393s] -- Configured uncrustify additional arguments: 
[0.393s] -- Added test 'xmllint' to check XML markup files
[0.395s] -- Configuring done
[0.399s] -- Generating done
[0.399s] -- Build files have been written to: /root/workspace/build/drone
[0.419s] [35m[1mScanning dependencies of target node[0m
[0.435s] [ 50%] [32mBuilding CXX object CMakeFiles/node.dir/src/offb_node.cpp.o[0m
[1.281s] In file included from [01m[K/root/workspace/src/drone/src/offb_node.cpp:15[m[K:
[1.281s] [01m[K/root/workspace/src/drone/src/mqtt.cpp:[m[K In member function ‘[01m[Kvirtual void callback::on_failure(const mqtt::token&)[m[K’:
[1.281s] [01m[K/root/workspace/src/drone/src/mqtt.cpp:89:37:[m[K [01;35m[Kwarning: [m[Kunused parameter ‘[01m[Ktok[m[K’ [[01;35m[K-Wunused-parameter[m[K]
[1.281s]    89 |  void on_failure([01;35m[Kconst mqtt::token& tok[m[K) override {
[1.282s]       |                  [01;35m[K~~~~~~~~~~~~~~~~~~~^~~[m[K
[1.282s] [01m[K/root/workspace/src/drone/src/mqtt.cpp:[m[K In member function ‘[01m[Kvirtual void callback::on_success(const mqtt::token&)[m[K’:
[1.282s] [01m[K/root/workspace/src/drone/src/mqtt.cpp:98:37:[m[K [01;35m[Kwarning: [m[Kunused parameter ‘[01m[Ktok[m[K’ [[01;35m[K-Wunused-parameter[m[K]
[1.282s]    98 |  void on_success([01;35m[Kconst mqtt::token& tok[m[K) override {}
[1.282s]       |                  [01;35m[K~~~~~~~~~~~~~~~~~~~^~~[m[K
[1.282s] [01m[K/root/workspace/src/drone/src/mqtt.cpp:[m[K In member function ‘[01m[Kvirtual void callback::connected(const string&)[m[K’:
[1.282s] [01m[K/root/workspace/src/drone/src/mqtt.cpp:101:36:[m[K [01;35m[Kwarning: [m[Kunused parameter ‘[01m[Kcause[m[K’ [[01;35m[K-Wunused-parameter[m[K]
[1.282s]   101 |  void connected([01;35m[Kconst std::string& cause[m[K) override {
[1.282s]       |                 [01;35m[K~~~~~~~~~~~~~~~~~~~^~~~~[m[K
[1.283s] [01m[K/root/workspace/src/drone/src/mqtt.cpp:[m[K In member function ‘[01m[Kvirtual void callback::delivery_complete(mqtt::delivery_token_ptr)[m[K’:
[1.283s] [01m[K/root/workspace/src/drone/src/mqtt.cpp:131:50:[m[K [01;35m[Kwarning: [m[Kunused parameter ‘[01m[Ktoken[m[K’ [[01;35m[K-Wunused-parameter[m[K]
[1.283s]   131 |  void delivery_complete([01;35m[Kmqtt::delivery_token_ptr token[m[K) override {}
[1.283s]       |                         [01;35m[K~~~~~~~~~~~~~~~~~~~~~~~~~^~~~~[m[K
[1.410s] [01m[K/root/workspace/src/drone/src/offb_node.cpp:[m[K In member function ‘[01m[Kvoid OffboardControl::publish_trajectory()[m[K’:
[1.410s] [01m[K/root/workspace/src/drone/src/offb_node.cpp:179:15:[m[K [01;31m[Kerror: [m[K‘[01m[Kparam1[m[K’ was not declared in this scope
[1.410s]   179 |  msg.param7 = [01;31m[Kparam1[m[K;
[1.410s]       |               [01;31m[K^~~~~~[m[K
[1.410s] [01m[K/root/workspace/src/drone/src/offb_node.cpp:180:16:[m[K [01;31m[Kerror: [m[K‘[01m[Kcommand[m[K’ was not declared in this scope
[1.410s]   180 |  msg.command = [01;31m[Kcommand[m[K;
[1.410s]       |                [01;31m[K^~~~~~~[m[K
[2.545s] make[2]: *** [CMakeFiles/node.dir/build.make:63: CMakeFiles/node.dir/src/offb_node.cpp.o] Error 1
[2.545s] make[1]: *** [CMakeFiles/Makefile2:78: CMakeFiles/node.dir/all] Error 2
[2.545s] make: *** [Makefile:141: all] Error 2
[2.546s] Invoked command in '/root/workspace/build/drone' returned '2': CMAKE_PREFIX_PATH=${CMAKE_PREFIX_PATH}:/opt/ros/foxy /usr/bin/cmake --build /root/workspace/build/drone -- -j20 -l20
