-- Found ament_cmake: 0.9.12 (/opt/ros/foxy/share/ament_cmake/cmake)
-- Using PYTHON_EXECUTABLE: /usr/bin/python3
-- Found rclcpp: 2.4.3 (/opt/ros/foxy/share/rclcpp/cmake)
-- Using all available rosidl_typesupport_c: rosidl_typesupport_fastrtps_c;rosidl_typesupport_introspection_c
-- Found rosidl_adapter: 1.3.1 (/opt/ros/foxy/share/rosidl_adapter/cmake)
-- Using all available rosidl_typesupport_cpp: rosidl_typesupport_fastrtps_cpp;rosidl_typesupport_introspection_cpp
-- Found rmw_implementation_cmake: 1.0.4 (/opt/ros/foxy/share/rmw_implementation_cmake/cmake)
-- Using RMW implementation 'rmw_fastrtps_cpp' as default
-- Found ament_lint_auto: 0.9.8 (/opt/ros/foxy/share/ament_lint_auto/cmake)
-- Added test 'copyright' to check source files copyright and LICENSE
-- Added test 'cppcheck' to perform static code analysis on C / C++ code
-- Configured cppcheck include dirs: 
-- Configured cppcheck exclude dirs and/or files: 
-- Added test 'cpplint' to check C / C++ code against the Google style
-- Configured cpplint exclude dirs and/or files: 
-- Added test 'lint_cmake' to check CMake code style
-- Added test 'uncrustify' to check C / C++ code style
-- Configured uncrustify additional arguments: 
-- Added test 'xmllint' to check XML markup files
-- Configuring done
-- Generating done
-- Build files have been written to: /root/workspace/build/drone
[35m[1mScanning dependencies of target node[0m
[ 50%] [32mBuilding CXX object CMakeFiles/node.dir/src/offb_nope.cpp.o[0m
[100%] [32m[1mLinking CXX executable node[0m
[100%] Built target node
-- Install configuration: ""
-- Installing: /root/workspace/install/drone/lib/drone/node
-- Set runtime path of "/root/workspace/install/drone/lib/drone/node" to ""
-- Installing: /root/workspace/install/drone/share/ament_index/resource_index/package_run_dependencies/drone
-- Installing: /root/workspace/install/drone/share/ament_index/resource_index/parent_prefix_path/drone
-- Installing: /root/workspace/install/drone/share/drone/environment/ament_prefix_path.sh
-- Installing: /root/workspace/install/drone/share/drone/environment/ament_prefix_path.dsv
-- Installing: /root/workspace/install/drone/share/drone/environment/path.sh
-- Installing: /root/workspace/install/drone/share/drone/environment/path.dsv
-- Installing: /root/workspace/install/drone/share/drone/local_setup.bash
-- Installing: /root/workspace/install/drone/share/drone/local_setup.sh
-- Installing: /root/workspace/install/drone/share/drone/local_setup.zsh
-- Installing: /root/workspace/install/drone/share/drone/local_setup.dsv
-- Installing: /root/workspace/install/drone/share/drone/package.dsv
-- Installing: /root/workspace/install/drone/share/ament_index/resource_index/packages/drone
-- Installing: /root/workspace/install/drone/share/drone/cmake/droneConfig.cmake
-- Installing: /root/workspace/install/drone/share/drone/cmake/droneConfig-version.cmake
-- Installing: /root/workspace/install/drone/share/drone/package.xml
