[0.009s] Invoking command in '/root/workspace/build/drone': CMAKE_PREFIX_PATH=${CMAKE_PREFIX_PATH}:/opt/ros/foxy /usr/bin/cmake /root/workspace/src/drone -DCMAKE_INSTALL_PREFIX=/root/workspace/install/drone
[0.020s] -- Found ament_cmake: 0.9.12 (/opt/ros/foxy/share/ament_cmake/cmake)
[0.033s] -- Using PYTHON_EXECUTABLE: /usr/bin/python3
[0.113s] -- Found rclcpp: 2.4.3 (/opt/ros/foxy/share/rclcpp/cmake)
[0.132s] -- Using all available rosidl_typesupport_c: rosidl_typesupport_fastrtps_c;rosidl_typesupport_introspection_c
[0.133s] -- Found rosidl_adapter: 1.3.1 (/opt/ros/foxy/share/rosidl_adapter/cmake)
[0.210s] -- Using all available rosidl_typesupport_cpp: rosidl_typesupport_fastrtps_cpp;rosidl_typesupport_introspection_cpp
[0.240s] -- Found rmw_implementation_cmake: 1.0.4 (/opt/ros/foxy/share/rmw_implementation_cmake/cmake)
[0.241s] -- Using RMW implementation 'rmw_fastrtps_cpp' as default
[0.326s] -- Found ament_lint_auto: 0.9.8 (/opt/ros/foxy/share/ament_lint_auto/cmake)
[0.365s] -- Added test 'copyright' to check source files copyright and LICENSE
[0.365s] -- Added test 'cppcheck' to perform static code analysis on C / C++ code
[0.365s] -- Configured cppcheck include dirs: 
[0.365s] -- Configured cppcheck exclude dirs and/or files: 
[0.366s] -- Added test 'cpplint' to check C / C++ code against the Google style
[0.366s] -- Configured cpplint exclude dirs and/or files: 
[0.366s] -- Added test 'lint_cmake' to check CMake code style
[0.366s] -- Added test 'uncrustify' to check C / C++ code style
[0.366s] -- Configured uncrustify additional arguments: 
[0.366s] -- Added test 'xmllint' to check XML markup files
[0.369s] -- Configuring done
[0.373s] -- Generating done
[0.374s] -- Build files have been written to: /root/workspace/build/drone
[0.379s] Invoked command in '/root/workspace/build/drone' returned '0': CMAKE_PREFIX_PATH=${CMAKE_PREFIX_PATH}:/opt/ros/foxy /usr/bin/cmake /root/workspace/src/drone -DCMAKE_INSTALL_PREFIX=/root/workspace/install/drone
[0.380s] Invoking command in '/root/workspace/build/drone': CMAKE_PREFIX_PATH=${CMAKE_PREFIX_PATH}:/opt/ros/foxy /usr/bin/cmake --build /root/workspace/build/drone -- -j20 -l20
[0.407s] [35m[1mScanning dependencies of target node[0m
[0.461s] [ 50%] [32mBuilding CXX object CMakeFiles/node.dir/src/offb_nope.cpp.o[0m
[2.148s] [100%] [32m[1mLinking CXX executable node[0m
[2.249s] [100%] Built target node
[2.258s] Invoked command in '/root/workspace/build/drone' returned '0': CMAKE_PREFIX_PATH=${CMAKE_PREFIX_PATH}:/opt/ros/foxy /usr/bin/cmake --build /root/workspace/build/drone -- -j20 -l20
[2.280s] Invoking command in '/root/workspace/build/drone': CMAKE_PREFIX_PATH=${CMAKE_PREFIX_PATH}:/opt/ros/foxy /usr/bin/cmake --install /root/workspace/build/drone
[2.286s] -- Install configuration: ""
[2.286s] -- Installing: /root/workspace/install/drone/lib/drone/node
[2.287s] -- Set runtime path of "/root/workspace/install/drone/lib/drone/node" to ""
[2.287s] -- Installing: /root/workspace/install/drone/share/ament_index/resource_index/package_run_dependencies/drone
[2.287s] -- Installing: /root/workspace/install/drone/share/ament_index/resource_index/parent_prefix_path/drone
[2.287s] -- Installing: /root/workspace/install/drone/share/drone/environment/ament_prefix_path.sh
[2.287s] -- Installing: /root/workspace/install/drone/share/drone/environment/ament_prefix_path.dsv
[2.287s] -- Installing: /root/workspace/install/drone/share/drone/environment/path.sh
[2.287s] -- Installing: /root/workspace/install/drone/share/drone/environment/path.dsv
[2.287s] -- Installing: /root/workspace/install/drone/share/drone/local_setup.bash
[2.287s] -- Installing: /root/workspace/install/drone/share/drone/local_setup.sh
[2.288s] -- Installing: /root/workspace/install/drone/share/drone/local_setup.zsh
[2.288s] -- Installing: /root/workspace/install/drone/share/drone/local_setup.dsv
[2.288s] -- Installing: /root/workspace/install/drone/share/drone/package.dsv
[2.288s] -- Installing: /root/workspace/install/drone/share/ament_index/resource_index/packages/drone
[2.288s] -- Installing: /root/workspace/install/drone/share/drone/cmake/droneConfig.cmake
[2.288s] -- Installing: /root/workspace/install/drone/share/drone/cmake/droneConfig-version.cmake
[2.288s] -- Installing: /root/workspace/install/drone/share/drone/package.xml
[2.290s] Invoked command in '/root/workspace/build/drone' returned '0': CMAKE_PREFIX_PATH=${CMAKE_PREFIX_PATH}:/opt/ros/foxy /usr/bin/cmake --install /root/workspace/build/drone
