[0.010s] Invoking command in '/root/workspace/build/drone': CMAKE_PREFIX_PATH=${CMAKE_PREFIX_PATH}:/opt/ros/foxy /usr/bin/cmake --build /root/workspace/build/drone -- -j20 -l20
[0.044s] [35m[1mScanning dependencies of target node[0m
[0.063s] [ 50%] [32mBuilding CXX object CMakeFiles/node.dir/src/offb_node.cpp.o[0m
[1.189s] In file included from [01m[K/root/workspace/src/drone/src/offb_node.cpp:13[m[K:
[1.189s] [01m[K/root/workspace/src/drone/src/mqtt.cpp:[m[K In member function ‘[01m[Kvirtual void callback::on_failure(const mqtt::token&)[m[K’:
[1.189s] [01m[K/root/workspace/src/drone/src/mqtt.cpp:89:37:[m[K [01;35m[Kwarning: [m[Kunused parameter ‘[01m[Ktok[m[K’ [[01;35m[K-Wunused-parameter[m[K]
[1.189s]    89 |  void on_failure([01;35m[Kconst mqtt::token& tok[m[K) override {
[1.190s]       |                  [01;35m[K~~~~~~~~~~~~~~~~~~~^~~[m[K
[1.190s] [01m[K/root/workspace/src/drone/src/mqtt.cpp:[m[K In member function ‘[01m[Kvirtual void callback::on_success(const mqtt::token&)[m[K’:
[1.190s] [01m[K/root/workspace/src/drone/src/mqtt.cpp:98:37:[m[K [01;35m[Kwarning: [m[Kunused parameter ‘[01m[Ktok[m[K’ [[01;35m[K-Wunused-parameter[m[K]
[1.190s]    98 |  void on_success([01;35m[Kconst mqtt::token& tok[m[K) override {}
[1.190s]       |                  [01;35m[K~~~~~~~~~~~~~~~~~~~^~~[m[K
[1.190s] [01m[K/root/workspace/src/drone/src/mqtt.cpp:[m[K In member function ‘[01m[Kvirtual void callback::connected(const string&)[m[K’:
[1.190s] [01m[K/root/workspace/src/drone/src/mqtt.cpp:101:36:[m[K [01;35m[Kwarning: [m[Kunused parameter ‘[01m[Kcause[m[K’ [[01;35m[K-Wunused-parameter[m[K]
[1.190s]   101 |  void connected([01;35m[Kconst std::string& cause[m[K) override {
[1.190s]       |                 [01;35m[K~~~~~~~~~~~~~~~~~~~^~~~~[m[K
[1.191s] [01m[K/root/workspace/src/drone/src/mqtt.cpp:[m[K In member function ‘[01m[Kvirtual void callback::delivery_complete(mqtt::delivery_token_ptr)[m[K’:
[1.191s] [01m[K/root/workspace/src/drone/src/mqtt.cpp:131:50:[m[K [01;35m[Kwarning: [m[Kunused parameter ‘[01m[Ktoken[m[K’ [[01;35m[K-Wunused-parameter[m[K]
[1.191s]   131 |  void delivery_complete([01;35m[Kmqtt::delivery_token_ptr token[m[K) override {}
[1.191s]       |                         [01;35m[K~~~~~~~~~~~~~~~~~~~~~~~~~^~~~~[m[K
[1.445s] [01m[K/root/workspace/src/drone/src/offb_node.cpp:[m[K In function ‘[01m[Kint main(int, char**)[m[K’:
[1.446s] [01m[K/root/workspace/src/drone/src/offb_node.cpp:235:41:[m[K [01;31m[Kerror: [m[Ka function-definition is not allowed here before ‘[01m[K{[m[K’ token
[1.446s]   235 |     void signal_handler_ext(int signum) [01;31m[K{[m[K
[1.446s]       |                                         [01;31m[K^[m[K
[1.447s] [01m[K/root/workspace/src/drone/src/offb_node.cpp:238:25:[m[K [01;31m[Kerror: [m[K‘[01m[Ksignal_handler[m[K’ was not declared in this scope; did you mean ‘[01m[Ksa_handler[m[K’?
[1.447s]   238 |     std::signal(SIGINT, [01;31m[Ksignal_handler[m[K);
[1.447s]       |                         [01;31m[K^~~~~~~~~~~~~~[m[K
[1.447s]       |                         [32m[Ksa_handler[m[K
[3.646s] make[2]: *** [CMakeFiles/node.dir/build.make:63: CMakeFiles/node.dir/src/offb_node.cpp.o] Error 1
[3.646s] make[1]: *** [CMakeFiles/Makefile2:78: CMakeFiles/node.dir/all] Error 2
[3.646s] make: *** [Makefile:141: all] Error 2
[3.648s] Invoked command in '/root/workspace/build/drone' returned '2': CMAKE_PREFIX_PATH=${CMAKE_PREFIX_PATH}:/opt/ros/foxy /usr/bin/cmake --build /root/workspace/build/drone -- -j20 -l20
