[0.015s] Invoking command in '/root/workspace/build/drone': CMAKE_PREFIX_PATH=${CMAKE_PREFIX_PATH}:/opt/ros/foxy /usr/bin/cmake --build /root/workspace/build/drone -- -j20 -l20
[0.046s] [35m[1mScanning dependencies of target node[0m
[0.071s] [ 50%] [32mBuilding CXX object CMakeFiles/node.dir/src/offb_node.cpp.o[0m
[1.195s] In file included from [01m[K/root/workspace/src/drone/src/offb_node.cpp:13[m[K:
[1.195s] [01m[K/root/workspace/src/drone/src/mqtt.cpp:[m[K In member function ‘[01m[Kvirtual void callback::on_failure(const mqtt::token&)[m[K’:
[1.195s] [01m[K/root/workspace/src/drone/src/mqtt.cpp:89:37:[m[K [01;35m[Kwarning: [m[Kunused parameter ‘[01m[Ktok[m[K’ [[01;35m[K-Wunused-parameter[m[K]
[1.195s]    89 |  void on_failure([01;35m[Kconst mqtt::token& tok[m[K) override {
[1.195s]       |                  [01;35m[K~~~~~~~~~~~~~~~~~~~^~~[m[K
[1.195s] [01m[K/root/workspace/src/drone/src/mqtt.cpp:[m[K In member function ‘[01m[Kvirtual void callback::on_success(const mqtt::token&)[m[K’:
[1.195s] [01m[K/root/workspace/src/drone/src/mqtt.cpp:98:37:[m[K [01;35m[Kwarning: [m[Kunused parameter ‘[01m[Ktok[m[K’ [[01;35m[K-Wunused-parameter[m[K]
[1.195s]    98 |  void on_success([01;35m[Kconst mqtt::token& tok[m[K) override {}
[1.195s]       |                  [01;35m[K~~~~~~~~~~~~~~~~~~~^~~[m[K
[1.195s] [01m[K/root/workspace/src/drone/src/mqtt.cpp:[m[K In member function ‘[01m[Kvirtual void callback::connected(const string&)[m[K’:
[1.196s] [01m[K/root/workspace/src/drone/src/mqtt.cpp:101:36:[m[K [01;35m[Kwarning: [m[Kunused parameter ‘[01m[Kcause[m[K’ [[01;35m[K-Wunused-parameter[m[K]
[1.196s]   101 |  void connected([01;35m[Kconst std::string& cause[m[K) override {
[1.196s]       |                 [01;35m[K~~~~~~~~~~~~~~~~~~~^~~~~[m[K
[1.196s] [01m[K/root/workspace/src/drone/src/mqtt.cpp:[m[K In member function ‘[01m[Kvirtual void callback::delivery_complete(mqtt::delivery_token_ptr)[m[K’:
[1.196s] [01m[K/root/workspace/src/drone/src/mqtt.cpp:131:50:[m[K [01;35m[Kwarning: [m[Kunused parameter ‘[01m[Ktoken[m[K’ [[01;35m[K-Wunused-parameter[m[K]
[1.196s]   131 |  void delivery_complete([01;35m[Kmqtt::delivery_token_ptr token[m[K) override {}
[1.196s]       |                         [01;35m[K~~~~~~~~~~~~~~~~~~~~~~~~~^~~~~[m[K
[1.222s] [01m[K/root/workspace/src/drone/src/offb_node.cpp:[m[K In constructor ‘[01m[KOffboardControl::OffboardControl()[m[K’:
[1.222s] [01m[K/root/workspace/src/drone/src/offb_node.cpp:34:37:[m[K [01;31m[Kerror: [m[Kinvalid use of non-static member function ‘[01m[Kvoid OffboardControl::sigint_handler(int)[m[K’
[1.222s]    34 |         std::signal(SIGINT, [01;31m[Kthis -> sigint_handler[m[K);
[1.222s]       |                             [01;31m[K~~~~~~~~^~~~~~~~~~~~~~[m[K
[1.222s] [01m[K/root/workspace/src/drone/src/offb_node.cpp:140:10:[m[K [01;36m[Knote: [m[Kdeclared here
[1.222s]   140 |     void [01;36m[Ksigint_handler[m[K(int signum);
[1.222s]       |          [01;36m[K^~~~~~~~~~~~~~[m[K
[3.494s] make[2]: *** [CMakeFiles/node.dir/build.make:63: CMakeFiles/node.dir/src/offb_node.cpp.o] Error 1
[3.494s] make[1]: *** [CMakeFiles/Makefile2:78: CMakeFiles/node.dir/all] Error 2
[3.495s] make: *** [Makefile:141: all] Error 2
[3.497s] Invoked command in '/root/workspace/build/drone' returned '2': CMAKE_PREFIX_PATH=${CMAKE_PREFIX_PATH}:/opt/ros/foxy /usr/bin/cmake --build /root/workspace/build/drone -- -j20 -l20
