[0.008s] Invoking command in '/root/workspace/build/drone': CMAKE_PREFIX_PATH=${CMAKE_PREFIX_PATH}:/opt/ros/foxy /usr/bin/cmake --build /root/workspace/build/drone -- -j20 -l20
[0.034s] [35m[1mScanning dependencies of target node[0m
[0.058s] [ 50%] [32mBuilding CXX object CMakeFiles/node.dir/src/offb_node.cpp.o[0m
[0.860s] In file included from [01m[K/root/workspace/src/drone/src/offb_node.cpp:13[m[K:
[0.860s] [01m[K/root/workspace/src/drone/src/mqtt.cpp:[m[K In member function ‘[01m[Kvirtual void callback::on_failure(const mqtt::token&)[m[K’:
[0.860s] [01m[K/root/workspace/src/drone/src/mqtt.cpp:89:37:[m[K [01;35m[Kwarning: [m[Kunused parameter ‘[01m[Ktok[m[K’ [[01;35m[K-Wunused-parameter[m[K]
[0.860s]    89 |  void on_failure([01;35m[Kconst mqtt::token& tok[m[K) override {
[0.860s]       |                  [01;35m[K~~~~~~~~~~~~~~~~~~~^~~[m[K
[0.860s] [01m[K/root/workspace/src/drone/src/mqtt.cpp:[m[K In member function ‘[01m[Kvirtual void callback::on_success(const mqtt::token&)[m[K’:
[0.860s] [01m[K/root/workspace/src/drone/src/mqtt.cpp:98:37:[m[K [01;35m[Kwarning: [m[Kunused parameter ‘[01m[Ktok[m[K’ [[01;35m[K-Wunused-parameter[m[K]
[0.860s]    98 |  void on_success([01;35m[Kconst mqtt::token& tok[m[K) override {}
[0.860s]       |                  [01;35m[K~~~~~~~~~~~~~~~~~~~^~~[m[K
[0.860s] [01m[K/root/workspace/src/drone/src/mqtt.cpp:[m[K In member function ‘[01m[Kvirtual void callback::connected(const string&)[m[K’:
[0.860s] [01m[K/root/workspace/src/drone/src/mqtt.cpp:101:36:[m[K [01;35m[Kwarning: [m[Kunused parameter ‘[01m[Kcause[m[K’ [[01;35m[K-Wunused-parameter[m[K]
[0.860s]   101 |  void connected([01;35m[Kconst std::string& cause[m[K) override {
[0.860s]       |                 [01;35m[K~~~~~~~~~~~~~~~~~~~^~~~~[m[K
[0.861s] [01m[K/root/workspace/src/drone/src/mqtt.cpp:[m[K In member function ‘[01m[Kvirtual void callback::delivery_complete(mqtt::delivery_token_ptr)[m[K’:
[0.861s] [01m[K/root/workspace/src/drone/src/mqtt.cpp:131:50:[m[K [01;35m[Kwarning: [m[Kunused parameter ‘[01m[Ktoken[m[K’ [[01;35m[K-Wunused-parameter[m[K]
[0.861s]   131 |  void delivery_complete([01;35m[Kmqtt::delivery_token_ptr token[m[K) override {}
[0.861s]       |                         [01;35m[K~~~~~~~~~~~~~~~~~~~~~~~~~^~~~~[m[K
[4.879s] [100%] [32m[1mLinking CXX executable node[0m
[5.082s] /usr/bin/ld: CMakeFiles/node.dir/src/offb_node.cpp.o: in function `OffboardControl::signal_handler(int)':
[5.082s] offb_node.cpp:(.text+0xf55): undefined reference to `OffboardControl::instance'
[5.082s] collect2: error: ld returned 1 exit status
[5.083s] make[2]: *** [CMakeFiles/node.dir/build.make:136: node] Error 1
[5.083s] make[1]: *** [CMakeFiles/Makefile2:78: CMakeFiles/node.dir/all] Error 2
[5.083s] make: *** [Makefile:141: all] Error 2
[5.084s] Invoked command in '/root/workspace/build/drone' returned '2': CMAKE_PREFIX_PATH=${CMAKE_PREFIX_PATH}:/opt/ros/foxy /usr/bin/cmake --build /root/workspace/build/drone -- -j20 -l20
