[0.006s] Invoking command in '/home/bmartinez/workspace/micro_ros2/braismtnez-ros2sim/workspace/build/drone': CMAKE_PREFIX_PATH=/opt/ros/foxy /home/bmartinez/.local/bin/cmake /home/bmartinez/workspace/micro_ros2/braismtnez-ros2sim/workspace/src/drone -DCMAKE_INSTALL_PREFIX=/home/bmartinez/workspace/micro_ros2/braismtnez-ros2sim/workspace/install/drone
[0.148s] -- The C compiler identification is GNU 9.4.0
[0.252s] -- The CXX compiler identification is GNU 9.4.0
[0.260s] -- Detecting C compiler ABI info
[0.307s] -- Detecting C compiler ABI info - done
[0.319s] -- Check for working C compiler: /usr/bin/cc - skipped
[0.319s] -- Detecting C compile features
[0.319s] -- Detecting C compile features - done
[0.322s] -- Detecting CXX compiler ABI info
[0.371s] -- Detecting CXX compiler ABI info - done
[0.380s] -- Check for working CXX compiler: /usr/bin/c++ - skipped
[0.380s] -- Detecting CXX compile features
[0.381s] -- Detecting CXX compile features - done
[0.384s] -- Found ament_cmake: 0.9.12 (/opt/ros/foxy/share/ament_cmake/cmake)
[0.388s] [33mCMake Warning (dev) at /opt/ros/foxy/share/ament_cmake_core/cmake/core/python.cmake:22 (find_package):
[0.388s]   Policy CMP0148 is not set: The FindPythonInterp and FindPythonLibs modules
[0.388s]   are removed.  Run "cmake --help-policy CMP0148" for policy details.  Use
[0.388s]   the cmake_policy command to set the policy and suppress this warning.
[0.388s] 
[0.388s] Call Stack (most recent call first):
[0.388s]   /opt/ros/foxy/share/ament_cmake_core/cmake/core/all.cmake:53 (include)
[0.388s]   /opt/ros/foxy/share/ament_cmake_core/cmake/ament_cmake_core-extras.cmake:17 (include)
[0.388s]   /opt/ros/foxy/share/ament_cmake_core/cmake/ament_cmake_coreConfig.cmake:41 (include)
[0.388s]   /opt/ros/foxy/share/ament_cmake/cmake/ament_cmake_export_dependencies-extras.cmake:15 (find_package)
[0.388s]   /opt/ros/foxy/share/ament_cmake/cmake/ament_cmakeConfig.cmake:41 (include)
[0.388s]   CMakeLists.txt:19 (find_package)
[0.388s] This warning is for project developers.  Use -Wno-dev to suppress it.
[0.388s] [0m
[0.401s] -- Found PythonInterp: /usr/bin/python3 (found suitable version "3.8.10", minimum required is "3")
[0.401s] -- Using PYTHON_EXECUTABLE: /usr/bin/python3
[0.505s] -- Found rclcpp: 2.4.3 (/opt/ros/foxy/share/rclcpp/cmake)
[0.537s] -- Using all available rosidl_typesupport_c: rosidl_typesupport_fastrtps_c;rosidl_typesupport_introspection_c
[0.542s] -- Found rosidl_adapter: 1.3.1 (/opt/ros/foxy/share/rosidl_adapter/cmake)
[0.597s] -- Found OpenSSL: /usr/lib/x86_64-linux-gnu/libcrypto.so (found version "1.1.1f")
[0.615s] -- Found FastRTPS: /opt/ros/foxy/include
[0.659s] -- Using all available rosidl_typesupport_cpp: rosidl_typesupport_fastrtps_cpp;rosidl_typesupport_introspection_cpp
[0.692s] -- Found rmw_implementation_cmake: 1.0.4 (/opt/ros/foxy/share/rmw_implementation_cmake/cmake)
[0.693s] -- Using RMW implementation 'rmw_fastrtps_cpp' as default
[0.694s] -- Performing Test CMAKE_HAVE_LIBC_PTHREAD
[0.737s] -- Performing Test CMAKE_HAVE_LIBC_PTHREAD - Failed
[0.737s] -- Looking for pthread_create in pthreads
[0.809s] -- Looking for pthread_create in pthreads - not found
[0.810s] -- Looking for pthread_create in pthread
[0.918s] -- Looking for pthread_create in pthread - found
[0.919s] -- Found Threads: TRUE
[1.000s] -- Found ament_lint_auto: 0.9.8 (/opt/ros/foxy/share/ament_lint_auto/cmake)
[1.039s] -- Added test 'copyright' to check source files copyright and LICENSE
[1.040s] -- Added test 'lint_cmake' to check CMake code style
[1.041s] -- Added test 'xmllint' to check XML markup files
[1.042s] -- Configuring done (1.0s)
[1.044s] -- Generating done (0.0s)
[1.045s] -- Build files have been written to: /home/bmartinez/workspace/micro_ros2/braismtnez-ros2sim/workspace/build/drone
[1.054s] Invoked command in '/home/bmartinez/workspace/micro_ros2/braismtnez-ros2sim/workspace/build/drone' returned '0': CMAKE_PREFIX_PATH=/opt/ros/foxy /home/bmartinez/.local/bin/cmake /home/bmartinez/workspace/micro_ros2/braismtnez-ros2sim/workspace/src/drone -DCMAKE_INSTALL_PREFIX=/home/bmartinez/workspace/micro_ros2/braismtnez-ros2sim/workspace/install/drone
[1.055s] Invoking command in '/home/bmartinez/workspace/micro_ros2/braismtnez-ros2sim/workspace/build/drone': CMAKE_PREFIX_PATH=/opt/ros/foxy /home/bmartinez/.local/bin/cmake --build /home/bmartinez/workspace/micro_ros2/braismtnez-ros2sim/workspace/build/drone -- -j20 -l20
[1.097s] Invoked command in '/home/bmartinez/workspace/micro_ros2/braismtnez-ros2sim/workspace/build/drone' returned '0': CMAKE_PREFIX_PATH=/opt/ros/foxy /home/bmartinez/.local/bin/cmake --build /home/bmartinez/workspace/micro_ros2/braismtnez-ros2sim/workspace/build/drone -- -j20 -l20
[1.172s] Invoking command in '/home/bmartinez/workspace/micro_ros2/braismtnez-ros2sim/workspace/build/drone': CMAKE_PREFIX_PATH=/opt/ros/foxy /home/bmartinez/.local/bin/cmake --install /home/bmartinez/workspace/micro_ros2/braismtnez-ros2sim/workspace/build/drone
[1.200s] -- Install configuration: ""
[1.200s] -- Installing: /home/bmartinez/workspace/micro_ros2/braismtnez-ros2sim/workspace/install/drone/share/ament_index/resource_index/package_run_dependencies/drone
[1.200s] -- Installing: /home/bmartinez/workspace/micro_ros2/braismtnez-ros2sim/workspace/install/drone/share/ament_index/resource_index/parent_prefix_path/drone
[1.200s] -- Installing: /home/bmartinez/workspace/micro_ros2/braismtnez-ros2sim/workspace/install/drone/share/drone/environment/ament_prefix_path.sh
[1.200s] -- Installing: /home/bmartinez/workspace/micro_ros2/braismtnez-ros2sim/workspace/install/drone/share/drone/environment/ament_prefix_path.dsv
[1.200s] -- Installing: /home/bmartinez/workspace/micro_ros2/braismtnez-ros2sim/workspace/install/drone/share/drone/environment/path.sh
[1.200s] -- Installing: /home/bmartinez/workspace/micro_ros2/braismtnez-ros2sim/workspace/install/drone/share/drone/environment/path.dsv
[1.200s] -- Installing: /home/bmartinez/workspace/micro_ros2/braismtnez-ros2sim/workspace/install/drone/share/drone/local_setup.bash
[1.200s] -- Installing: /home/bmartinez/workspace/micro_ros2/braismtnez-ros2sim/workspace/install/drone/share/drone/local_setup.sh
[1.200s] -- Installing: /home/bmartinez/workspace/micro_ros2/braismtnez-ros2sim/workspace/install/drone/share/drone/local_setup.zsh
[1.200s] -- Installing: /home/bmartinez/workspace/micro_ros2/braismtnez-ros2sim/workspace/install/drone/share/drone/local_setup.dsv
[1.200s] -- Installing: /home/bmartinez/workspace/micro_ros2/braismtnez-ros2sim/workspace/install/drone/share/drone/package.dsv
[1.200s] -- Installing: /home/bmartinez/workspace/micro_ros2/braismtnez-ros2sim/workspace/install/drone/share/ament_index/resource_index/packages/drone
[1.200s] -- Installing: /home/bmartinez/workspace/micro_ros2/braismtnez-ros2sim/workspace/install/drone/share/drone/cmake/droneConfig.cmake
[1.200s] -- Installing: /home/bmartinez/workspace/micro_ros2/braismtnez-ros2sim/workspace/install/drone/share/drone/cmake/droneConfig-version.cmake
[1.200s] -- Installing: /home/bmartinez/workspace/micro_ros2/braismtnez-ros2sim/workspace/install/drone/share/drone/package.xml
[1.204s] Invoked command in '/home/bmartinez/workspace/micro_ros2/braismtnez-ros2sim/workspace/build/drone' returned '0': CMAKE_PREFIX_PATH=/opt/ros/foxy /home/bmartinez/.local/bin/cmake --install /home/bmartinez/workspace/micro_ros2/braismtnez-ros2sim/workspace/build/drone
