[0.009s] Invoking command in '/root/workspace/build/drone': CMAKE_PREFIX_PATH=${CMAKE_PREFIX_PATH}:/opt/ros/foxy /usr/bin/cmake --build /root/workspace/build/drone -- -j20 -l20
[0.039s] [35m[1mScanning dependencies of target node[0m
[0.058s] [ 50%] [32mBuilding CXX object CMakeFiles/node.dir/src/offb_node.cpp.o[0m
[1.053s] In file included from [01m[K/root/workspace/src/drone/src/offb_node.cpp:9[m[K:
[1.053s] [01m[K/root/workspace/src/drone/src/mqtt.cpp:[m[K In member function ‘[01m[Kvirtual void callback::on_failure(const mqtt::token&)[m[K’:
[1.053s] [01m[K/root/workspace/src/drone/src/mqtt.cpp:89:37:[m[K [01;35m[Kwarning: [m[Kunused parameter ‘[01m[Ktok[m[K’ [[01;35m[K-Wunused-parameter[m[K]
[1.053s]    89 |  void on_failure([01;35m[Kconst mqtt::token& tok[m[K) override {
[1.053s]       |                  [01;35m[K~~~~~~~~~~~~~~~~~~~^~~[m[K
[1.053s] [01m[K/root/workspace/src/drone/src/mqtt.cpp:[m[K In member function ‘[01m[Kvirtual void callback::on_success(const mqtt::token&)[m[K’:
[1.053s] [01m[K/root/workspace/src/drone/src/mqtt.cpp:98:37:[m[K [01;35m[Kwarning: [m[Kunused parameter ‘[01m[Ktok[m[K’ [[01;35m[K-Wunused-parameter[m[K]
[1.053s]    98 |  void on_success([01;35m[Kconst mqtt::token& tok[m[K) override {}
[1.053s]       |                  [01;35m[K~~~~~~~~~~~~~~~~~~~^~~[m[K
[1.053s] [01m[K/root/workspace/src/drone/src/mqtt.cpp:[m[K In member function ‘[01m[Kvirtual void callback::connected(const string&)[m[K’:
[1.053s] [01m[K/root/workspace/src/drone/src/mqtt.cpp:101:36:[m[K [01;35m[Kwarning: [m[Kunused parameter ‘[01m[Kcause[m[K’ [[01;35m[K-Wunused-parameter[m[K]
[1.053s]   101 |  void connected([01;35m[Kconst std::string& cause[m[K) override {
[1.054s]       |                 [01;35m[K~~~~~~~~~~~~~~~~~~~^~~~~[m[K
[1.054s] [01m[K/root/workspace/src/drone/src/mqtt.cpp:[m[K In member function ‘[01m[Kvirtual void callback::delivery_complete(mqtt::delivery_token_ptr)[m[K’:
[1.054s] [01m[K/root/workspace/src/drone/src/mqtt.cpp:131:50:[m[K [01;35m[Kwarning: [m[Kunused parameter ‘[01m[Ktoken[m[K’ [[01;35m[K-Wunused-parameter[m[K]
[1.054s]   131 |  void delivery_complete([01;35m[Kmqtt::delivery_token_ptr token[m[K) override {}
[1.054s]       |                         [01;35m[K~~~~~~~~~~~~~~~~~~~~~~~~~^~~~~[m[K
[2.962s] [100%] [32m[1mLinking CXX executable node[0m
[3.083s] [100%] Built target node
[3.092s] Invoked command in '/root/workspace/build/drone' returned '0': CMAKE_PREFIX_PATH=${CMAKE_PREFIX_PATH}:/opt/ros/foxy /usr/bin/cmake --build /root/workspace/build/drone -- -j20 -l20
[3.120s] Invoking command in '/root/workspace/build/drone': CMAKE_PREFIX_PATH=${CMAKE_PREFIX_PATH}:/opt/ros/foxy /usr/bin/cmake --install /root/workspace/build/drone
[3.125s] -- Install configuration: ""
[3.125s] -- Installing: /root/workspace/install/drone/lib/drone/node
[3.125s] -- Set runtime path of "/root/workspace/install/drone/lib/drone/node" to ""
[3.126s] -- Up-to-date: /root/workspace/install/drone/share/ament_index/resource_index/package_run_dependencies/drone
[3.126s] -- Up-to-date: /root/workspace/install/drone/share/ament_index/resource_index/parent_prefix_path/drone
[3.126s] -- Up-to-date: /root/workspace/install/drone/share/drone/environment/ament_prefix_path.sh
[3.126s] -- Up-to-date: /root/workspace/install/drone/share/drone/environment/ament_prefix_path.dsv
[3.126s] -- Up-to-date: /root/workspace/install/drone/share/drone/environment/path.sh
[3.126s] -- Up-to-date: /root/workspace/install/drone/share/drone/environment/path.dsv
[3.126s] -- Up-to-date: /root/workspace/install/drone/share/drone/local_setup.bash
[3.126s] -- Up-to-date: /root/workspace/install/drone/share/drone/local_setup.sh
[3.126s] -- Up-to-date: /root/workspace/install/drone/share/drone/local_setup.zsh
[3.126s] -- Up-to-date: /root/workspace/install/drone/share/drone/local_setup.dsv
[3.126s] -- Installing: /root/workspace/install/drone/share/drone/package.dsv
[3.126s] -- Up-to-date: /root/workspace/install/drone/share/ament_index/resource_index/packages/drone
[3.126s] -- Up-to-date: /root/workspace/install/drone/share/drone/cmake/droneConfig.cmake
[3.126s] -- Up-to-date: /root/workspace/install/drone/share/drone/cmake/droneConfig-version.cmake
[3.126s] -- Up-to-date: /root/workspace/install/drone/share/drone/package.xml
[3.127s] Invoked command in '/root/workspace/build/drone' returned '0': CMAKE_PREFIX_PATH=${CMAKE_PREFIX_PATH}:/opt/ros/foxy /usr/bin/cmake --install /root/workspace/build/drone
